[0.060s] Invoking command in '/home/ubuntu/robot_ws_data/build/kitti_image_publisher': CMAKE_PREFIX_PATH=${CMAKE_PREFIX_PATH}:/opt/ros/jazzy CONDA_PROMPT_MODIFIER=(base) DEBUGINFOD_URLS=https://debuginfod.ubuntu.com /usr/bin/cmake /home/ubuntu/robot_ws_data/src/kitti_image_publisher -DCMAKE_EXPORT_COMPILE_COMMANDS=ON -DCMAKE_INSTALL_PREFIX=/home/ubuntu/robot_ws_data/install/kitti_image_publisher
[0.103s] -- Found ament_cmake: 2.5.5 (/opt/ros/jazzy/share/ament_cmake/cmake)
[0.430s] -- Override CMake install command with custom implementation using symlinks instead of copying resources
[0.460s] -- Found rclcpp: 28.1.16 (/opt/ros/jazzy/share/rclcpp/cmake)
[0.519s] -- Found rosidl_generator_c: 4.6.7 (/opt/ros/jazzy/share/rosidl_generator_c/cmake)
[0.547s] -- Found rosidl_generator_cpp: 4.6.7 (/opt/ros/jazzy/share/rosidl_generator_cpp/cmake)
[0.578s] -- Using all available rosidl_typesupport_c: rosidl_typesupport_fastrtps_c;rosidl_typesupport_introspection_c
[0.599s] -- Using all available rosidl_typesupport_cpp: rosidl_typesupport_fastrtps_cpp;rosidl_typesupport_introspection_cpp
[0.696s] -- Found rmw_implementation_cmake: 7.3.3 (/opt/ros/jazzy/share/rmw_implementation_cmake/cmake)
[0.698s] -- Found rmw_fastrtps_cpp: 8.4.3 (/opt/ros/jazzy/share/rmw_fastrtps_cpp/cmake)
[0.808s] -- Using RMW implementation 'rmw_fastrtps_cpp' as default
[0.924s] -- Found sensor_msgs: 5.3.6 (/opt/ros/jazzy/share/sensor_msgs/cmake)
[1.040s] -- Found cv_bridge: 4.1.0 (/opt/ros/jazzy/share/cv_bridge/cmake)
[1.216s] -- Configuring done (1.1s)
[1.286s] -- Generating done (0.0s)
[1.313s] -- Build files have been written to: /home/ubuntu/robot_ws_data/build/kitti_image_publisher
[1.331s] Invoked command in '/home/ubuntu/robot_ws_data/build/kitti_image_publisher' returned '0': CMAKE_PREFIX_PATH=${CMAKE_PREFIX_PATH}:/opt/ros/jazzy CONDA_PROMPT_MODIFIER=(base) DEBUGINFOD_URLS=https://debuginfod.ubuntu.com /usr/bin/cmake /home/ubuntu/robot_ws_data/src/kitti_image_publisher -DCMAKE_EXPORT_COMPILE_COMMANDS=ON -DCMAKE_INSTALL_PREFIX=/home/ubuntu/robot_ws_data/install/kitti_image_publisher
[1.335s] Invoking command in '/home/ubuntu/robot_ws_data/build/kitti_image_publisher': CMAKE_PREFIX_PATH=${CMAKE_PREFIX_PATH}:/opt/ros/jazzy CONDA_PROMPT_MODIFIER=(base) DEBUGINFOD_URLS=https://debuginfod.ubuntu.com /usr/bin/cmake --build /home/ubuntu/robot_ws_data/build/kitti_image_publisher -- -j28 -l28
[1.622s] [100%] Built target kitti_image_publisher_node
[1.640s] Invoked command in '/home/ubuntu/robot_ws_data/build/kitti_image_publisher' returned '0': CMAKE_PREFIX_PATH=${CMAKE_PREFIX_PATH}:/opt/ros/jazzy CONDA_PROMPT_MODIFIER=(base) DEBUGINFOD_URLS=https://debuginfod.ubuntu.com /usr/bin/cmake --build /home/ubuntu/robot_ws_data/build/kitti_image_publisher -- -j28 -l28
[1.644s] Invoking command in '/home/ubuntu/robot_ws_data/build/kitti_image_publisher': CMAKE_PREFIX_PATH=${CMAKE_PREFIX_PATH}:/opt/ros/jazzy CONDA_PROMPT_MODIFIER=(base) DEBUGINFOD_URLS=https://debuginfod.ubuntu.com /usr/bin/cmake --install /home/ubuntu/robot_ws_data/build/kitti_image_publisher
[1.666s] -- Install configuration: ""
[1.667s] -- Execute custom install script
[1.669s] -- Up-to-date symlink: /home/ubuntu/robot_ws_data/install/kitti_image_publisher/lib/kitti_image_publisher/kitti_image_publisher_node
[1.670s] -- Up-to-date symlink: /home/ubuntu/robot_ws_data/install/kitti_image_publisher/share/ament_index/resource_index/package_run_dependencies/kitti_image_publisher
[1.671s] -- Up-to-date symlink: /home/ubuntu/robot_ws_data/install/kitti_image_publisher/share/ament_index/resource_index/parent_prefix_path/kitti_image_publisher
[1.672s] -- Up-to-date symlink: /home/ubuntu/robot_ws_data/install/kitti_image_publisher/share/kitti_image_publisher/environment/ament_prefix_path.sh
[1.673s] -- Up-to-date symlink: /home/ubuntu/robot_ws_data/install/kitti_image_publisher/share/kitti_image_publisher/environment/ament_prefix_path.dsv
[1.673s] -- Up-to-date symlink: /home/ubuntu/robot_ws_data/install/kitti_image_publisher/share/kitti_image_publisher/environment/path.sh
[1.674s] -- Up-to-date symlink: /home/ubuntu/robot_ws_data/install/kitti_image_publisher/share/kitti_image_publisher/environment/path.dsv
[1.675s] -- Up-to-date symlink: /home/ubuntu/robot_ws_data/install/kitti_image_publisher/share/kitti_image_publisher/local_setup.bash
[1.676s] -- Up-to-date symlink: /home/ubuntu/robot_ws_data/install/kitti_image_publisher/share/kitti_image_publisher/local_setup.sh
[1.677s] -- Up-to-date symlink: /home/ubuntu/robot_ws_data/install/kitti_image_publisher/share/kitti_image_publisher/local_setup.zsh
[1.678s] -- Up-to-date symlink: /home/ubuntu/robot_ws_data/install/kitti_image_publisher/share/kitti_image_publisher/local_setup.dsv
[1.678s] -- Symlinking: /home/ubuntu/robot_ws_data/install/kitti_image_publisher/share/kitti_image_publisher/package.dsv
[1.692s] -- Up-to-date symlink: /home/ubuntu/robot_ws_data/install/kitti_image_publisher/share/ament_index/resource_index/packages/kitti_image_publisher
[1.693s] -- Up-to-date symlink: /home/ubuntu/robot_ws_data/install/kitti_image_publisher/share/kitti_image_publisher/cmake/kitti_image_publisherConfig.cmake
[1.693s] -- Up-to-date symlink: /home/ubuntu/robot_ws_data/install/kitti_image_publisher/share/kitti_image_publisher/cmake/kitti_image_publisherConfig-version.cmake
[1.694s] -- Up-to-date symlink: /home/ubuntu/robot_ws_data/install/kitti_image_publisher/share/kitti_image_publisher/package.xml
[1.744s] Invoked command in '/home/ubuntu/robot_ws_data/build/kitti_image_publisher' returned '0': CMAKE_PREFIX_PATH=${CMAKE_PREFIX_PATH}:/opt/ros/jazzy CONDA_PROMPT_MODIFIER=(base) DEBUGINFOD_URLS=https://debuginfod.ubuntu.com /usr/bin/cmake --install /home/ubuntu/robot_ws_data/build/kitti_image_publisher
