[0.067s] Invoking command in '/home/ubuntu/robot_ws_data/build/ubicoders_svo': CMAKE_PREFIX_PATH=${CMAKE_PREFIX_PATH}:/opt/ros/jazzy CONDA_PROMPT_MODIFIER=(base) DEBUGINFOD_URLS=https://debuginfod.ubuntu.com /usr/bin/cmake /home/ubuntu/robot_ws_data/src/ubicoders_svo -DCMAKE_EXPORT_COMPILE_COMMANDS=ON -DCMAKE_INSTALL_PREFIX=/home/ubuntu/robot_ws_data/install/ubicoders_svo
[0.098s] -- Found ament_cmake: 2.5.5 (/opt/ros/jazzy/share/ament_cmake/cmake)
[0.418s] -- Override CMake install command with custom implementation using symlinks instead of copying resources
[0.438s] -- Found rclcpp: 28.1.16 (/opt/ros/jazzy/share/rclcpp/cmake)
[0.493s] -- Found rosidl_generator_c: 4.6.7 (/opt/ros/jazzy/share/rosidl_generator_c/cmake)
[0.504s] -- Found rosidl_generator_cpp: 4.6.7 (/opt/ros/jazzy/share/rosidl_generator_cpp/cmake)
[0.534s] -- Using all available rosidl_typesupport_c: rosidl_typesupport_fastrtps_c;rosidl_typesupport_introspection_c
[0.568s] -- Using all available rosidl_typesupport_cpp: rosidl_typesupport_fastrtps_cpp;rosidl_typesupport_introspection_cpp
[0.648s] -- Found rmw_implementation_cmake: 7.3.3 (/opt/ros/jazzy/share/rmw_implementation_cmake/cmake)
[0.650s] -- Found rmw_fastrtps_cpp: 8.4.3 (/opt/ros/jazzy/share/rmw_fastrtps_cpp/cmake)
[0.763s] -- Using RMW implementation 'rmw_fastrtps_cpp' as default
[0.860s] -- Found cv_bridge: 4.1.0 (/opt/ros/jazzy/share/cv_bridge/cmake)
[0.968s] -- Found tf2_eigen: 0.36.19 (/opt/ros/jazzy/share/tf2_eigen/cmake)
[1.108s] -- Found nav_msgs: 5.3.6 (/opt/ros/jazzy/share/nav_msgs/cmake)
[1.148s] -- Found visualization_msgs: 5.3.6 (/opt/ros/jazzy/share/visualization_msgs/cmake)
[1.228s] -- Found ament_lint_auto: 0.17.4 (/opt/ros/jazzy/share/ament_lint_auto/cmake)
[1.374s] -- Configuring done (1.3s)
[1.455s] -- Generating done (0.1s)
[1.473s] -- Build files have been written to: /home/ubuntu/robot_ws_data/build/ubicoders_svo
[1.489s] Invoked command in '/home/ubuntu/robot_ws_data/build/ubicoders_svo' returned '0': CMAKE_PREFIX_PATH=${CMAKE_PREFIX_PATH}:/opt/ros/jazzy CONDA_PROMPT_MODIFIER=(base) DEBUGINFOD_URLS=https://debuginfod.ubuntu.com /usr/bin/cmake /home/ubuntu/robot_ws_data/src/ubicoders_svo -DCMAKE_EXPORT_COMPILE_COMMANDS=ON -DCMAKE_INSTALL_PREFIX=/home/ubuntu/robot_ws_data/install/ubicoders_svo
[1.492s] Invoking command in '/home/ubuntu/robot_ws_data/build/ubicoders_svo': CMAKE_PREFIX_PATH=${CMAKE_PREFIX_PATH}:/opt/ros/jazzy CONDA_PROMPT_MODIFIER=(base) DEBUGINFOD_URLS=https://debuginfod.ubuntu.com /usr/bin/cmake --build /home/ubuntu/robot_ws_data/build/ubicoders_svo -- -j28 -l28
[2.190s] [ 77%] Built target sv_lib
[2.605s] [100%] Built target ubicoders_svo
[2.635s] Invoked command in '/home/ubuntu/robot_ws_data/build/ubicoders_svo' returned '0': CMAKE_PREFIX_PATH=${CMAKE_PREFIX_PATH}:/opt/ros/jazzy CONDA_PROMPT_MODIFIER=(base) DEBUGINFOD_URLS=https://debuginfod.ubuntu.com /usr/bin/cmake --build /home/ubuntu/robot_ws_data/build/ubicoders_svo -- -j28 -l28
[2.643s] Invoking command in '/home/ubuntu/robot_ws_data/build/ubicoders_svo': CMAKE_PREFIX_PATH=${CMAKE_PREFIX_PATH}:/opt/ros/jazzy CONDA_PROMPT_MODIFIER=(base) DEBUGINFOD_URLS=https://debuginfod.ubuntu.com /usr/bin/cmake --install /home/ubuntu/robot_ws_data/build/ubicoders_svo
[2.669s] -- Install configuration: ""
[2.671s] -- Execute custom install script
[2.673s] -- Up-to-date symlink: /home/ubuntu/robot_ws_data/install/ubicoders_svo/lib/ubicoders_svo/ubicoders_svo
[2.676s] -- Up-to-date symlink: /home/ubuntu/robot_ws_data/install/ubicoders_svo/share/ubicoders_svo/launch/slam.launch.py
[2.678s] -- Up-to-date symlink: /home/ubuntu/robot_ws_data/install/ubicoders_svo/share/ament_index/resource_index/package_run_dependencies/ubicoders_svo
[2.679s] -- Up-to-date symlink: /home/ubuntu/robot_ws_data/install/ubicoders_svo/share/ament_index/resource_index/parent_prefix_path/ubicoders_svo
[2.681s] -- Up-to-date symlink: /home/ubuntu/robot_ws_data/install/ubicoders_svo/share/ubicoders_svo/environment/ament_prefix_path.sh
[2.682s] -- Up-to-date symlink: /home/ubuntu/robot_ws_data/install/ubicoders_svo/share/ubicoders_svo/environment/ament_prefix_path.dsv
[2.683s] -- Up-to-date symlink: /home/ubuntu/robot_ws_data/install/ubicoders_svo/share/ubicoders_svo/environment/path.sh
[2.684s] -- Up-to-date symlink: /home/ubuntu/robot_ws_data/install/ubicoders_svo/share/ubicoders_svo/environment/path.dsv
[2.686s] -- Up-to-date symlink: /home/ubuntu/robot_ws_data/install/ubicoders_svo/share/ubicoders_svo/local_setup.bash
[2.687s] -- Up-to-date symlink: /home/ubuntu/robot_ws_data/install/ubicoders_svo/share/ubicoders_svo/local_setup.sh
[2.688s] -- Up-to-date symlink: /home/ubuntu/robot_ws_data/install/ubicoders_svo/share/ubicoders_svo/local_setup.zsh
[2.689s] -- Up-to-date symlink: /home/ubuntu/robot_ws_data/install/ubicoders_svo/share/ubicoders_svo/local_setup.dsv
[2.690s] -- Symlinking: /home/ubuntu/robot_ws_data/install/ubicoders_svo/share/ubicoders_svo/package.dsv
[2.718s] -- Up-to-date symlink: /home/ubuntu/robot_ws_data/install/ubicoders_svo/share/ament_index/resource_index/packages/ubicoders_svo
[2.720s] -- Up-to-date symlink: /home/ubuntu/robot_ws_data/install/ubicoders_svo/share/ubicoders_svo/cmake/ubicoders_svoConfig.cmake
[2.721s] -- Up-to-date symlink: /home/ubuntu/robot_ws_data/install/ubicoders_svo/share/ubicoders_svo/cmake/ubicoders_svoConfig-version.cmake
[2.722s] -- Up-to-date symlink: /home/ubuntu/robot_ws_data/install/ubicoders_svo/share/ubicoders_svo/package.xml
[2.729s] Invoked command in '/home/ubuntu/robot_ws_data/build/ubicoders_svo' returned '0': CMAKE_PREFIX_PATH=${CMAKE_PREFIX_PATH}:/opt/ros/jazzy CONDA_PROMPT_MODIFIER=(base) DEBUGINFOD_URLS=https://debuginfod.ubuntu.com /usr/bin/cmake --install /home/ubuntu/robot_ws_data/build/ubicoders_svo
