[0.048s] Invoking command in '/home/ubuntu/robot_ws_data/build/ubicoders_svo': CMAKE_PREFIX_PATH=${CMAKE_PREFIX_PATH}:/opt/ros/jazzy CONDA_PROMPT_MODIFIER=(base) DEBUGINFOD_URLS=https://debuginfod.ubuntu.com /usr/bin/cmake /home/ubuntu/robot_ws_data/src/ubicoders_svo -DCMAKE_EXPORT_COMPILE_COMMANDS=ON -DCMAKE_INSTALL_PREFIX=/home/ubuntu/robot_ws_data/install/ubicoders_svo
[0.188s] -- The C compiler identification is GNU 13.3.0
[0.347s] -- The CXX compiler identification is GNU 13.3.0
[0.399s] -- Detecting C compiler ABI info
[0.673s] -- Detecting C compiler ABI info - done
[0.706s] -- Check for working C compiler: /usr/bin/cc - skipped
[0.706s] -- Detecting C compile features
[0.707s] -- Detecting C compile features - done
[0.738s] -- Detecting CXX compiler ABI info
[0.999s] -- Detecting CXX compiler ABI info - done
[1.044s] -- Check for working CXX compiler: /usr/bin/c++ - skipped
[1.045s] -- Detecting CXX compile features
[1.046s] -- Detecting CXX compile features - done
[1.062s] -- Found ament_cmake: 2.5.5 (/opt/ros/jazzy/share/ament_cmake/cmake)
[1.324s] -- Found Python3: /miniconda/bin/python3 (found version "3.13.11") found components: Interpreter 
[1.619s] -- Found rclcpp: 28.1.16 (/opt/ros/jazzy/share/rclcpp/cmake)
[1.745s] -- Found rosidl_generator_c: 4.6.7 (/opt/ros/jazzy/share/rosidl_generator_c/cmake)
[1.798s] -- Found rosidl_generator_cpp: 4.6.7 (/opt/ros/jazzy/share/rosidl_generator_cpp/cmake)
[1.857s] -- Using all available rosidl_typesupport_c: rosidl_typesupport_fastrtps_c;rosidl_typesupport_introspection_c
[1.894s] -- Using all available rosidl_typesupport_cpp: rosidl_typesupport_fastrtps_cpp;rosidl_typesupport_introspection_cpp
[2.075s] -- Found rmw_implementation_cmake: 7.3.3 (/opt/ros/jazzy/share/rmw_implementation_cmake/cmake)
[2.085s] -- Found rmw_fastrtps_cpp: 8.4.3 (/opt/ros/jazzy/share/rmw_fastrtps_cpp/cmake)
[2.317s] -- Found OpenSSL: /usr/lib/x86_64-linux-gnu/libcrypto.so (found version "3.0.13")  
[2.347s] -- Found FastRTPS: /opt/ros/jazzy/include (Required is at least version "2.13") 
[2.379s] -- Using RMW implementation 'rmw_fastrtps_cpp' as default
[2.530s] -- Found cv_bridge: 4.1.0 (/opt/ros/jazzy/share/cv_bridge/cmake)
[2.648s] -- Found tf2_eigen: 0.36.19 (/opt/ros/jazzy/share/tf2_eigen/cmake)
[2.964s] -- Found nav_msgs: 5.3.6 (/opt/ros/jazzy/share/nav_msgs/cmake)
[3.048s] -- Found visualization_msgs: 5.3.6 (/opt/ros/jazzy/share/visualization_msgs/cmake)
[3.117s] -- Found OpenGL: /usr/lib/x86_64-linux-gnu/libOpenGL.so   
[3.123s] -- Found OpenCV: /usr (found version "4.6.0") 
[3.151s] -- Found ament_lint_auto: 0.17.4 (/opt/ros/jazzy/share/ament_lint_auto/cmake)
[3.327s] -- Configuring done (3.3s)
[3.414s] -- Generating done (0.1s)
[3.446s] -- Build files have been written to: /home/ubuntu/robot_ws_data/build/ubicoders_svo
[3.472s] Invoked command in '/home/ubuntu/robot_ws_data/build/ubicoders_svo' returned '0': CMAKE_PREFIX_PATH=${CMAKE_PREFIX_PATH}:/opt/ros/jazzy CONDA_PROMPT_MODIFIER=(base) DEBUGINFOD_URLS=https://debuginfod.ubuntu.com /usr/bin/cmake /home/ubuntu/robot_ws_data/src/ubicoders_svo -DCMAKE_EXPORT_COMPILE_COMMANDS=ON -DCMAKE_INSTALL_PREFIX=/home/ubuntu/robot_ws_data/install/ubicoders_svo
[3.474s] Invoking command in '/home/ubuntu/robot_ws_data/build/ubicoders_svo': CMAKE_PREFIX_PATH=${CMAKE_PREFIX_PATH}:/opt/ros/jazzy CONDA_PROMPT_MODIFIER=(base) DEBUGINFOD_URLS=https://debuginfod.ubuntu.com /usr/bin/cmake --build /home/ubuntu/robot_ws_data/build/ubicoders_svo -- -j28 -l28
[3.593s] [ 22%] [32mBuilding CXX object CMakeFiles/sv_lib.dir/src/stereo_geometry.cpp.o[0m
[3.594s] [ 22%] [32mBuilding CXX object CMakeFiles/sv_lib.dir/src/map.cpp.o[0m
[3.594s] [ 33%] [32mBuilding CXX object CMakeFiles/sv_lib.dir/src/backend.cpp.o[0m
[3.599s] [ 44%] [32mBuilding CXX object CMakeFiles/sv_lib.dir/src/frontend.cpp.o[0m
[3.605s] [ 55%] [32mBuilding CXX object CMakeFiles/sv_lib.dir/src/svo_node.cpp.o[0m
[3.605s] [ 66%] [32mBuilding CXX object CMakeFiles/sv_lib.dir/src/viewer.cpp.o[0m
[26.145s] [ 77%] [32m[1mLinking CXX static library libsv_lib.a[0m
[28.322s] [ 77%] Built target sv_lib
[28.388s] [ 88%] [32mBuilding CXX object CMakeFiles/ubicoders_svo.dir/executables/svo_main.cpp.o[0m
[40.700s] [100%] [32m[1mLinking CXX executable ubicoders_svo[0m
[43.471s] [100%] Built target ubicoders_svo
[43.504s] Invoked command in '/home/ubuntu/robot_ws_data/build/ubicoders_svo' returned '0': CMAKE_PREFIX_PATH=${CMAKE_PREFIX_PATH}:/opt/ros/jazzy CONDA_PROMPT_MODIFIER=(base) DEBUGINFOD_URLS=https://debuginfod.ubuntu.com /usr/bin/cmake --build /home/ubuntu/robot_ws_data/build/ubicoders_svo -- -j28 -l28
[43.507s] Invoking command in '/home/ubuntu/robot_ws_data/build/ubicoders_svo': CMAKE_PREFIX_PATH=${CMAKE_PREFIX_PATH}:/opt/ros/jazzy CONDA_PROMPT_MODIFIER=(base) DEBUGINFOD_URLS=https://debuginfod.ubuntu.com /usr/bin/cmake --install /home/ubuntu/robot_ws_data/build/ubicoders_svo
[43.535s] -- Install configuration: ""
[43.536s] -- Up-to-date: /home/ubuntu/robot_ws_data/install/ubicoders_svo/share/ubicoders_svo/launch
[43.541s] -- Installing: /home/ubuntu/robot_ws_data/install/ubicoders_svo/share/ubicoders_svo/package.dsv
[43.551s] Invoked command in '/home/ubuntu/robot_ws_data/build/ubicoders_svo' returned '0': CMAKE_PREFIX_PATH=${CMAKE_PREFIX_PATH}:/opt/ros/jazzy CONDA_PROMPT_MODIFIER=(base) DEBUGINFOD_URLS=https://debuginfod.ubuntu.com /usr/bin/cmake --install /home/ubuntu/robot_ws_data/build/ubicoders_svo
