-- The C compiler identification is GNU 13.3.0
-- The CXX compiler identification is GNU 13.3.0
-- Detecting C compiler ABI info
-- Detecting C compiler ABI info - done
-- Check for working C compiler: /usr/bin/cc - skipped
-- Detecting C compile features
-- Detecting C compile features - done
-- Detecting CXX compiler ABI info
-- Detecting CXX compiler ABI info - done
-- Check for working CXX compiler: /usr/bin/c++ - skipped
-- Detecting CXX compile features
-- Detecting CXX compile features - done
-- Found ament_cmake: 2.5.5 (/opt/ros/jazzy/share/ament_cmake/cmake)
-- Found Python3: /miniconda/bin/python3 (found version "3.13.11") found components: Interpreter 
-- Override CMake install command with custom implementation using symlinks instead of copying resources
-- Found rclcpp: 28.1.16 (/opt/ros/jazzy/share/rclcpp/cmake)
-- Found rosidl_generator_c: 4.6.7 (/opt/ros/jazzy/share/rosidl_generator_c/cmake)
-- Found rosidl_generator_cpp: 4.6.7 (/opt/ros/jazzy/share/rosidl_generator_cpp/cmake)
-- Using all available rosidl_typesupport_c: rosidl_typesupport_fastrtps_c;rosidl_typesupport_introspection_c
-- Using all available rosidl_typesupport_cpp: rosidl_typesupport_fastrtps_cpp;rosidl_typesupport_introspection_cpp
-- Found rmw_implementation_cmake: 7.3.3 (/opt/ros/jazzy/share/rmw_implementation_cmake/cmake)
-- Found rmw_fastrtps_cpp: 8.4.3 (/opt/ros/jazzy/share/rmw_fastrtps_cpp/cmake)
-- Found OpenSSL: /usr/lib/x86_64-linux-gnu/libcrypto.so (found version "3.0.13")  
-- Found FastRTPS: /opt/ros/jazzy/include (Required is at least version "2.13") 
-- Using RMW implementation 'rmw_fastrtps_cpp' as default
-- Found vrobots_ros2_msg: 0.0.0 (/home/ubuntu/robot_ws_vrobots/install/vrobots_ros2_msg/share/vrobots_ros2_msg/cmake)
-- Found sensor_msgs: 5.3.6 (/opt/ros/jazzy/share/sensor_msgs/cmake)
-- Found ament_lint_auto: 0.17.4 (/opt/ros/jazzy/share/ament_lint_auto/cmake)
-- Added test 'cppcheck' to perform static code analysis on C / C++ code
-- Configured cppcheck include dirs: $<BUILD_INTERFACE:/home/ubuntu/robot_ws_vrobots/src/vrobots_ros2_controller/include>
-- Configured cppcheck exclude dirs and/or files: 
-- Added test 'lint_cmake' to check CMake code style
-- Added test 'uncrustify' to check C / C++ code style
-- Configured uncrustify additional arguments: 
-- Added test 'xmllint' to check XML markup files
-- Configuring done (2.8s)
-- Generating done (0.0s)
-- Build files have been written to: /home/ubuntu/robot_ws_vrobots/build/vrobots_ros2_controller
[ 50%] [32mBuilding CXX object CMakeFiles/controller_node.dir/src/controller_node.cpp.o[0m
[100%] [32m[1mLinking CXX executable controller_node[0m
[100%] Built target controller_node
-- Install configuration: ""
-- Execute custom install script
-- Symlinking: /home/ubuntu/robot_ws_vrobots/install/vrobots_ros2_controller/lib/vrobots_ros2_controller/controller_node
-- Symlinking: /home/ubuntu/robot_ws_vrobots/install/vrobots_ros2_controller/share/ament_index/resource_index/package_run_dependencies/vrobots_ros2_controller
-- Symlinking: /home/ubuntu/robot_ws_vrobots/install/vrobots_ros2_controller/share/ament_index/resource_index/parent_prefix_path/vrobots_ros2_controller
-- Symlinking: /home/ubuntu/robot_ws_vrobots/install/vrobots_ros2_controller/share/vrobots_ros2_controller/environment/ament_prefix_path.sh
-- Symlinking: /home/ubuntu/robot_ws_vrobots/install/vrobots_ros2_controller/share/vrobots_ros2_controller/environment/ament_prefix_path.dsv
-- Symlinking: /home/ubuntu/robot_ws_vrobots/install/vrobots_ros2_controller/share/vrobots_ros2_controller/environment/path.sh
-- Symlinking: /home/ubuntu/robot_ws_vrobots/install/vrobots_ros2_controller/share/vrobots_ros2_controller/environment/path.dsv
-- Symlinking: /home/ubuntu/robot_ws_vrobots/install/vrobots_ros2_controller/share/vrobots_ros2_controller/local_setup.bash
-- Symlinking: /home/ubuntu/robot_ws_vrobots/install/vrobots_ros2_controller/share/vrobots_ros2_controller/local_setup.sh
-- Symlinking: /home/ubuntu/robot_ws_vrobots/install/vrobots_ros2_controller/share/vrobots_ros2_controller/local_setup.zsh
-- Symlinking: /home/ubuntu/robot_ws_vrobots/install/vrobots_ros2_controller/share/vrobots_ros2_controller/local_setup.dsv
-- Symlinking: /home/ubuntu/robot_ws_vrobots/install/vrobots_ros2_controller/share/vrobots_ros2_controller/package.dsv
-- Symlinking: /home/ubuntu/robot_ws_vrobots/install/vrobots_ros2_controller/share/ament_index/resource_index/packages/vrobots_ros2_controller
-- Symlinking: /home/ubuntu/robot_ws_vrobots/install/vrobots_ros2_controller/share/vrobots_ros2_controller/cmake/vrobots_ros2_controllerConfig.cmake
-- Symlinking: /home/ubuntu/robot_ws_vrobots/install/vrobots_ros2_controller/share/vrobots_ros2_controller/cmake/vrobots_ros2_controllerConfig-version.cmake
-- Symlinking: /home/ubuntu/robot_ws_vrobots/install/vrobots_ros2_controller/share/vrobots_ros2_controller/package.xml
