[0.023s] Invoking command in '/home/ubuntu/robot_ws_vrobots/build/vrobots_ros2_controller': AMENT_PREFIX_PATH=/home/ubuntu/robot_ws_vrobots/install/vrobots_ros2_msg:${AMENT_PREFIX_PATH} CMAKE_PREFIX_PATH=/home/ubuntu/robot_ws_vrobots/install/vrobots_ros2_msg:/opt/ros/jazzy/opt/gz_sim_vendor:/opt/ros/jazzy/opt/gz_sensors_vendor:/opt/ros/jazzy/opt/gz_physics_vendor:/opt/ros/jazzy/opt/sdformat_vendor:/opt/ros/jazzy/opt/gz_gui_vendor:/opt/ros/jazzy/opt/gz_transport_vendor:/opt/ros/jazzy/opt/gz_rendering_vendor:/opt/ros/jazzy/opt/gz_plugin_vendor:/opt/ros/jazzy/opt/gz_fuel_tools_vendor:/opt/ros/jazzy/opt/gz_msgs_vendor:/opt/ros/jazzy/opt/gz_common_vendor:/opt/ros/jazzy/opt/gz_math_vendor:/opt/ros/jazzy/opt/gz_utils_vendor:/opt/ros/jazzy/opt/gz_tools_vendor:/opt/ros/jazzy/opt/gz_ogre_next_vendor:/opt/ros/jazzy/opt/gz_dartsim_vendor:/opt/ros/jazzy/opt/gz_cmake_vendor:/opt/ros/jazzy CONDA_PROMPT_MODIFIER=(base) DEBUGINFOD_URLS=https://debuginfod.ubuntu.com LD_LIBRARY_PATH=/home/ubuntu/robot_ws_vrobots/install/vrobots_ros2_msg/lib:${LD_LIBRARY_PATH} PYTHONPATH=/home/ubuntu/robot_ws_vrobots/install/vrobots_ros2_msg/lib/python3.13/site-packages:${PYTHONPATH} /usr/bin/cmake /home/ubuntu/robot_ws_vrobots/src/vrobots_ros2_controller -DCMAKE_EXPORT_COMPILE_COMMANDS=ON -DAMENT_CMAKE_SYMLINK_INSTALL=1 -DCMAKE_INSTALL_PREFIX=/home/ubuntu/robot_ws_vrobots/install/vrobots_ros2_controller
[0.141s] -- The C compiler identification is GNU 13.3.0
[0.237s] -- The CXX compiler identification is GNU 13.3.0
[0.280s] -- Detecting C compiler ABI info
[0.476s] -- Detecting C compiler ABI info - done
[0.501s] -- Check for working C compiler: /usr/bin/cc - skipped
[0.502s] -- Detecting C compile features
[0.503s] -- Detecting C compile features - done
[0.524s] -- Detecting CXX compiler ABI info
[0.737s] -- Detecting CXX compiler ABI info - done
[0.763s] -- Check for working CXX compiler: /usr/bin/c++ - skipped
[0.763s] -- Detecting CXX compile features
[0.765s] -- Detecting CXX compile features - done
[0.779s] -- Found ament_cmake: 2.5.5 (/opt/ros/jazzy/share/ament_cmake/cmake)
[0.979s] -- Found Python3: /miniconda/bin/python3 (found version "3.13.11") found components: Interpreter 
[1.099s] -- Override CMake install command with custom implementation using symlinks instead of copying resources
[1.285s] -- Found rclcpp: 28.1.16 (/opt/ros/jazzy/share/rclcpp/cmake)
[1.472s] -- Found rosidl_generator_c: 4.6.7 (/opt/ros/jazzy/share/rosidl_generator_c/cmake)
[1.511s] -- Found rosidl_generator_cpp: 4.6.7 (/opt/ros/jazzy/share/rosidl_generator_cpp/cmake)
[1.572s] -- Using all available rosidl_typesupport_c: rosidl_typesupport_fastrtps_c;rosidl_typesupport_introspection_c
[1.615s] -- Using all available rosidl_typesupport_cpp: rosidl_typesupport_fastrtps_cpp;rosidl_typesupport_introspection_cpp
[1.811s] -- Found rmw_implementation_cmake: 7.3.3 (/opt/ros/jazzy/share/rmw_implementation_cmake/cmake)
[1.825s] -- Found rmw_fastrtps_cpp: 8.4.3 (/opt/ros/jazzy/share/rmw_fastrtps_cpp/cmake)
[2.078s] -- Found OpenSSL: /usr/lib/x86_64-linux-gnu/libcrypto.so (found version "3.0.13")  
[2.127s] -- Found FastRTPS: /opt/ros/jazzy/include (Required is at least version "2.13") 
[2.169s] -- Using RMW implementation 'rmw_fastrtps_cpp' as default
[2.356s] -- Found vrobots_ros2_msg: 0.0.0 (/home/ubuntu/robot_ws_vrobots/install/vrobots_ros2_msg/share/vrobots_ros2_msg/cmake)
[2.478s] -- Found sensor_msgs: 5.3.6 (/opt/ros/jazzy/share/sensor_msgs/cmake)
[2.532s] -- Found ament_lint_auto: 0.17.4 (/opt/ros/jazzy/share/ament_lint_auto/cmake)
[2.766s] -- Added test 'cppcheck' to perform static code analysis on C / C++ code
[2.767s] -- Configured cppcheck include dirs: $<BUILD_INTERFACE:/home/ubuntu/robot_ws_vrobots/src/vrobots_ros2_controller/include>
[2.767s] -- Configured cppcheck exclude dirs and/or files: 
[2.775s] -- Added test 'lint_cmake' to check CMake code style
[2.788s] -- Added test 'uncrustify' to check C / C++ code style
[2.788s] -- Configured uncrustify additional arguments: 
[2.790s] -- Added test 'xmllint' to check XML markup files
[2.821s] -- Configuring done (2.8s)
[2.893s] -- Generating done (0.0s)
[2.919s] -- Build files have been written to: /home/ubuntu/robot_ws_vrobots/build/vrobots_ros2_controller
[2.948s] Invoked command in '/home/ubuntu/robot_ws_vrobots/build/vrobots_ros2_controller' returned '0': AMENT_PREFIX_PATH=/home/ubuntu/robot_ws_vrobots/install/vrobots_ros2_msg:${AMENT_PREFIX_PATH} CMAKE_PREFIX_PATH=/home/ubuntu/robot_ws_vrobots/install/vrobots_ros2_msg:/opt/ros/jazzy/opt/gz_sim_vendor:/opt/ros/jazzy/opt/gz_sensors_vendor:/opt/ros/jazzy/opt/gz_physics_vendor:/opt/ros/jazzy/opt/sdformat_vendor:/opt/ros/jazzy/opt/gz_gui_vendor:/opt/ros/jazzy/opt/gz_transport_vendor:/opt/ros/jazzy/opt/gz_rendering_vendor:/opt/ros/jazzy/opt/gz_plugin_vendor:/opt/ros/jazzy/opt/gz_fuel_tools_vendor:/opt/ros/jazzy/opt/gz_msgs_vendor:/opt/ros/jazzy/opt/gz_common_vendor:/opt/ros/jazzy/opt/gz_math_vendor:/opt/ros/jazzy/opt/gz_utils_vendor:/opt/ros/jazzy/opt/gz_tools_vendor:/opt/ros/jazzy/opt/gz_ogre_next_vendor:/opt/ros/jazzy/opt/gz_dartsim_vendor:/opt/ros/jazzy/opt/gz_cmake_vendor:/opt/ros/jazzy CONDA_PROMPT_MODIFIER=(base) DEBUGINFOD_URLS=https://debuginfod.ubuntu.com LD_LIBRARY_PATH=/home/ubuntu/robot_ws_vrobots/install/vrobots_ros2_msg/lib:${LD_LIBRARY_PATH} PYTHONPATH=/home/ubuntu/robot_ws_vrobots/install/vrobots_ros2_msg/lib/python3.13/site-packages:${PYTHONPATH} /usr/bin/cmake /home/ubuntu/robot_ws_vrobots/src/vrobots_ros2_controller -DCMAKE_EXPORT_COMPILE_COMMANDS=ON -DAMENT_CMAKE_SYMLINK_INSTALL=1 -DCMAKE_INSTALL_PREFIX=/home/ubuntu/robot_ws_vrobots/install/vrobots_ros2_controller
[2.951s] Invoking command in '/home/ubuntu/robot_ws_vrobots/build/vrobots_ros2_controller': AMENT_PREFIX_PATH=/home/ubuntu/robot_ws_vrobots/install/vrobots_ros2_msg:${AMENT_PREFIX_PATH} CMAKE_PREFIX_PATH=/home/ubuntu/robot_ws_vrobots/install/vrobots_ros2_msg:/opt/ros/jazzy/opt/gz_sim_vendor:/opt/ros/jazzy/opt/gz_sensors_vendor:/opt/ros/jazzy/opt/gz_physics_vendor:/opt/ros/jazzy/opt/sdformat_vendor:/opt/ros/jazzy/opt/gz_gui_vendor:/opt/ros/jazzy/opt/gz_transport_vendor:/opt/ros/jazzy/opt/gz_rendering_vendor:/opt/ros/jazzy/opt/gz_plugin_vendor:/opt/ros/jazzy/opt/gz_fuel_tools_vendor:/opt/ros/jazzy/opt/gz_msgs_vendor:/opt/ros/jazzy/opt/gz_common_vendor:/opt/ros/jazzy/opt/gz_math_vendor:/opt/ros/jazzy/opt/gz_utils_vendor:/opt/ros/jazzy/opt/gz_tools_vendor:/opt/ros/jazzy/opt/gz_ogre_next_vendor:/opt/ros/jazzy/opt/gz_dartsim_vendor:/opt/ros/jazzy/opt/gz_cmake_vendor:/opt/ros/jazzy CONDA_PROMPT_MODIFIER=(base) DEBUGINFOD_URLS=https://debuginfod.ubuntu.com LD_LIBRARY_PATH=/home/ubuntu/robot_ws_vrobots/install/vrobots_ros2_msg/lib:${LD_LIBRARY_PATH} PYTHONPATH=/home/ubuntu/robot_ws_vrobots/install/vrobots_ros2_msg/lib/python3.13/site-packages:${PYTHONPATH} /usr/bin/cmake --build /home/ubuntu/robot_ws_vrobots/build/vrobots_ros2_controller -- -j28 -l28
[3.109s] [ 50%] [32mBuilding CXX object CMakeFiles/controller_node.dir/src/controller_node.cpp.o[0m
[16.027s] [100%] [32m[1mLinking CXX executable controller_node[0m
[17.588s] [100%] Built target controller_node
[17.620s] Invoked command in '/home/ubuntu/robot_ws_vrobots/build/vrobots_ros2_controller' returned '0': AMENT_PREFIX_PATH=/home/ubuntu/robot_ws_vrobots/install/vrobots_ros2_msg:${AMENT_PREFIX_PATH} CMAKE_PREFIX_PATH=/home/ubuntu/robot_ws_vrobots/install/vrobots_ros2_msg:/opt/ros/jazzy/opt/gz_sim_vendor:/opt/ros/jazzy/opt/gz_sensors_vendor:/opt/ros/jazzy/opt/gz_physics_vendor:/opt/ros/jazzy/opt/sdformat_vendor:/opt/ros/jazzy/opt/gz_gui_vendor:/opt/ros/jazzy/opt/gz_transport_vendor:/opt/ros/jazzy/opt/gz_rendering_vendor:/opt/ros/jazzy/opt/gz_plugin_vendor:/opt/ros/jazzy/opt/gz_fuel_tools_vendor:/opt/ros/jazzy/opt/gz_msgs_vendor:/opt/ros/jazzy/opt/gz_common_vendor:/opt/ros/jazzy/opt/gz_math_vendor:/opt/ros/jazzy/opt/gz_utils_vendor:/opt/ros/jazzy/opt/gz_tools_vendor:/opt/ros/jazzy/opt/gz_ogre_next_vendor:/opt/ros/jazzy/opt/gz_dartsim_vendor:/opt/ros/jazzy/opt/gz_cmake_vendor:/opt/ros/jazzy CONDA_PROMPT_MODIFIER=(base) DEBUGINFOD_URLS=https://debuginfod.ubuntu.com LD_LIBRARY_PATH=/home/ubuntu/robot_ws_vrobots/install/vrobots_ros2_msg/lib:${LD_LIBRARY_PATH} PYTHONPATH=/home/ubuntu/robot_ws_vrobots/install/vrobots_ros2_msg/lib/python3.13/site-packages:${PYTHONPATH} /usr/bin/cmake --build /home/ubuntu/robot_ws_vrobots/build/vrobots_ros2_controller -- -j28 -l28
[17.623s] Invoking command in '/home/ubuntu/robot_ws_vrobots/build/vrobots_ros2_controller': AMENT_PREFIX_PATH=/home/ubuntu/robot_ws_vrobots/install/vrobots_ros2_msg:${AMENT_PREFIX_PATH} CMAKE_PREFIX_PATH=/home/ubuntu/robot_ws_vrobots/install/vrobots_ros2_msg:/opt/ros/jazzy/opt/gz_sim_vendor:/opt/ros/jazzy/opt/gz_sensors_vendor:/opt/ros/jazzy/opt/gz_physics_vendor:/opt/ros/jazzy/opt/sdformat_vendor:/opt/ros/jazzy/opt/gz_gui_vendor:/opt/ros/jazzy/opt/gz_transport_vendor:/opt/ros/jazzy/opt/gz_rendering_vendor:/opt/ros/jazzy/opt/gz_plugin_vendor:/opt/ros/jazzy/opt/gz_fuel_tools_vendor:/opt/ros/jazzy/opt/gz_msgs_vendor:/opt/ros/jazzy/opt/gz_common_vendor:/opt/ros/jazzy/opt/gz_math_vendor:/opt/ros/jazzy/opt/gz_utils_vendor:/opt/ros/jazzy/opt/gz_tools_vendor:/opt/ros/jazzy/opt/gz_ogre_next_vendor:/opt/ros/jazzy/opt/gz_dartsim_vendor:/opt/ros/jazzy/opt/gz_cmake_vendor:/opt/ros/jazzy CONDA_PROMPT_MODIFIER=(base) DEBUGINFOD_URLS=https://debuginfod.ubuntu.com LD_LIBRARY_PATH=/home/ubuntu/robot_ws_vrobots/install/vrobots_ros2_msg/lib:${LD_LIBRARY_PATH} PYTHONPATH=/home/ubuntu/robot_ws_vrobots/install/vrobots_ros2_msg/lib/python3.13/site-packages:${PYTHONPATH} /usr/bin/cmake --install /home/ubuntu/robot_ws_vrobots/build/vrobots_ros2_controller
[17.642s] -- Install configuration: ""
[17.643s] -- Execute custom install script
[17.644s] -- Symlinking: /home/ubuntu/robot_ws_vrobots/install/vrobots_ros2_controller/lib/vrobots_ros2_controller/controller_node
[17.683s] -- Symlinking: /home/ubuntu/robot_ws_vrobots/install/vrobots_ros2_controller/share/ament_index/resource_index/package_run_dependencies/vrobots_ros2_controller
[17.717s] -- Symlinking: /home/ubuntu/robot_ws_vrobots/install/vrobots_ros2_controller/share/ament_index/resource_index/parent_prefix_path/vrobots_ros2_controller
[17.740s] -- Symlinking: /home/ubuntu/robot_ws_vrobots/install/vrobots_ros2_controller/share/vrobots_ros2_controller/environment/ament_prefix_path.sh
[17.764s] -- Symlinking: /home/ubuntu/robot_ws_vrobots/install/vrobots_ros2_controller/share/vrobots_ros2_controller/environment/ament_prefix_path.dsv
[17.795s] -- Symlinking: /home/ubuntu/robot_ws_vrobots/install/vrobots_ros2_controller/share/vrobots_ros2_controller/environment/path.sh
[17.820s] -- Symlinking: /home/ubuntu/robot_ws_vrobots/install/vrobots_ros2_controller/share/vrobots_ros2_controller/environment/path.dsv
[17.836s] -- Symlinking: /home/ubuntu/robot_ws_vrobots/install/vrobots_ros2_controller/share/vrobots_ros2_controller/local_setup.bash
[17.856s] -- Symlinking: /home/ubuntu/robot_ws_vrobots/install/vrobots_ros2_controller/share/vrobots_ros2_controller/local_setup.sh
[17.883s] -- Symlinking: /home/ubuntu/robot_ws_vrobots/install/vrobots_ros2_controller/share/vrobots_ros2_controller/local_setup.zsh
[17.915s] -- Symlinking: /home/ubuntu/robot_ws_vrobots/install/vrobots_ros2_controller/share/vrobots_ros2_controller/local_setup.dsv
[17.953s] -- Symlinking: /home/ubuntu/robot_ws_vrobots/install/vrobots_ros2_controller/share/vrobots_ros2_controller/package.dsv
[17.983s] -- Symlinking: /home/ubuntu/robot_ws_vrobots/install/vrobots_ros2_controller/share/ament_index/resource_index/packages/vrobots_ros2_controller
[18.006s] -- Symlinking: /home/ubuntu/robot_ws_vrobots/install/vrobots_ros2_controller/share/vrobots_ros2_controller/cmake/vrobots_ros2_controllerConfig.cmake
[18.023s] -- Symlinking: /home/ubuntu/robot_ws_vrobots/install/vrobots_ros2_controller/share/vrobots_ros2_controller/cmake/vrobots_ros2_controllerConfig-version.cmake
[18.041s] -- Symlinking: /home/ubuntu/robot_ws_vrobots/install/vrobots_ros2_controller/share/vrobots_ros2_controller/package.xml
[18.075s] Invoked command in '/home/ubuntu/robot_ws_vrobots/build/vrobots_ros2_controller' returned '0': AMENT_PREFIX_PATH=/home/ubuntu/robot_ws_vrobots/install/vrobots_ros2_msg:${AMENT_PREFIX_PATH} CMAKE_PREFIX_PATH=/home/ubuntu/robot_ws_vrobots/install/vrobots_ros2_msg:/opt/ros/jazzy/opt/gz_sim_vendor:/opt/ros/jazzy/opt/gz_sensors_vendor:/opt/ros/jazzy/opt/gz_physics_vendor:/opt/ros/jazzy/opt/sdformat_vendor:/opt/ros/jazzy/opt/gz_gui_vendor:/opt/ros/jazzy/opt/gz_transport_vendor:/opt/ros/jazzy/opt/gz_rendering_vendor:/opt/ros/jazzy/opt/gz_plugin_vendor:/opt/ros/jazzy/opt/gz_fuel_tools_vendor:/opt/ros/jazzy/opt/gz_msgs_vendor:/opt/ros/jazzy/opt/gz_common_vendor:/opt/ros/jazzy/opt/gz_math_vendor:/opt/ros/jazzy/opt/gz_utils_vendor:/opt/ros/jazzy/opt/gz_tools_vendor:/opt/ros/jazzy/opt/gz_ogre_next_vendor:/opt/ros/jazzy/opt/gz_dartsim_vendor:/opt/ros/jazzy/opt/gz_cmake_vendor:/opt/ros/jazzy CONDA_PROMPT_MODIFIER=(base) DEBUGINFOD_URLS=https://debuginfod.ubuntu.com LD_LIBRARY_PATH=/home/ubuntu/robot_ws_vrobots/install/vrobots_ros2_msg/lib:${LD_LIBRARY_PATH} PYTHONPATH=/home/ubuntu/robot_ws_vrobots/install/vrobots_ros2_msg/lib/python3.13/site-packages:${PYTHONPATH} /usr/bin/cmake --install /home/ubuntu/robot_ws_vrobots/build/vrobots_ros2_controller
