-- Found ament_cmake: 2.5.5 (/opt/ros/jazzy/share/ament_cmake/cmake)
-- Override CMake install command with custom implementation using symlinks instead of copying resources
-- Found rclcpp: 28.1.16 (/opt/ros/jazzy/share/rclcpp/cmake)
-- Found rosidl_generator_c: 4.6.7 (/opt/ros/jazzy/share/rosidl_generator_c/cmake)
-- Found rosidl_generator_cpp: 4.6.7 (/opt/ros/jazzy/share/rosidl_generator_cpp/cmake)
-- Using all available rosidl_typesupport_c: rosidl_typesupport_fastrtps_c;rosidl_typesupport_introspection_c
-- Using all available rosidl_typesupport_cpp: rosidl_typesupport_fastrtps_cpp;rosidl_typesupport_introspection_cpp
-- Found rmw_implementation_cmake: 7.3.3 (/opt/ros/jazzy/share/rmw_implementation_cmake/cmake)
-- Found rmw_fastrtps_cpp: 8.4.3 (/opt/ros/jazzy/share/rmw_fastrtps_cpp/cmake)
-- Using RMW implementation 'rmw_fastrtps_cpp' as default
-- Found sensor_msgs: 5.3.6 (/opt/ros/jazzy/share/sensor_msgs/cmake)
-- Found cv_bridge: 4.1.0 (/opt/ros/jazzy/share/cv_bridge/cmake)
-- Found image_transport: 5.1.7 (/opt/ros/jazzy/share/image_transport/cmake)
-- Found ament_lint_auto: 0.17.4 (/opt/ros/jazzy/share/ament_lint_auto/cmake)
-- Added test 'copyright' to check source files copyright and LICENSE
-- Added test 'cppcheck' to perform static code analysis on C / C++ code
-- Configured cppcheck include dirs: $<BUILD_INTERFACE:/home/ubuntu/robot_ws_data/src/euroc_image_publisher/include>
-- Configured cppcheck exclude dirs and/or files: 
-- Added test 'cpplint' to check C / C++ code against the Google style
-- Configured cpplint exclude dirs and/or files: 
-- Added test 'lint_cmake' to check CMake code style
-- Added test 'uncrustify' to check C / C++ code style
-- Configured uncrustify additional arguments: 
-- Added test 'xmllint' to check XML markup files
-- Configuring done (1.2s)
-- Generating done (0.0s)
-- Build files have been written to: /home/ubuntu/robot_ws_data/build/euroc_image_publisher
[100%] Built target euroc_image_publisher_node
-- Install configuration: ""
-- Execute custom install script
-- Up-to-date symlink: /home/ubuntu/robot_ws_data/install/euroc_image_publisher/lib/euroc_image_publisher/euroc_image_publisher_node
-- Up-to-date symlink: /home/ubuntu/robot_ws_data/install/euroc_image_publisher/share/ament_index/resource_index/package_run_dependencies/euroc_image_publisher
-- Up-to-date symlink: /home/ubuntu/robot_ws_data/install/euroc_image_publisher/share/ament_index/resource_index/parent_prefix_path/euroc_image_publisher
-- Up-to-date symlink: /home/ubuntu/robot_ws_data/install/euroc_image_publisher/share/euroc_image_publisher/environment/ament_prefix_path.sh
-- Up-to-date symlink: /home/ubuntu/robot_ws_data/install/euroc_image_publisher/share/euroc_image_publisher/environment/ament_prefix_path.dsv
-- Up-to-date symlink: /home/ubuntu/robot_ws_data/install/euroc_image_publisher/share/euroc_image_publisher/environment/path.sh
-- Up-to-date symlink: /home/ubuntu/robot_ws_data/install/euroc_image_publisher/share/euroc_image_publisher/environment/path.dsv
-- Up-to-date symlink: /home/ubuntu/robot_ws_data/install/euroc_image_publisher/share/euroc_image_publisher/local_setup.bash
-- Up-to-date symlink: /home/ubuntu/robot_ws_data/install/euroc_image_publisher/share/euroc_image_publisher/local_setup.sh
-- Up-to-date symlink: /home/ubuntu/robot_ws_data/install/euroc_image_publisher/share/euroc_image_publisher/local_setup.zsh
-- Up-to-date symlink: /home/ubuntu/robot_ws_data/install/euroc_image_publisher/share/euroc_image_publisher/local_setup.dsv
-- Symlinking: /home/ubuntu/robot_ws_data/install/euroc_image_publisher/share/euroc_image_publisher/package.dsv
-- Up-to-date symlink: /home/ubuntu/robot_ws_data/install/euroc_image_publisher/share/ament_index/resource_index/packages/euroc_image_publisher
-- Up-to-date symlink: /home/ubuntu/robot_ws_data/install/euroc_image_publisher/share/euroc_image_publisher/cmake/euroc_image_publisherConfig.cmake
-- Up-to-date symlink: /home/ubuntu/robot_ws_data/install/euroc_image_publisher/share/euroc_image_publisher/cmake/euroc_image_publisherConfig-version.cmake
-- Up-to-date symlink: /home/ubuntu/robot_ws_data/install/euroc_image_publisher/share/euroc_image_publisher/package.xml
