-- Found ament_cmake: 2.5.5 (/opt/ros/jazzy/share/ament_cmake/cmake)
-- Found rclcpp: 28.1.16 (/opt/ros/jazzy/share/rclcpp/cmake)
-- Found rosidl_generator_c: 4.6.7 (/opt/ros/jazzy/share/rosidl_generator_c/cmake)
-- Found rosidl_generator_cpp: 4.6.7 (/opt/ros/jazzy/share/rosidl_generator_cpp/cmake)
-- Using all available rosidl_typesupport_c: rosidl_typesupport_fastrtps_c;rosidl_typesupport_introspection_c
-- Using all available rosidl_typesupport_cpp: rosidl_typesupport_fastrtps_cpp;rosidl_typesupport_introspection_cpp
-- Found rmw_implementation_cmake: 7.3.3 (/opt/ros/jazzy/share/rmw_implementation_cmake/cmake)
-- Found rmw_fastrtps_cpp: 8.4.3 (/opt/ros/jazzy/share/rmw_fastrtps_cpp/cmake)
-- Using RMW implementation 'rmw_fastrtps_cpp' as default
-- Found cv_bridge: 4.1.0 (/opt/ros/jazzy/share/cv_bridge/cmake)
-- Found tf2_eigen: 0.36.19 (/opt/ros/jazzy/share/tf2_eigen/cmake)
-- Found nav_msgs: 5.3.6 (/opt/ros/jazzy/share/nav_msgs/cmake)
-- Found visualization_msgs: 5.3.6 (/opt/ros/jazzy/share/visualization_msgs/cmake)
-- Found ament_lint_auto: 0.17.4 (/opt/ros/jazzy/share/ament_lint_auto/cmake)
-- Configuring done (1.2s)
-- Generating done (0.1s)
-- Build files have been written to: /home/ubuntu/robot_ws_data/build/ubicoders_svo
[ 22%] [32mBuilding CXX object CMakeFiles/sv_lib.dir/src/frontend.cpp.o[0m
[ 22%] [32mBuilding CXX object CMakeFiles/sv_lib.dir/src/svo_node.cpp.o[0m
[ 33%] [32m[1mLinking CXX static library libsv_lib.a[0m
[ 77%] Built target sv_lib
[ 88%] [32mBuilding CXX object CMakeFiles/ubicoders_svo.dir/executables/svo_main.cpp.o[0m
[100%] [32m[1mLinking CXX executable ubicoders_svo[0m
[100%] Built target ubicoders_svo
-- Install configuration: ""
-- Up-to-date: /home/ubuntu/robot_ws_data/install/ubicoders_svo/share/ubicoders_svo/launch
-- Installing: /home/ubuntu/robot_ws_data/install/ubicoders_svo/share/ubicoders_svo/package.dsv
