[0.038s] Invoking command in '/home/ubuntu/robot_ws_data/build/ubicoders_svo': CMAKE_PREFIX_PATH=${CMAKE_PREFIX_PATH}:/opt/ros/jazzy CONDA_PROMPT_MODIFIER=(base) DEBUGINFOD_URLS=https://debuginfod.ubuntu.com /usr/bin/cmake /home/ubuntu/robot_ws_data/src/ubicoders_svo -DCMAKE_INSTALL_PREFIX=/home/ubuntu/robot_ws_data/install/ubicoders_svo
[0.073s] -- Found ament_cmake: 2.5.5 (/opt/ros/jazzy/share/ament_cmake/cmake)
[0.449s] -- Found rclcpp: 28.1.16 (/opt/ros/jazzy/share/rclcpp/cmake)
[0.521s] -- Found rosidl_generator_c: 4.6.7 (/opt/ros/jazzy/share/rosidl_generator_c/cmake)
[0.534s] -- Found rosidl_generator_cpp: 4.6.7 (/opt/ros/jazzy/share/rosidl_generator_cpp/cmake)
[0.547s] -- Using all available rosidl_typesupport_c: rosidl_typesupport_fastrtps_c;rosidl_typesupport_introspection_c
[0.562s] -- Using all available rosidl_typesupport_cpp: rosidl_typesupport_fastrtps_cpp;rosidl_typesupport_introspection_cpp
[0.637s] -- Found rmw_implementation_cmake: 7.3.3 (/opt/ros/jazzy/share/rmw_implementation_cmake/cmake)
[0.639s] -- Found rmw_fastrtps_cpp: 8.4.3 (/opt/ros/jazzy/share/rmw_fastrtps_cpp/cmake)
[0.740s] -- Using RMW implementation 'rmw_fastrtps_cpp' as default
[0.818s] -- Found cv_bridge: 4.1.0 (/opt/ros/jazzy/share/cv_bridge/cmake)
[0.892s] -- Found tf2_eigen: 0.36.19 (/opt/ros/jazzy/share/tf2_eigen/cmake)
[1.050s] -- Found nav_msgs: 5.3.6 (/opt/ros/jazzy/share/nav_msgs/cmake)
[1.086s] -- Found visualization_msgs: 5.3.6 (/opt/ros/jazzy/share/visualization_msgs/cmake)
[1.140s] -- Found ament_lint_auto: 0.17.4 (/opt/ros/jazzy/share/ament_lint_auto/cmake)
[1.305s] -- Configuring done (1.2s)
[1.422s] -- Generating done (0.1s)
[1.455s] -- Build files have been written to: /home/ubuntu/robot_ws_data/build/ubicoders_svo
[1.479s] Invoked command in '/home/ubuntu/robot_ws_data/build/ubicoders_svo' returned '0': CMAKE_PREFIX_PATH=${CMAKE_PREFIX_PATH}:/opt/ros/jazzy CONDA_PROMPT_MODIFIER=(base) DEBUGINFOD_URLS=https://debuginfod.ubuntu.com /usr/bin/cmake /home/ubuntu/robot_ws_data/src/ubicoders_svo -DCMAKE_INSTALL_PREFIX=/home/ubuntu/robot_ws_data/install/ubicoders_svo
[1.481s] Invoking command in '/home/ubuntu/robot_ws_data/build/ubicoders_svo': CMAKE_PREFIX_PATH=${CMAKE_PREFIX_PATH}:/opt/ros/jazzy CONDA_PROMPT_MODIFIER=(base) DEBUGINFOD_URLS=https://debuginfod.ubuntu.com /usr/bin/cmake --build /home/ubuntu/robot_ws_data/build/ubicoders_svo -- -j28 -l28
[2.346s] [ 22%] [32mBuilding CXX object CMakeFiles/sv_lib.dir/src/frontend.cpp.o[0m
[2.347s] [ 22%] [32mBuilding CXX object CMakeFiles/sv_lib.dir/src/svo_node.cpp.o[0m
[25.450s] [ 33%] [32m[1mLinking CXX static library libsv_lib.a[0m
[27.515s] [ 77%] Built target sv_lib
[27.918s] [ 88%] [32mBuilding CXX object CMakeFiles/ubicoders_svo.dir/executables/svo_main.cpp.o[0m
[40.709s] [100%] [32m[1mLinking CXX executable ubicoders_svo[0m
[43.307s] [100%] Built target ubicoders_svo
[43.342s] Invoked command in '/home/ubuntu/robot_ws_data/build/ubicoders_svo' returned '0': CMAKE_PREFIX_PATH=${CMAKE_PREFIX_PATH}:/opt/ros/jazzy CONDA_PROMPT_MODIFIER=(base) DEBUGINFOD_URLS=https://debuginfod.ubuntu.com /usr/bin/cmake --build /home/ubuntu/robot_ws_data/build/ubicoders_svo -- -j28 -l28
[43.345s] Invoking command in '/home/ubuntu/robot_ws_data/build/ubicoders_svo': CMAKE_PREFIX_PATH=${CMAKE_PREFIX_PATH}:/opt/ros/jazzy CONDA_PROMPT_MODIFIER=(base) DEBUGINFOD_URLS=https://debuginfod.ubuntu.com /usr/bin/cmake --install /home/ubuntu/robot_ws_data/build/ubicoders_svo
[43.364s] -- Install configuration: ""
[43.365s] -- Up-to-date: /home/ubuntu/robot_ws_data/install/ubicoders_svo/share/ubicoders_svo/launch
[43.369s] -- Installing: /home/ubuntu/robot_ws_data/install/ubicoders_svo/share/ubicoders_svo/package.dsv
[43.374s] Invoked command in '/home/ubuntu/robot_ws_data/build/ubicoders_svo' returned '0': CMAKE_PREFIX_PATH=${CMAKE_PREFIX_PATH}:/opt/ros/jazzy CONDA_PROMPT_MODIFIER=(base) DEBUGINFOD_URLS=https://debuginfod.ubuntu.com /usr/bin/cmake --install /home/ubuntu/robot_ws_data/build/ubicoders_svo
