[-1772579955608576256.000s] DEBUG:colcon:Command line arguments: ['/miniconda/bin/colcon', 'build', '--cmake-args', '-DCMAKE_EXPORT_COMPILE_COMMANDS=ON']
[-1772579955608576256.000s] DEBUG:colcon:Parsed command line arguments: Namespace(log_base=None, log_level=None, verb_name='build', build_base='build', install_base='install', merge_install=False, symlink_install=False, test_result_base=None, continue_on_error=False, executor='parallel', parallel_workers=28, event_handlers=None, ignore_user_meta=False, metas=['./colcon.meta'], base_paths=['.'], packages_ignore=None, packages_ignore_regex=None, paths=None, packages_up_to=None, packages_up_to_regex=None, packages_above=None, packages_above_and_dependencies=None, packages_above_depth=None, packages_select_by_dep=None, packages_skip_by_dep=None, packages_skip_up_to=None, packages_select_build_failed=False, packages_skip_build_finished=False, packages_select_test_failures=False, packages_skip_test_passed=False, packages_select=None, packages_skip=None, packages_select_regex=None, packages_skip_regex=None, packages_start=None, packages_end=None, cmake_args=['-DCMAKE_EXPORT_COMPILE_COMMANDS=ON'], cmake_target=None, cmake_target_skip_unavailable=False, cmake_clean_cache=False, cmake_clean_first=False, cmake_force_configure=False, ament_cmake_args=None, catkin_cmake_args=None, catkin_skip_building_tests=False, verb_parser=<colcon_defaults.argument_parser.defaults.DefaultArgumentsDecorator object at 0x7a0595450690>, verb_extension=<colcon_core.verb.build.BuildVerb object at 0x7a059541d7f0>, main=<bound method BuildVerb.main of <colcon_core.verb.build.BuildVerb object at 0x7a059541d7f0>>)
[-1772579955608576256.000s] Level 1:colcon.colcon_core.package_discovery:discover_packages(colcon_meta) check parameters
[-1772579955608576256.000s] INFO:colcon.colcon_metadata.package_discovery.colcon_meta:Using configuration from '/root/.colcon/metadata/default/Gazebo.meta'
[-1772579955608576256.000s] INFO:colcon.colcon_metadata.package_discovery.colcon_meta:Using configuration from '/root/.colcon/metadata/default/fastdds.meta'
[-1772579955608576256.000s] INFO:colcon.colcon_metadata.package_discovery.colcon_meta:Using configuration from '/root/.colcon/metadata/default/fastrtps.meta'
[-1772579955608576256.000s] Level 1:colcon.colcon_core.package_discovery:discover_packages(recursive) check parameters
[-1772579955608576256.000s] Level 1:colcon.colcon_core.package_discovery:discover_packages(ignore) check parameters
[-1772579955608576256.000s] Level 1:colcon.colcon_core.package_discovery:discover_packages(path) check parameters
[-1772579955608576256.000s] Level 1:colcon.colcon_core.package_discovery:discover_packages(colcon_meta) discover
[-1772579955608576256.000s] Level 1:colcon.colcon_core.package_discovery:discover_packages(recursive) discover
[-1772579955608576256.000s] INFO:colcon.colcon_core.package_discovery:Crawling recursively for packages in '/home/ubuntu/robot_ws_data'
[-1772579955608576256.000s] Level 1:colcon.colcon_core.package_identification:_identify(.) by extensions ['ignore', 'ignore_ament_install']
[-1772579955608576256.000s] Level 1:colcon.colcon_core.package_identification:_identify(.) by extension 'ignore'
[-1772579955608576256.000s] Level 1:colcon.colcon_core.package_identification:_identify(.) by extension 'ignore_ament_install'
[-1772579955608576256.000s] Level 1:colcon.colcon_core.package_identification:_identify(.) by extensions ['colcon_pkg']
[-1772579955608576256.000s] Level 1:colcon.colcon_core.package_identification:_identify(.) by extension 'colcon_pkg'
[-1772579955608576256.000s] Level 1:colcon.colcon_core.package_identification:_identify(.) by extensions ['colcon_meta']
[-1772579955608576256.000s] Level 1:colcon.colcon_core.package_identification:_identify(.) by extension 'colcon_meta'
[-1772579955608576256.000s] Level 1:colcon.colcon_core.package_identification:_identify(.) by extensions ['ros']
[-1772579955608576256.000s] Level 1:colcon.colcon_core.package_identification:_identify(.) by extension 'ros'
[-1772579955608576256.000s] Level 1:colcon.colcon_core.package_identification:_identify(.) by extensions ['cmake', 'python']
[-1772579955608576256.000s] Level 1:colcon.colcon_core.package_identification:_identify(.) by extension 'cmake'
[-1772579955608576256.000s] Level 1:colcon.colcon_core.package_identification:_identify(.) by extension 'python'
[-1772579955608576256.000s] Level 1:colcon.colcon_core.package_identification:_identify(.) by extensions ['python_setup_py']
[-1772579955608576256.000s] Level 1:colcon.colcon_core.package_identification:_identify(.) by extension 'python_setup_py'
[-1772579955608576256.000s] Level 1:colcon.colcon_core.package_identification:_identify(build) by extensions ['ignore', 'ignore_ament_install']
[-1772579955608576256.000s] Level 1:colcon.colcon_core.package_identification:_identify(build) by extension 'ignore'
[-1772579955608576256.000s] Level 1:colcon.colcon_core.package_identification:_identify(build) ignored
[-1772579955608576256.000s] Level 1:colcon.colcon_core.package_identification:_identify(install) by extensions ['ignore', 'ignore_ament_install']
[-1772579955608576256.000s] Level 1:colcon.colcon_core.package_identification:_identify(install) by extension 'ignore'
[-1772579955608576256.000s] Level 1:colcon.colcon_core.package_identification:_identify(install) ignored
[-1772579955608576256.000s] Level 1:colcon.colcon_core.package_identification:_identify(log) by extensions ['ignore', 'ignore_ament_install']
[-1772579955608576256.000s] Level 1:colcon.colcon_core.package_identification:_identify(log) by extension 'ignore'
[-1772579955608576256.000s] Level 1:colcon.colcon_core.package_identification:_identify(log) ignored
[-1772579955608576256.000s] Level 1:colcon.colcon_core.package_identification:_identify(src) by extensions ['ignore', 'ignore_ament_install']
[-1772579955608576256.000s] Level 1:colcon.colcon_core.package_identification:_identify(src) by extension 'ignore'
[-1772579955608576256.000s] Level 1:colcon.colcon_core.package_identification:_identify(src) by extension 'ignore_ament_install'
[-1772579955608576256.000s] Level 1:colcon.colcon_core.package_identification:_identify(src) by extensions ['colcon_pkg']
[-1772579955608576256.000s] Level 1:colcon.colcon_core.package_identification:_identify(src) by extension 'colcon_pkg'
[-1772579955608576256.000s] Level 1:colcon.colcon_core.package_identification:_identify(src) by extensions ['colcon_meta']
[-1772579955608576256.000s] Level 1:colcon.colcon_core.package_identification:_identify(src) by extension 'colcon_meta'
[-1772579955608576256.000s] Level 1:colcon.colcon_core.package_identification:_identify(src) by extensions ['ros']
[-1772579955608576256.000s] Level 1:colcon.colcon_core.package_identification:_identify(src) by extension 'ros'
[-1772579955608576256.000s] Level 1:colcon.colcon_core.package_identification:_identify(src) by extensions ['cmake', 'python']
[-1772579955608576256.000s] Level 1:colcon.colcon_core.package_identification:_identify(src) by extension 'cmake'
[-1772579955608576256.000s] Level 1:colcon.colcon_core.package_identification:_identify(src) by extension 'python'
[-1772579955608576256.000s] Level 1:colcon.colcon_core.package_identification:_identify(src) by extensions ['python_setup_py']
[-1772579955608576256.000s] Level 1:colcon.colcon_core.package_identification:_identify(src) by extension 'python_setup_py'
[-1772579955608576256.000s] Level 1:colcon.colcon_core.package_identification:_identify(src/customdata_publisher) by extensions ['ignore', 'ignore_ament_install']
[-1772579955608576256.000s] Level 1:colcon.colcon_core.package_identification:_identify(src/customdata_publisher) by extension 'ignore'
[-1772579955608576256.000s] Level 1:colcon.colcon_core.package_identification:_identify(src/customdata_publisher) by extension 'ignore_ament_install'
[-1772579955608576256.000s] Level 1:colcon.colcon_core.package_identification:_identify(src/customdata_publisher) by extensions ['colcon_pkg']
[-1772579955608576256.000s] Level 1:colcon.colcon_core.package_identification:_identify(src/customdata_publisher) by extension 'colcon_pkg'
[-1772579955608576256.000s] Level 1:colcon.colcon_core.package_identification:_identify(src/customdata_publisher) by extensions ['colcon_meta']
[-1772579955608576256.000s] Level 1:colcon.colcon_core.package_identification:_identify(src/customdata_publisher) by extension 'colcon_meta'
[-1772579955608576256.000s] Level 1:colcon.colcon_core.package_identification:_identify(src/customdata_publisher) by extensions ['ros']
[-1772579955608576256.000s] Level 1:colcon.colcon_core.package_identification:_identify(src/customdata_publisher) by extension 'ros'
[-1772579955608576256.000s] DEBUG:colcon.colcon_core.package_identification:Package 'src/customdata_publisher' with type 'ros.ament_cmake' and name 'customdata_publisher'
[-1772579955608576256.000s] Level 1:colcon.colcon_core.package_identification:_identify(src/euroc_image_publisher) by extensions ['ignore', 'ignore_ament_install']
[-1772579955608576256.000s] Level 1:colcon.colcon_core.package_identification:_identify(src/euroc_image_publisher) by extension 'ignore'
[-1772579955608576256.000s] Level 1:colcon.colcon_core.package_identification:_identify(src/euroc_image_publisher) by extension 'ignore_ament_install'
[-1772579955608576256.000s] Level 1:colcon.colcon_core.package_identification:_identify(src/euroc_image_publisher) by extensions ['colcon_pkg']
[-1772579955608576256.000s] Level 1:colcon.colcon_core.package_identification:_identify(src/euroc_image_publisher) by extension 'colcon_pkg'
[-1772579955608576256.000s] Level 1:colcon.colcon_core.package_identification:_identify(src/euroc_image_publisher) by extensions ['colcon_meta']
[-1772579955608576256.000s] Level 1:colcon.colcon_core.package_identification:_identify(src/euroc_image_publisher) by extension 'colcon_meta'
[-1772579955608576256.000s] Level 1:colcon.colcon_core.package_identification:_identify(src/euroc_image_publisher) by extensions ['ros']
[-1772579955608576256.000s] Level 1:colcon.colcon_core.package_identification:_identify(src/euroc_image_publisher) by extension 'ros'
[-1772579955608576256.000s] DEBUG:colcon.colcon_core.package_identification:Package 'src/euroc_image_publisher' with type 'ros.ament_cmake' and name 'euroc_image_publisher'
[-1772579955608576256.000s] Level 1:colcon.colcon_core.package_identification:_identify(src/kitti_image_publisher) by extensions ['ignore', 'ignore_ament_install']
[-1772579955608576256.000s] Level 1:colcon.colcon_core.package_identification:_identify(src/kitti_image_publisher) by extension 'ignore'
[-1772579955608576256.000s] Level 1:colcon.colcon_core.package_identification:_identify(src/kitti_image_publisher) by extension 'ignore_ament_install'
[-1772579955608576256.000s] Level 1:colcon.colcon_core.package_identification:_identify(src/kitti_image_publisher) by extensions ['colcon_pkg']
[-1772579955608576256.000s] Level 1:colcon.colcon_core.package_identification:_identify(src/kitti_image_publisher) by extension 'colcon_pkg'
[-1772579955608576256.000s] Level 1:colcon.colcon_core.package_identification:_identify(src/kitti_image_publisher) by extensions ['colcon_meta']
[-1772579955608576256.000s] Level 1:colcon.colcon_core.package_identification:_identify(src/kitti_image_publisher) by extension 'colcon_meta'
[-1772579955608576256.000s] Level 1:colcon.colcon_core.package_identification:_identify(src/kitti_image_publisher) by extensions ['ros']
[-1772579955608576256.000s] Level 1:colcon.colcon_core.package_identification:_identify(src/kitti_image_publisher) by extension 'ros'
[-1772579955608576256.000s] DEBUG:colcon.colcon_core.package_identification:Package 'src/kitti_image_publisher' with type 'ros.ament_cmake' and name 'kitti_image_publisher'
[-1772579955608576256.000s] Level 1:colcon.colcon_core.package_identification:_identify(src/ubicoders_svo) by extensions ['ignore', 'ignore_ament_install']
[-1772579955608576256.000s] Level 1:colcon.colcon_core.package_identification:_identify(src/ubicoders_svo) by extension 'ignore'
[-1772579955608576256.000s] Level 1:colcon.colcon_core.package_identification:_identify(src/ubicoders_svo) by extension 'ignore_ament_install'
[-1772579955608576256.000s] Level 1:colcon.colcon_core.package_identification:_identify(src/ubicoders_svo) by extensions ['colcon_pkg']
[-1772579955608576256.000s] Level 1:colcon.colcon_core.package_identification:_identify(src/ubicoders_svo) by extension 'colcon_pkg'
[-1772579955608576256.000s] Level 1:colcon.colcon_core.package_identification:_identify(src/ubicoders_svo) by extensions ['colcon_meta']
[-1772579955608576256.000s] Level 1:colcon.colcon_core.package_identification:_identify(src/ubicoders_svo) by extension 'colcon_meta'
[-1772579955608576256.000s] Level 1:colcon.colcon_core.package_identification:_identify(src/ubicoders_svo) by extensions ['ros']
[-1772579955608576256.000s] Level 1:colcon.colcon_core.package_identification:_identify(src/ubicoders_svo) by extension 'ros'
[-1772579955608576256.000s] DEBUG:colcon.colcon_core.package_identification:Package 'src/ubicoders_svo' with type 'ros.ament_cmake' and name 'ubicoders_svo'
[-1772579955608576256.000s] Level 1:colcon.colcon_core.package_discovery:discover_packages(recursive) using defaults
[-1772579955608576256.000s] Level 1:colcon.colcon_core.package_discovery:discover_packages(ignore) discover
[-1772579955608576256.000s] Level 1:colcon.colcon_core.package_discovery:discover_packages(ignore) using defaults
[-1772579955608576256.000s] Level 1:colcon.colcon_core.package_discovery:discover_packages(path) discover
[-1772579955608576256.000s] Level 1:colcon.colcon_core.package_discovery:discover_packages(path) using defaults
[-1772579955608576256.000s] Level 5:colcon.colcon_core.verb:set package 'customdata_publisher' build argument 'cmake_args' from command line to '['-DCMAKE_EXPORT_COMPILE_COMMANDS=ON']'
[-1772579955608576256.000s] Level 5:colcon.colcon_core.verb:set package 'customdata_publisher' build argument 'cmake_target' from command line to 'None'
[-1772579955608576256.000s] Level 5:colcon.colcon_core.verb:set package 'customdata_publisher' build argument 'cmake_target_skip_unavailable' from command line to 'False'
[-1772579955608576256.000s] Level 5:colcon.colcon_core.verb:set package 'customdata_publisher' build argument 'cmake_clean_cache' from command line to 'False'
[-1772579955608576256.000s] Level 5:colcon.colcon_core.verb:set package 'customdata_publisher' build argument 'cmake_clean_first' from command line to 'False'
[-1772579955608576256.000s] Level 5:colcon.colcon_core.verb:set package 'customdata_publisher' build argument 'cmake_force_configure' from command line to 'False'
[-1772579955608576256.000s] Level 5:colcon.colcon_core.verb:set package 'customdata_publisher' build argument 'ament_cmake_args' from command line to 'None'
[-1772579955608576256.000s] Level 5:colcon.colcon_core.verb:set package 'customdata_publisher' build argument 'catkin_cmake_args' from command line to 'None'
[-1772579955608576256.000s] Level 5:colcon.colcon_core.verb:set package 'customdata_publisher' build argument 'catkin_skip_building_tests' from command line to 'False'
[-1772579955608576256.000s] DEBUG:colcon.colcon_core.verb:Building package 'customdata_publisher' with the following arguments: {'ament_cmake_args': None, 'build_base': '/home/ubuntu/robot_ws_data/build/customdata_publisher', 'catkin_cmake_args': None, 'catkin_skip_building_tests': False, 'cmake_args': ['-DCMAKE_EXPORT_COMPILE_COMMANDS=ON'], 'cmake_clean_cache': False, 'cmake_clean_first': False, 'cmake_force_configure': False, 'cmake_target': None, 'cmake_target_skip_unavailable': False, 'install_base': '/home/ubuntu/robot_ws_data/install/customdata_publisher', 'merge_install': False, 'path': '/home/ubuntu/robot_ws_data/src/customdata_publisher', 'symlink_install': False, 'test_result_base': None}
[-1772579955608576256.000s] Level 5:colcon.colcon_core.verb:set package 'euroc_image_publisher' build argument 'cmake_args' from command line to '['-DCMAKE_EXPORT_COMPILE_COMMANDS=ON']'
[-1772579955608576256.000s] Level 5:colcon.colcon_core.verb:set package 'euroc_image_publisher' build argument 'cmake_target' from command line to 'None'
[-1772579955608576256.000s] Level 5:colcon.colcon_core.verb:set package 'euroc_image_publisher' build argument 'cmake_target_skip_unavailable' from command line to 'False'
[-1772579955608576256.000s] Level 5:colcon.colcon_core.verb:set package 'euroc_image_publisher' build argument 'cmake_clean_cache' from command line to 'False'
[-1772579955608576256.000s] Level 5:colcon.colcon_core.verb:set package 'euroc_image_publisher' build argument 'cmake_clean_first' from command line to 'False'
[-1772579955608576256.000s] Level 5:colcon.colcon_core.verb:set package 'euroc_image_publisher' build argument 'cmake_force_configure' from command line to 'False'
[-1772579955608576256.000s] Level 5:colcon.colcon_core.verb:set package 'euroc_image_publisher' build argument 'ament_cmake_args' from command line to 'None'
[-1772579955608576256.000s] Level 5:colcon.colcon_core.verb:set package 'euroc_image_publisher' build argument 'catkin_cmake_args' from command line to 'None'
[-1772579955608576256.000s] Level 5:colcon.colcon_core.verb:set package 'euroc_image_publisher' build argument 'catkin_skip_building_tests' from command line to 'False'
[-1772579955608576256.000s] DEBUG:colcon.colcon_core.verb:Building package 'euroc_image_publisher' with the following arguments: {'ament_cmake_args': None, 'build_base': '/home/ubuntu/robot_ws_data/build/euroc_image_publisher', 'catkin_cmake_args': None, 'catkin_skip_building_tests': False, 'cmake_args': ['-DCMAKE_EXPORT_COMPILE_COMMANDS=ON'], 'cmake_clean_cache': False, 'cmake_clean_first': False, 'cmake_force_configure': False, 'cmake_target': None, 'cmake_target_skip_unavailable': False, 'install_base': '/home/ubuntu/robot_ws_data/install/euroc_image_publisher', 'merge_install': False, 'path': '/home/ubuntu/robot_ws_data/src/euroc_image_publisher', 'symlink_install': False, 'test_result_base': None}
[-1772579955608576256.000s] Level 5:colcon.colcon_core.verb:set package 'kitti_image_publisher' build argument 'cmake_args' from command line to '['-DCMAKE_EXPORT_COMPILE_COMMANDS=ON']'
[-1772579955608576256.000s] Level 5:colcon.colcon_core.verb:set package 'kitti_image_publisher' build argument 'cmake_target' from command line to 'None'
[-1772579955608576256.000s] Level 5:colcon.colcon_core.verb:set package 'kitti_image_publisher' build argument 'cmake_target_skip_unavailable' from command line to 'False'
[-1772579955608576256.000s] Level 5:colcon.colcon_core.verb:set package 'kitti_image_publisher' build argument 'cmake_clean_cache' from command line to 'False'
[-1772579955608576256.000s] Level 5:colcon.colcon_core.verb:set package 'kitti_image_publisher' build argument 'cmake_clean_first' from command line to 'False'
[-1772579955608576256.000s] Level 5:colcon.colcon_core.verb:set package 'kitti_image_publisher' build argument 'cmake_force_configure' from command line to 'False'
[-1772579955608576256.000s] Level 5:colcon.colcon_core.verb:set package 'kitti_image_publisher' build argument 'ament_cmake_args' from command line to 'None'
[-1772579955608576256.000s] Level 5:colcon.colcon_core.verb:set package 'kitti_image_publisher' build argument 'catkin_cmake_args' from command line to 'None'
[-1772579955608576256.000s] Level 5:colcon.colcon_core.verb:set package 'kitti_image_publisher' build argument 'catkin_skip_building_tests' from command line to 'False'
[-1772579955608576256.000s] DEBUG:colcon.colcon_core.verb:Building package 'kitti_image_publisher' with the following arguments: {'ament_cmake_args': None, 'build_base': '/home/ubuntu/robot_ws_data/build/kitti_image_publisher', 'catkin_cmake_args': None, 'catkin_skip_building_tests': False, 'cmake_args': ['-DCMAKE_EXPORT_COMPILE_COMMANDS=ON'], 'cmake_clean_cache': False, 'cmake_clean_first': False, 'cmake_force_configure': False, 'cmake_target': None, 'cmake_target_skip_unavailable': False, 'install_base': '/home/ubuntu/robot_ws_data/install/kitti_image_publisher', 'merge_install': False, 'path': '/home/ubuntu/robot_ws_data/src/kitti_image_publisher', 'symlink_install': False, 'test_result_base': None}
[-1772579955608576256.000s] Level 5:colcon.colcon_core.verb:set package 'ubicoders_svo' build argument 'cmake_args' from command line to '['-DCMAKE_EXPORT_COMPILE_COMMANDS=ON']'
[-1772579955608576256.000s] Level 5:colcon.colcon_core.verb:set package 'ubicoders_svo' build argument 'cmake_target' from command line to 'None'
[-1772579955608576256.000s] Level 5:colcon.colcon_core.verb:set package 'ubicoders_svo' build argument 'cmake_target_skip_unavailable' from command line to 'False'
[-1772579955608576256.000s] Level 5:colcon.colcon_core.verb:set package 'ubicoders_svo' build argument 'cmake_clean_cache' from command line to 'False'
[-1772579955608576256.000s] Level 5:colcon.colcon_core.verb:set package 'ubicoders_svo' build argument 'cmake_clean_first' from command line to 'False'
[-1772579955608576256.000s] Level 5:colcon.colcon_core.verb:set package 'ubicoders_svo' build argument 'cmake_force_configure' from command line to 'False'
[-1772579955608576256.000s] Level 5:colcon.colcon_core.verb:set package 'ubicoders_svo' build argument 'ament_cmake_args' from command line to 'None'
[-1772579955608576256.000s] Level 5:colcon.colcon_core.verb:set package 'ubicoders_svo' build argument 'catkin_cmake_args' from command line to 'None'
[-1772579955608576256.000s] Level 5:colcon.colcon_core.verb:set package 'ubicoders_svo' build argument 'catkin_skip_building_tests' from command line to 'False'
[-1772579955608576256.000s] DEBUG:colcon.colcon_core.verb:Building package 'ubicoders_svo' with the following arguments: {'ament_cmake_args': None, 'build_base': '/home/ubuntu/robot_ws_data/build/ubicoders_svo', 'catkin_cmake_args': None, 'catkin_skip_building_tests': False, 'cmake_args': ['-DCMAKE_EXPORT_COMPILE_COMMANDS=ON'], 'cmake_clean_cache': False, 'cmake_clean_first': False, 'cmake_force_configure': False, 'cmake_target': None, 'cmake_target_skip_unavailable': False, 'install_base': '/home/ubuntu/robot_ws_data/install/ubicoders_svo', 'merge_install': False, 'path': '/home/ubuntu/robot_ws_data/src/ubicoders_svo', 'symlink_install': False, 'test_result_base': None}
[-1772579955608576256.000s] INFO:colcon.colcon_core.executor:Executing jobs using 'parallel' executor
[-1772579955608576256.000s] DEBUG:colcon.colcon_parallel_executor.executor.parallel:run_until_complete
[-1772579955608576256.000s] INFO:colcon.colcon_ros.task.ament_cmake.build:Building ROS package in '/home/ubuntu/robot_ws_data/src/customdata_publisher' with build type 'ament_cmake'
[-1772579955608576256.000s] INFO:colcon.colcon_cmake.task.cmake.build:Building CMake package in '/home/ubuntu/robot_ws_data/src/customdata_publisher'
[-1772579955608576256.000s] INFO:colcon.colcon_core.plugin_system:Skipping extension 'colcon_core.shell.bat': Not used on non-Windows systems
[-1772579955608576256.000s] INFO:colcon.colcon_core.shell:Skip shell extension 'powershell' for command environment: Not usable outside of PowerShell
[-1772579955608576256.000s] DEBUG:colcon.colcon_core.shell:Skip shell extension 'dsv' for command environment
[-1772579955608576256.000s] INFO:colcon.colcon_ros.task.ament_cmake.build:Building ROS package in '/home/ubuntu/robot_ws_data/src/euroc_image_publisher' with build type 'ament_cmake'
[-1772579955608576256.000s] INFO:colcon.colcon_cmake.task.cmake.build:Building CMake package in '/home/ubuntu/robot_ws_data/src/euroc_image_publisher'
[-1772579955608576256.000s] INFO:colcon.colcon_core.shell:Skip shell extension 'powershell' for command environment: Not usable outside of PowerShell
[-1772579955608576256.000s] DEBUG:colcon.colcon_core.shell:Skip shell extension 'dsv' for command environment
[-1772579955608576256.000s] INFO:colcon.colcon_ros.task.ament_cmake.build:Building ROS package in '/home/ubuntu/robot_ws_data/src/kitti_image_publisher' with build type 'ament_cmake'
[-1772579955608576256.000s] INFO:colcon.colcon_cmake.task.cmake.build:Building CMake package in '/home/ubuntu/robot_ws_data/src/kitti_image_publisher'
[-1772579955608576256.000s] INFO:colcon.colcon_core.shell:Skip shell extension 'powershell' for command environment: Not usable outside of PowerShell
[-1772579955608576256.000s] DEBUG:colcon.colcon_core.shell:Skip shell extension 'dsv' for command environment
[-1772579955608576256.000s] INFO:colcon.colcon_ros.task.ament_cmake.build:Building ROS package in '/home/ubuntu/robot_ws_data/src/ubicoders_svo' with build type 'ament_cmake'
[-1772579955608576256.000s] INFO:colcon.colcon_cmake.task.cmake.build:Building CMake package in '/home/ubuntu/robot_ws_data/src/ubicoders_svo'
[-1772579955608576256.000s] INFO:colcon.colcon_core.shell:Skip shell extension 'powershell' for command environment: Not usable outside of PowerShell
[-1772579955608576256.000s] DEBUG:colcon.colcon_core.shell:Skip shell extension 'dsv' for command environment
[-1772579955608576256.000s] DEBUG:colcon.colcon_core.event_handler.log_command:Invoking command in '/home/ubuntu/robot_ws_data/build/customdata_publisher': CMAKE_PREFIX_PATH=${CMAKE_PREFIX_PATH}:/opt/ros/jazzy CONDA_PROMPT_MODIFIER=(base) DEBUGINFOD_URLS=https://debuginfod.ubuntu.com /usr/bin/cmake /home/ubuntu/robot_ws_data/src/customdata_publisher -DCMAKE_EXPORT_COMPILE_COMMANDS=ON -DCMAKE_INSTALL_PREFIX=/home/ubuntu/robot_ws_data/install/customdata_publisher
[-1772579955608576256.000s] DEBUG:colcon.colcon_core.event_handler.log_command:Invoking command in '/home/ubuntu/robot_ws_data/build/euroc_image_publisher': CMAKE_PREFIX_PATH=${CMAKE_PREFIX_PATH}:/opt/ros/jazzy CONDA_PROMPT_MODIFIER=(base) DEBUGINFOD_URLS=https://debuginfod.ubuntu.com /usr/bin/cmake /home/ubuntu/robot_ws_data/src/euroc_image_publisher -DCMAKE_EXPORT_COMPILE_COMMANDS=ON -DCMAKE_INSTALL_PREFIX=/home/ubuntu/robot_ws_data/install/euroc_image_publisher
[-1772579955608576256.000s] DEBUG:colcon.colcon_core.event_handler.log_command:Invoking command in '/home/ubuntu/robot_ws_data/build/kitti_image_publisher': CMAKE_PREFIX_PATH=${CMAKE_PREFIX_PATH}:/opt/ros/jazzy CONDA_PROMPT_MODIFIER=(base) DEBUGINFOD_URLS=https://debuginfod.ubuntu.com /usr/bin/cmake /home/ubuntu/robot_ws_data/src/kitti_image_publisher -DCMAKE_EXPORT_COMPILE_COMMANDS=ON -DCMAKE_INSTALL_PREFIX=/home/ubuntu/robot_ws_data/install/kitti_image_publisher
[-1772579955608576256.000s] DEBUG:colcon.colcon_core.event_handler.log_command:Invoking command in '/home/ubuntu/robot_ws_data/build/ubicoders_svo': CMAKE_PREFIX_PATH=${CMAKE_PREFIX_PATH}:/opt/ros/jazzy CONDA_PROMPT_MODIFIER=(base) DEBUGINFOD_URLS=https://debuginfod.ubuntu.com /usr/bin/cmake /home/ubuntu/robot_ws_data/src/ubicoders_svo -DCMAKE_EXPORT_COMPILE_COMMANDS=ON -DCMAKE_INSTALL_PREFIX=/home/ubuntu/robot_ws_data/install/ubicoders_svo
[-1772579955608576256.000s] DEBUG:colcon.colcon_core.event_handler.log_command:Invoked command in '/home/ubuntu/robot_ws_data/build/customdata_publisher' returned '0': CMAKE_PREFIX_PATH=${CMAKE_PREFIX_PATH}:/opt/ros/jazzy CONDA_PROMPT_MODIFIER=(base) DEBUGINFOD_URLS=https://debuginfod.ubuntu.com /usr/bin/cmake /home/ubuntu/robot_ws_data/src/customdata_publisher -DCMAKE_EXPORT_COMPILE_COMMANDS=ON -DCMAKE_INSTALL_PREFIX=/home/ubuntu/robot_ws_data/install/customdata_publisher
[-1772579955608576256.000s] DEBUG:colcon.colcon_core.event_handler.log_command:Invoking command in '/home/ubuntu/robot_ws_data/build/customdata_publisher': CMAKE_PREFIX_PATH=${CMAKE_PREFIX_PATH}:/opt/ros/jazzy CONDA_PROMPT_MODIFIER=(base) DEBUGINFOD_URLS=https://debuginfod.ubuntu.com /usr/bin/cmake --build /home/ubuntu/robot_ws_data/build/customdata_publisher -- -j28 -l28
[-1772579955608576256.000s] DEBUG:colcon.colcon_core.event_handler.log_command:Invoked command in '/home/ubuntu/robot_ws_data/build/kitti_image_publisher' returned '0': CMAKE_PREFIX_PATH=${CMAKE_PREFIX_PATH}:/opt/ros/jazzy CONDA_PROMPT_MODIFIER=(base) DEBUGINFOD_URLS=https://debuginfod.ubuntu.com /usr/bin/cmake /home/ubuntu/robot_ws_data/src/kitti_image_publisher -DCMAKE_EXPORT_COMPILE_COMMANDS=ON -DCMAKE_INSTALL_PREFIX=/home/ubuntu/robot_ws_data/install/kitti_image_publisher
[-1772579955608576256.000s] DEBUG:colcon.colcon_core.event_handler.log_command:Invoking command in '/home/ubuntu/robot_ws_data/build/kitti_image_publisher': CMAKE_PREFIX_PATH=${CMAKE_PREFIX_PATH}:/opt/ros/jazzy CONDA_PROMPT_MODIFIER=(base) DEBUGINFOD_URLS=https://debuginfod.ubuntu.com /usr/bin/cmake --build /home/ubuntu/robot_ws_data/build/kitti_image_publisher -- -j28 -l28
[-1772579955608576256.000s] DEBUG:colcon.colcon_core.event_handler.log_command:Invoked command in '/home/ubuntu/robot_ws_data/build/euroc_image_publisher' returned '0': CMAKE_PREFIX_PATH=${CMAKE_PREFIX_PATH}:/opt/ros/jazzy CONDA_PROMPT_MODIFIER=(base) DEBUGINFOD_URLS=https://debuginfod.ubuntu.com /usr/bin/cmake /home/ubuntu/robot_ws_data/src/euroc_image_publisher -DCMAKE_EXPORT_COMPILE_COMMANDS=ON -DCMAKE_INSTALL_PREFIX=/home/ubuntu/robot_ws_data/install/euroc_image_publisher
[-1772579955608576256.000s] DEBUG:colcon.colcon_core.event_handler.log_command:Invoking command in '/home/ubuntu/robot_ws_data/build/euroc_image_publisher': CMAKE_PREFIX_PATH=${CMAKE_PREFIX_PATH}:/opt/ros/jazzy CONDA_PROMPT_MODIFIER=(base) DEBUGINFOD_URLS=https://debuginfod.ubuntu.com /usr/bin/cmake --build /home/ubuntu/robot_ws_data/build/euroc_image_publisher -- -j28 -l28
[-1772579955608576256.000s] DEBUG:colcon.colcon_core.event_handler.log_command:Invoked command in '/home/ubuntu/robot_ws_data/build/ubicoders_svo' returned '0': CMAKE_PREFIX_PATH=${CMAKE_PREFIX_PATH}:/opt/ros/jazzy CONDA_PROMPT_MODIFIER=(base) DEBUGINFOD_URLS=https://debuginfod.ubuntu.com /usr/bin/cmake /home/ubuntu/robot_ws_data/src/ubicoders_svo -DCMAKE_EXPORT_COMPILE_COMMANDS=ON -DCMAKE_INSTALL_PREFIX=/home/ubuntu/robot_ws_data/install/ubicoders_svo
[-1772579955608576256.000s] DEBUG:colcon.colcon_core.event_handler.log_command:Invoking command in '/home/ubuntu/robot_ws_data/build/ubicoders_svo': CMAKE_PREFIX_PATH=${CMAKE_PREFIX_PATH}:/opt/ros/jazzy CONDA_PROMPT_MODIFIER=(base) DEBUGINFOD_URLS=https://debuginfod.ubuntu.com /usr/bin/cmake --build /home/ubuntu/robot_ws_data/build/ubicoders_svo -- -j28 -l28
[-1772579955608576256.000s] DEBUG:colcon.colcon_core.event_handler.log_command:Invoked command in '/home/ubuntu/robot_ws_data/build/customdata_publisher' returned '0': CMAKE_PREFIX_PATH=${CMAKE_PREFIX_PATH}:/opt/ros/jazzy CONDA_PROMPT_MODIFIER=(base) DEBUGINFOD_URLS=https://debuginfod.ubuntu.com /usr/bin/cmake --build /home/ubuntu/robot_ws_data/build/customdata_publisher -- -j28 -l28
[-1772579955608576256.000s] DEBUG:colcon.colcon_core.event_handler.log_command:Invoking command in '/home/ubuntu/robot_ws_data/build/customdata_publisher': CMAKE_PREFIX_PATH=${CMAKE_PREFIX_PATH}:/opt/ros/jazzy CONDA_PROMPT_MODIFIER=(base) DEBUGINFOD_URLS=https://debuginfod.ubuntu.com /usr/bin/cmake --install /home/ubuntu/robot_ws_data/build/customdata_publisher
[-1772579955608576256.000s] DEBUG:colcon.colcon_core.event_handler.log_command:Invoked command in '/home/ubuntu/robot_ws_data/build/kitti_image_publisher' returned '0': CMAKE_PREFIX_PATH=${CMAKE_PREFIX_PATH}:/opt/ros/jazzy CONDA_PROMPT_MODIFIER=(base) DEBUGINFOD_URLS=https://debuginfod.ubuntu.com /usr/bin/cmake --build /home/ubuntu/robot_ws_data/build/kitti_image_publisher -- -j28 -l28
[-1772579955608576256.000s] DEBUG:colcon.colcon_core.event_handler.log_command:Invoking command in '/home/ubuntu/robot_ws_data/build/kitti_image_publisher': CMAKE_PREFIX_PATH=${CMAKE_PREFIX_PATH}:/opt/ros/jazzy CONDA_PROMPT_MODIFIER=(base) DEBUGINFOD_URLS=https://debuginfod.ubuntu.com /usr/bin/cmake --install /home/ubuntu/robot_ws_data/build/kitti_image_publisher
[-1772579955608576256.000s] Level 1:colcon.colcon_core.environment:create_environment_scripts_only(customdata_publisher)
[-1772579955608576256.000s] DEBUG:colcon.colcon_core.event_handler.log_command:Invoked command in '/home/ubuntu/robot_ws_data/build/customdata_publisher' returned '0': CMAKE_PREFIX_PATH=${CMAKE_PREFIX_PATH}:/opt/ros/jazzy CONDA_PROMPT_MODIFIER=(base) DEBUGINFOD_URLS=https://debuginfod.ubuntu.com /usr/bin/cmake --install /home/ubuntu/robot_ws_data/build/customdata_publisher
[-1772579955608576256.000s] Level 1:colcon.colcon_core.environment:checking '/home/ubuntu/robot_ws_data/install/customdata_publisher' for CMake module files
[-1772579955608576256.000s] Level 1:colcon.colcon_core.environment:checking '/home/ubuntu/robot_ws_data/install/customdata_publisher' for CMake config files
[-1772579955608576256.000s] Level 1:colcon.colcon_core.shell:create_environment_hook('customdata_publisher', 'cmake_prefix_path')
[-1772579955608576256.000s] INFO:colcon.colcon_core.shell:Creating environment hook '/home/ubuntu/robot_ws_data/install/customdata_publisher/share/customdata_publisher/hook/cmake_prefix_path.ps1'
[-1772579955608576256.000s] INFO:colcon.colcon_core.shell:Creating environment descriptor '/home/ubuntu/robot_ws_data/install/customdata_publisher/share/customdata_publisher/hook/cmake_prefix_path.dsv'
[-1772579955608576256.000s] INFO:colcon.colcon_core.shell:Creating environment hook '/home/ubuntu/robot_ws_data/install/customdata_publisher/share/customdata_publisher/hook/cmake_prefix_path.sh'
[-1772579955608576256.000s] Level 1:colcon.colcon_core.environment:checking '/home/ubuntu/robot_ws_data/install/customdata_publisher/lib'
[-1772579955608576256.000s] Level 1:colcon.colcon_core.environment:checking '/home/ubuntu/robot_ws_data/install/customdata_publisher/bin'
[-1772579955608576256.000s] Level 1:colcon.colcon_core.environment:checking '/home/ubuntu/robot_ws_data/install/customdata_publisher/lib/pkgconfig/customdata_publisher.pc'
[-1772579955608576256.000s] Level 1:colcon.colcon_core.environment:checking '/home/ubuntu/robot_ws_data/install/customdata_publisher/lib/python3.13/site-packages'
[-1772579955608576256.000s] Level 1:colcon.colcon_core.environment:checking '/home/ubuntu/robot_ws_data/install/customdata_publisher/bin'
[-1772579955608576256.000s] INFO:colcon.colcon_core.shell:Creating package script '/home/ubuntu/robot_ws_data/install/customdata_publisher/share/customdata_publisher/package.ps1'
[-1772579955608576256.000s] INFO:colcon.colcon_core.shell:Creating package descriptor '/home/ubuntu/robot_ws_data/install/customdata_publisher/share/customdata_publisher/package.dsv'
[-1772579955608576256.000s] INFO:colcon.colcon_core.shell:Creating package script '/home/ubuntu/robot_ws_data/install/customdata_publisher/share/customdata_publisher/package.sh'
[-1772579955608576256.000s] INFO:colcon.colcon_core.shell:Creating package script '/home/ubuntu/robot_ws_data/install/customdata_publisher/share/customdata_publisher/package.bash'
[-1772579955608576256.000s] INFO:colcon.colcon_core.shell:Creating package script '/home/ubuntu/robot_ws_data/install/customdata_publisher/share/customdata_publisher/package.zsh'
[-1772579955608576256.000s] Level 1:colcon.colcon_core.environment:create_file_with_runtime_dependencies(/home/ubuntu/robot_ws_data/install/customdata_publisher/share/colcon-core/packages/customdata_publisher)
[-1772579955608576256.000s] Level 1:colcon.colcon_core.environment:create_environment_scripts_only(customdata_publisher)
[-1772579955608576256.000s] Level 1:colcon.colcon_core.environment:checking '/home/ubuntu/robot_ws_data/install/customdata_publisher' for CMake module files
[-1772579955608576256.000s] Level 1:colcon.colcon_core.environment:checking '/home/ubuntu/robot_ws_data/install/customdata_publisher' for CMake config files
[-1772579955608576256.000s] Level 1:colcon.colcon_core.shell:create_environment_hook('customdata_publisher', 'cmake_prefix_path')
[-1772579955608576256.000s] INFO:colcon.colcon_core.shell:Creating environment hook '/home/ubuntu/robot_ws_data/install/customdata_publisher/share/customdata_publisher/hook/cmake_prefix_path.ps1'
[-1772579955608576256.000s] INFO:colcon.colcon_core.shell:Creating environment descriptor '/home/ubuntu/robot_ws_data/install/customdata_publisher/share/customdata_publisher/hook/cmake_prefix_path.dsv'
[-1772579955608576256.000s] INFO:colcon.colcon_core.shell:Creating environment hook '/home/ubuntu/robot_ws_data/install/customdata_publisher/share/customdata_publisher/hook/cmake_prefix_path.sh'
[-1772579955608576256.000s] Level 1:colcon.colcon_core.environment:checking '/home/ubuntu/robot_ws_data/install/customdata_publisher/lib'
[-1772579955608576256.000s] Level 1:colcon.colcon_core.environment:checking '/home/ubuntu/robot_ws_data/install/customdata_publisher/bin'
[-1772579955608576256.000s] Level 1:colcon.colcon_core.environment:checking '/home/ubuntu/robot_ws_data/install/customdata_publisher/lib/pkgconfig/customdata_publisher.pc'
[-1772579955608576256.000s] Level 1:colcon.colcon_core.environment:checking '/home/ubuntu/robot_ws_data/install/customdata_publisher/lib/python3.13/site-packages'
[-1772579955608576256.000s] Level 1:colcon.colcon_core.environment:checking '/home/ubuntu/robot_ws_data/install/customdata_publisher/bin'
[-1772579955608576256.000s] INFO:colcon.colcon_core.shell:Creating package script '/home/ubuntu/robot_ws_data/install/customdata_publisher/share/customdata_publisher/package.ps1'
[-1772579955608576256.000s] INFO:colcon.colcon_core.shell:Creating package descriptor '/home/ubuntu/robot_ws_data/install/customdata_publisher/share/customdata_publisher/package.dsv'
[-1772579955608576256.000s] INFO:colcon.colcon_core.shell:Creating package script '/home/ubuntu/robot_ws_data/install/customdata_publisher/share/customdata_publisher/package.sh'
[-1772579955608576256.000s] INFO:colcon.colcon_core.shell:Creating package script '/home/ubuntu/robot_ws_data/install/customdata_publisher/share/customdata_publisher/package.bash'
[-1772579955608576256.000s] INFO:colcon.colcon_core.shell:Creating package script '/home/ubuntu/robot_ws_data/install/customdata_publisher/share/customdata_publisher/package.zsh'
[-1772579955608576256.000s] Level 1:colcon.colcon_core.environment:create_file_with_runtime_dependencies(/home/ubuntu/robot_ws_data/install/customdata_publisher/share/colcon-core/packages/customdata_publisher)
[-1772579955608576256.000s] DEBUG:colcon.colcon_core.event_handler.log_command:Invoked command in '/home/ubuntu/robot_ws_data/build/euroc_image_publisher' returned '0': CMAKE_PREFIX_PATH=${CMAKE_PREFIX_PATH}:/opt/ros/jazzy CONDA_PROMPT_MODIFIER=(base) DEBUGINFOD_URLS=https://debuginfod.ubuntu.com /usr/bin/cmake --build /home/ubuntu/robot_ws_data/build/euroc_image_publisher -- -j28 -l28
[-1772579955608576256.000s] DEBUG:colcon.colcon_core.event_handler.log_command:Invoking command in '/home/ubuntu/robot_ws_data/build/euroc_image_publisher': CMAKE_PREFIX_PATH=${CMAKE_PREFIX_PATH}:/opt/ros/jazzy CONDA_PROMPT_MODIFIER=(base) DEBUGINFOD_URLS=https://debuginfod.ubuntu.com /usr/bin/cmake --install /home/ubuntu/robot_ws_data/build/euroc_image_publisher
[-1772579955608576256.000s] Level 1:colcon.colcon_core.environment:create_environment_scripts_only(kitti_image_publisher)
[-1772579955608576256.000s] Level 1:colcon.colcon_core.environment:checking '/home/ubuntu/robot_ws_data/install/kitti_image_publisher' for CMake module files
[-1772579955608576256.000s] DEBUG:colcon.colcon_core.event_handler.log_command:Invoked command in '/home/ubuntu/robot_ws_data/build/kitti_image_publisher' returned '0': CMAKE_PREFIX_PATH=${CMAKE_PREFIX_PATH}:/opt/ros/jazzy CONDA_PROMPT_MODIFIER=(base) DEBUGINFOD_URLS=https://debuginfod.ubuntu.com /usr/bin/cmake --install /home/ubuntu/robot_ws_data/build/kitti_image_publisher
[-1772579955608576256.000s] Level 1:colcon.colcon_core.environment:checking '/home/ubuntu/robot_ws_data/install/kitti_image_publisher' for CMake config files
[-1772579955608576256.000s] Level 1:colcon.colcon_core.shell:create_environment_hook('kitti_image_publisher', 'cmake_prefix_path')
[-1772579955608576256.000s] INFO:colcon.colcon_core.shell:Creating environment hook '/home/ubuntu/robot_ws_data/install/kitti_image_publisher/share/kitti_image_publisher/hook/cmake_prefix_path.ps1'
[-1772579955608576256.000s] INFO:colcon.colcon_core.shell:Creating environment descriptor '/home/ubuntu/robot_ws_data/install/kitti_image_publisher/share/kitti_image_publisher/hook/cmake_prefix_path.dsv'
[-1772579955608576256.000s] INFO:colcon.colcon_core.shell:Creating environment hook '/home/ubuntu/robot_ws_data/install/kitti_image_publisher/share/kitti_image_publisher/hook/cmake_prefix_path.sh'
[-1772579955608576256.000s] Level 1:colcon.colcon_core.environment:checking '/home/ubuntu/robot_ws_data/install/kitti_image_publisher/lib'
[-1772579955608576256.000s] Level 1:colcon.colcon_core.environment:checking '/home/ubuntu/robot_ws_data/install/kitti_image_publisher/bin'
[-1772579955608576256.000s] Level 1:colcon.colcon_core.environment:checking '/home/ubuntu/robot_ws_data/install/kitti_image_publisher/lib/pkgconfig/kitti_image_publisher.pc'
[-1772579955608576256.000s] Level 1:colcon.colcon_core.environment:checking '/home/ubuntu/robot_ws_data/install/kitti_image_publisher/lib/python3.13/site-packages'
[-1772579955608576256.000s] Level 1:colcon.colcon_core.environment:checking '/home/ubuntu/robot_ws_data/install/kitti_image_publisher/bin'
[-1772579955608576256.000s] INFO:colcon.colcon_core.shell:Creating package script '/home/ubuntu/robot_ws_data/install/kitti_image_publisher/share/kitti_image_publisher/package.ps1'
[-1772579955608576256.000s] INFO:colcon.colcon_core.shell:Creating package descriptor '/home/ubuntu/robot_ws_data/install/kitti_image_publisher/share/kitti_image_publisher/package.dsv'
[-1772579955608576256.000s] INFO:colcon.colcon_core.shell:Creating package script '/home/ubuntu/robot_ws_data/install/kitti_image_publisher/share/kitti_image_publisher/package.sh'
[-1772579955608576256.000s] INFO:colcon.colcon_core.shell:Creating package script '/home/ubuntu/robot_ws_data/install/kitti_image_publisher/share/kitti_image_publisher/package.bash'
[-1772579955608576256.000s] INFO:colcon.colcon_core.shell:Creating package script '/home/ubuntu/robot_ws_data/install/kitti_image_publisher/share/kitti_image_publisher/package.zsh'
[-1772579955608576256.000s] Level 1:colcon.colcon_core.environment:create_file_with_runtime_dependencies(/home/ubuntu/robot_ws_data/install/kitti_image_publisher/share/colcon-core/packages/kitti_image_publisher)
[-1772579955608576256.000s] Level 1:colcon.colcon_core.environment:create_environment_scripts_only(kitti_image_publisher)
[-1772579955608576256.000s] Level 1:colcon.colcon_core.environment:checking '/home/ubuntu/robot_ws_data/install/kitti_image_publisher' for CMake module files
[-1772579955608576256.000s] Level 1:colcon.colcon_core.environment:checking '/home/ubuntu/robot_ws_data/install/kitti_image_publisher' for CMake config files
[-1772579955608576256.000s] Level 1:colcon.colcon_core.shell:create_environment_hook('kitti_image_publisher', 'cmake_prefix_path')
[-1772579955608576256.000s] INFO:colcon.colcon_core.shell:Creating environment hook '/home/ubuntu/robot_ws_data/install/kitti_image_publisher/share/kitti_image_publisher/hook/cmake_prefix_path.ps1'
[-1772579955608576256.000s] INFO:colcon.colcon_core.shell:Creating environment descriptor '/home/ubuntu/robot_ws_data/install/kitti_image_publisher/share/kitti_image_publisher/hook/cmake_prefix_path.dsv'
[-1772579955608576256.000s] INFO:colcon.colcon_core.shell:Creating environment hook '/home/ubuntu/robot_ws_data/install/kitti_image_publisher/share/kitti_image_publisher/hook/cmake_prefix_path.sh'
[-1772579955608576256.000s] Level 1:colcon.colcon_core.environment:checking '/home/ubuntu/robot_ws_data/install/kitti_image_publisher/lib'
[-1772579955608576256.000s] Level 1:colcon.colcon_core.environment:checking '/home/ubuntu/robot_ws_data/install/kitti_image_publisher/bin'
[-1772579955608576256.000s] Level 1:colcon.colcon_core.environment:checking '/home/ubuntu/robot_ws_data/install/kitti_image_publisher/lib/pkgconfig/kitti_image_publisher.pc'
[-1772579955608576256.000s] Level 1:colcon.colcon_core.environment:checking '/home/ubuntu/robot_ws_data/install/kitti_image_publisher/lib/python3.13/site-packages'
[-1772579955608576256.000s] Level 1:colcon.colcon_core.environment:checking '/home/ubuntu/robot_ws_data/install/kitti_image_publisher/bin'
[-1772579955608576256.000s] INFO:colcon.colcon_core.shell:Creating package script '/home/ubuntu/robot_ws_data/install/kitti_image_publisher/share/kitti_image_publisher/package.ps1'
[-1772579955608576256.000s] INFO:colcon.colcon_core.shell:Creating package descriptor '/home/ubuntu/robot_ws_data/install/kitti_image_publisher/share/kitti_image_publisher/package.dsv'
[-1772579955608576256.000s] INFO:colcon.colcon_core.shell:Creating package script '/home/ubuntu/robot_ws_data/install/kitti_image_publisher/share/kitti_image_publisher/package.sh'
[-1772579955608576256.000s] INFO:colcon.colcon_core.shell:Creating package script '/home/ubuntu/robot_ws_data/install/kitti_image_publisher/share/kitti_image_publisher/package.bash'
[-1772579955608576256.000s] INFO:colcon.colcon_core.shell:Creating package script '/home/ubuntu/robot_ws_data/install/kitti_image_publisher/share/kitti_image_publisher/package.zsh'
[-1772579955608576256.000s] Level 1:colcon.colcon_core.environment:create_file_with_runtime_dependencies(/home/ubuntu/robot_ws_data/install/kitti_image_publisher/share/colcon-core/packages/kitti_image_publisher)
[-1772579955608576256.000s] Level 1:colcon.colcon_core.environment:create_environment_scripts_only(euroc_image_publisher)
[-1772579955608576256.000s] Level 1:colcon.colcon_core.environment:checking '/home/ubuntu/robot_ws_data/install/euroc_image_publisher' for CMake module files
[-1772579955608576256.000s] DEBUG:colcon.colcon_core.event_handler.log_command:Invoked command in '/home/ubuntu/robot_ws_data/build/euroc_image_publisher' returned '0': CMAKE_PREFIX_PATH=${CMAKE_PREFIX_PATH}:/opt/ros/jazzy CONDA_PROMPT_MODIFIER=(base) DEBUGINFOD_URLS=https://debuginfod.ubuntu.com /usr/bin/cmake --install /home/ubuntu/robot_ws_data/build/euroc_image_publisher
[-1772579955608576256.000s] Level 1:colcon.colcon_core.environment:checking '/home/ubuntu/robot_ws_data/install/euroc_image_publisher' for CMake config files
[-1772579955608576256.000s] Level 1:colcon.colcon_core.shell:create_environment_hook('euroc_image_publisher', 'cmake_prefix_path')
[-1772579955608576256.000s] INFO:colcon.colcon_core.shell:Creating environment hook '/home/ubuntu/robot_ws_data/install/euroc_image_publisher/share/euroc_image_publisher/hook/cmake_prefix_path.ps1'
[-1772579955608576256.000s] INFO:colcon.colcon_core.shell:Creating environment descriptor '/home/ubuntu/robot_ws_data/install/euroc_image_publisher/share/euroc_image_publisher/hook/cmake_prefix_path.dsv'
[-1772579955608576256.000s] INFO:colcon.colcon_core.shell:Creating environment hook '/home/ubuntu/robot_ws_data/install/euroc_image_publisher/share/euroc_image_publisher/hook/cmake_prefix_path.sh'
[-1772579955608576256.000s] Level 1:colcon.colcon_core.environment:checking '/home/ubuntu/robot_ws_data/install/euroc_image_publisher/lib'
[-1772579955608576256.000s] Level 1:colcon.colcon_core.environment:checking '/home/ubuntu/robot_ws_data/install/euroc_image_publisher/bin'
[-1772579955608576256.000s] Level 1:colcon.colcon_core.environment:checking '/home/ubuntu/robot_ws_data/install/euroc_image_publisher/lib/pkgconfig/euroc_image_publisher.pc'
[-1772579955608576256.000s] Level 1:colcon.colcon_core.environment:checking '/home/ubuntu/robot_ws_data/install/euroc_image_publisher/lib/python3.13/site-packages'
[-1772579955608576256.000s] Level 1:colcon.colcon_core.environment:checking '/home/ubuntu/robot_ws_data/install/euroc_image_publisher/bin'
[-1772579955608576256.000s] INFO:colcon.colcon_core.shell:Creating package script '/home/ubuntu/robot_ws_data/install/euroc_image_publisher/share/euroc_image_publisher/package.ps1'
[-1772579955608576256.000s] INFO:colcon.colcon_core.shell:Creating package descriptor '/home/ubuntu/robot_ws_data/install/euroc_image_publisher/share/euroc_image_publisher/package.dsv'
[-1772579955608576256.000s] INFO:colcon.colcon_core.shell:Creating package script '/home/ubuntu/robot_ws_data/install/euroc_image_publisher/share/euroc_image_publisher/package.sh'
[-1772579955608576256.000s] INFO:colcon.colcon_core.shell:Creating package script '/home/ubuntu/robot_ws_data/install/euroc_image_publisher/share/euroc_image_publisher/package.bash'
[-1772579955608576256.000s] INFO:colcon.colcon_core.shell:Creating package script '/home/ubuntu/robot_ws_data/install/euroc_image_publisher/share/euroc_image_publisher/package.zsh'
[-1772579955608576256.000s] Level 1:colcon.colcon_core.environment:create_file_with_runtime_dependencies(/home/ubuntu/robot_ws_data/install/euroc_image_publisher/share/colcon-core/packages/euroc_image_publisher)
[-1772579955608576256.000s] Level 1:colcon.colcon_core.environment:create_environment_scripts_only(euroc_image_publisher)
[-1772579955608576256.000s] Level 1:colcon.colcon_core.environment:checking '/home/ubuntu/robot_ws_data/install/euroc_image_publisher' for CMake module files
[-1772579955608576256.000s] Level 1:colcon.colcon_core.environment:checking '/home/ubuntu/robot_ws_data/install/euroc_image_publisher' for CMake config files
[-1772579955608576256.000s] Level 1:colcon.colcon_core.shell:create_environment_hook('euroc_image_publisher', 'cmake_prefix_path')
[-1772579955608576256.000s] INFO:colcon.colcon_core.shell:Creating environment hook '/home/ubuntu/robot_ws_data/install/euroc_image_publisher/share/euroc_image_publisher/hook/cmake_prefix_path.ps1'
[-1772579955608576256.000s] INFO:colcon.colcon_core.shell:Creating environment descriptor '/home/ubuntu/robot_ws_data/install/euroc_image_publisher/share/euroc_image_publisher/hook/cmake_prefix_path.dsv'
[-1772579955608576256.000s] INFO:colcon.colcon_core.shell:Creating environment hook '/home/ubuntu/robot_ws_data/install/euroc_image_publisher/share/euroc_image_publisher/hook/cmake_prefix_path.sh'
[-1772579955608576256.000s] Level 1:colcon.colcon_core.environment:checking '/home/ubuntu/robot_ws_data/install/euroc_image_publisher/lib'
[-1772579955608576256.000s] Level 1:colcon.colcon_core.environment:checking '/home/ubuntu/robot_ws_data/install/euroc_image_publisher/bin'
[-1772579955608576256.000s] Level 1:colcon.colcon_core.environment:checking '/home/ubuntu/robot_ws_data/install/euroc_image_publisher/lib/pkgconfig/euroc_image_publisher.pc'
[-1772579955608576256.000s] Level 1:colcon.colcon_core.environment:checking '/home/ubuntu/robot_ws_data/install/euroc_image_publisher/lib/python3.13/site-packages'
[-1772579955608576256.000s] Level 1:colcon.colcon_core.environment:checking '/home/ubuntu/robot_ws_data/install/euroc_image_publisher/bin'
[-1772579955608576256.000s] INFO:colcon.colcon_core.shell:Creating package script '/home/ubuntu/robot_ws_data/install/euroc_image_publisher/share/euroc_image_publisher/package.ps1'
[-1772579955608576256.000s] INFO:colcon.colcon_core.shell:Creating package descriptor '/home/ubuntu/robot_ws_data/install/euroc_image_publisher/share/euroc_image_publisher/package.dsv'
[-1772579955608576256.000s] INFO:colcon.colcon_core.shell:Creating package script '/home/ubuntu/robot_ws_data/install/euroc_image_publisher/share/euroc_image_publisher/package.sh'
[-1772579955608576256.000s] INFO:colcon.colcon_core.shell:Creating package script '/home/ubuntu/robot_ws_data/install/euroc_image_publisher/share/euroc_image_publisher/package.bash'
[-1772579955608576256.000s] INFO:colcon.colcon_core.shell:Creating package script '/home/ubuntu/robot_ws_data/install/euroc_image_publisher/share/euroc_image_publisher/package.zsh'
[-1772579955608576256.000s] Level 1:colcon.colcon_core.environment:create_file_with_runtime_dependencies(/home/ubuntu/robot_ws_data/install/euroc_image_publisher/share/colcon-core/packages/euroc_image_publisher)
[-1772579955608576256.000s] DEBUG:colcon.colcon_core.event_handler.log_command:Invoked command in '/home/ubuntu/robot_ws_data/build/ubicoders_svo' returned '0': CMAKE_PREFIX_PATH=${CMAKE_PREFIX_PATH}:/opt/ros/jazzy CONDA_PROMPT_MODIFIER=(base) DEBUGINFOD_URLS=https://debuginfod.ubuntu.com /usr/bin/cmake --build /home/ubuntu/robot_ws_data/build/ubicoders_svo -- -j28 -l28
[-1772579955608576256.000s] DEBUG:colcon.colcon_core.event_handler.log_command:Invoking command in '/home/ubuntu/robot_ws_data/build/ubicoders_svo': CMAKE_PREFIX_PATH=${CMAKE_PREFIX_PATH}:/opt/ros/jazzy CONDA_PROMPT_MODIFIER=(base) DEBUGINFOD_URLS=https://debuginfod.ubuntu.com /usr/bin/cmake --install /home/ubuntu/robot_ws_data/build/ubicoders_svo
[-1772579955608576256.000s] Level 1:colcon.colcon_core.environment:create_environment_scripts_only(ubicoders_svo)
[-1772579955608576256.000s] Level 1:colcon.colcon_core.environment:checking '/home/ubuntu/robot_ws_data/install/ubicoders_svo' for CMake module files
[-1772579955608576256.000s] DEBUG:colcon.colcon_core.event_handler.log_command:Invoked command in '/home/ubuntu/robot_ws_data/build/ubicoders_svo' returned '0': CMAKE_PREFIX_PATH=${CMAKE_PREFIX_PATH}:/opt/ros/jazzy CONDA_PROMPT_MODIFIER=(base) DEBUGINFOD_URLS=https://debuginfod.ubuntu.com /usr/bin/cmake --install /home/ubuntu/robot_ws_data/build/ubicoders_svo
[-1772579955608576256.000s] Level 1:colcon.colcon_core.environment:checking '/home/ubuntu/robot_ws_data/install/ubicoders_svo' for CMake config files
[-1772579955608576256.000s] Level 1:colcon.colcon_core.shell:create_environment_hook('ubicoders_svo', 'cmake_prefix_path')
[-1772579955608576256.000s] INFO:colcon.colcon_core.shell:Creating environment hook '/home/ubuntu/robot_ws_data/install/ubicoders_svo/share/ubicoders_svo/hook/cmake_prefix_path.ps1'
[-1772579955608576256.000s] INFO:colcon.colcon_core.shell:Creating environment descriptor '/home/ubuntu/robot_ws_data/install/ubicoders_svo/share/ubicoders_svo/hook/cmake_prefix_path.dsv'
[-1772579955608576256.000s] INFO:colcon.colcon_core.shell:Creating environment hook '/home/ubuntu/robot_ws_data/install/ubicoders_svo/share/ubicoders_svo/hook/cmake_prefix_path.sh'
[-1772579955608576256.000s] Level 1:colcon.colcon_core.environment:checking '/home/ubuntu/robot_ws_data/install/ubicoders_svo/lib'
[-1772579955608576256.000s] Level 1:colcon.colcon_core.environment:checking '/home/ubuntu/robot_ws_data/install/ubicoders_svo/bin'
[-1772579955608576256.000s] Level 1:colcon.colcon_core.environment:checking '/home/ubuntu/robot_ws_data/install/ubicoders_svo/lib/pkgconfig/ubicoders_svo.pc'
[-1772579955608576256.000s] Level 1:colcon.colcon_core.environment:checking '/home/ubuntu/robot_ws_data/install/ubicoders_svo/lib/python3.13/site-packages'
[-1772579955608576256.000s] Level 1:colcon.colcon_core.environment:checking '/home/ubuntu/robot_ws_data/install/ubicoders_svo/bin'
[-1772579955608576256.000s] INFO:colcon.colcon_core.shell:Creating package script '/home/ubuntu/robot_ws_data/install/ubicoders_svo/share/ubicoders_svo/package.ps1'
[-1772579955608576256.000s] INFO:colcon.colcon_core.shell:Creating package descriptor '/home/ubuntu/robot_ws_data/install/ubicoders_svo/share/ubicoders_svo/package.dsv'
[-1772579955608576256.000s] INFO:colcon.colcon_core.shell:Creating package script '/home/ubuntu/robot_ws_data/install/ubicoders_svo/share/ubicoders_svo/package.sh'
[-1772579955608576256.000s] INFO:colcon.colcon_core.shell:Creating package script '/home/ubuntu/robot_ws_data/install/ubicoders_svo/share/ubicoders_svo/package.bash'
[-1772579955608576256.000s] INFO:colcon.colcon_core.shell:Creating package script '/home/ubuntu/robot_ws_data/install/ubicoders_svo/share/ubicoders_svo/package.zsh'
[-1772579955608576256.000s] Level 1:colcon.colcon_core.environment:create_file_with_runtime_dependencies(/home/ubuntu/robot_ws_data/install/ubicoders_svo/share/colcon-core/packages/ubicoders_svo)
[-1772579955608576256.000s] Level 1:colcon.colcon_core.environment:create_environment_scripts_only(ubicoders_svo)
[-1772579955608576256.000s] Level 1:colcon.colcon_core.environment:checking '/home/ubuntu/robot_ws_data/install/ubicoders_svo' for CMake module files
[-1772579955608576256.000s] Level 1:colcon.colcon_core.environment:checking '/home/ubuntu/robot_ws_data/install/ubicoders_svo' for CMake config files
[-1772579955608576256.000s] Level 1:colcon.colcon_core.shell:create_environment_hook('ubicoders_svo', 'cmake_prefix_path')
[-1772579955608576256.000s] INFO:colcon.colcon_core.shell:Creating environment hook '/home/ubuntu/robot_ws_data/install/ubicoders_svo/share/ubicoders_svo/hook/cmake_prefix_path.ps1'
[-1772579955608576256.000s] INFO:colcon.colcon_core.shell:Creating environment descriptor '/home/ubuntu/robot_ws_data/install/ubicoders_svo/share/ubicoders_svo/hook/cmake_prefix_path.dsv'
[-1772579955608576256.000s] INFO:colcon.colcon_core.shell:Creating environment hook '/home/ubuntu/robot_ws_data/install/ubicoders_svo/share/ubicoders_svo/hook/cmake_prefix_path.sh'
[-1772579955608576256.000s] Level 1:colcon.colcon_core.environment:checking '/home/ubuntu/robot_ws_data/install/ubicoders_svo/lib'
[-1772579955608576256.000s] Level 1:colcon.colcon_core.environment:checking '/home/ubuntu/robot_ws_data/install/ubicoders_svo/bin'
[-1772579955608576256.000s] Level 1:colcon.colcon_core.environment:checking '/home/ubuntu/robot_ws_data/install/ubicoders_svo/lib/pkgconfig/ubicoders_svo.pc'
[-1772579955608576256.000s] Level 1:colcon.colcon_core.environment:checking '/home/ubuntu/robot_ws_data/install/ubicoders_svo/lib/python3.13/site-packages'
[-1772579955608576256.000s] Level 1:colcon.colcon_core.environment:checking '/home/ubuntu/robot_ws_data/install/ubicoders_svo/bin'
[-1772579955608576256.000s] INFO:colcon.colcon_core.shell:Creating package script '/home/ubuntu/robot_ws_data/install/ubicoders_svo/share/ubicoders_svo/package.ps1'
[-1772579955608576256.000s] INFO:colcon.colcon_core.shell:Creating package descriptor '/home/ubuntu/robot_ws_data/install/ubicoders_svo/share/ubicoders_svo/package.dsv'
[-1772579955608576256.000s] INFO:colcon.colcon_core.shell:Creating package script '/home/ubuntu/robot_ws_data/install/ubicoders_svo/share/ubicoders_svo/package.sh'
[-1772579955608576256.000s] INFO:colcon.colcon_core.shell:Creating package script '/home/ubuntu/robot_ws_data/install/ubicoders_svo/share/ubicoders_svo/package.bash'
[-1772579955608576256.000s] INFO:colcon.colcon_core.shell:Creating package script '/home/ubuntu/robot_ws_data/install/ubicoders_svo/share/ubicoders_svo/package.zsh'
[-1772579955608576256.000s] Level 1:colcon.colcon_core.environment:create_file_with_runtime_dependencies(/home/ubuntu/robot_ws_data/install/ubicoders_svo/share/colcon-core/packages/ubicoders_svo)
[-1772579955608576256.000s] DEBUG:colcon.colcon_parallel_executor.executor.parallel:closing loop
[-1772579955608576256.000s] DEBUG:colcon.colcon_parallel_executor.executor.parallel:loop closed
[-1772579955608576256.000s] DEBUG:colcon.colcon_parallel_executor.executor.parallel:run_until_complete finished with '0'
[-1772579955608576256.000s] DEBUG:colcon.colcon_core.event_reactor:joining thread
[-1772579955608576256.000s] INFO:colcon.colcon_core.plugin_system:Skipping extension 'colcon_notification.desktop_notification.notify2': 'notify2' not found
[-1772579955608576256.000s] INFO:colcon.colcon_core.plugin_system:Skipping extension 'colcon_notification.desktop_notification.notify_send': Could not find 'notify-send'
[-1772579955608576256.000s] INFO:colcon.colcon_core.plugin_system:Skipping extension 'colcon_notification.desktop_notification.terminal_notifier': Not used on non-Darwin systems
[-1772579955608576256.000s] INFO:colcon.colcon_core.plugin_system:Skipping extension 'colcon_notification.desktop_notification.win32': Not used on non-Windows systems
[-1772579955608576256.000s] DEBUG:colcon.colcon_core.event_reactor:joined thread
[-1772579955608576256.000s] INFO:colcon.colcon_core.shell:Creating prefix script '/home/ubuntu/robot_ws_data/install/local_setup.ps1'
[-1772579955608576256.000s] INFO:colcon.colcon_core.shell:Creating prefix util module '/home/ubuntu/robot_ws_data/install/_local_setup_util_ps1.py'
[-1772579955608576256.000s] INFO:colcon.colcon_core.shell:Creating prefix chain script '/home/ubuntu/robot_ws_data/install/setup.ps1'
[-1772579955608576256.000s] INFO:colcon.colcon_core.shell:Creating prefix script '/home/ubuntu/robot_ws_data/install/local_setup.sh'
[-1772579955608576256.000s] INFO:colcon.colcon_core.shell:Creating prefix util module '/home/ubuntu/robot_ws_data/install/_local_setup_util_sh.py'
[-1772579955608576256.000s] INFO:colcon.colcon_core.shell:Creating prefix chain script '/home/ubuntu/robot_ws_data/install/setup.sh'
[-1772579955608576256.000s] INFO:colcon.colcon_core.shell:Creating prefix script '/home/ubuntu/robot_ws_data/install/local_setup.bash'
[-1772579955608576256.000s] INFO:colcon.colcon_core.shell:Creating prefix chain script '/home/ubuntu/robot_ws_data/install/setup.bash'
[-1772579955608576256.000s] INFO:colcon.colcon_core.shell:Creating prefix script '/home/ubuntu/robot_ws_data/install/local_setup.zsh'
[-1772579955608576256.000s] INFO:colcon.colcon_core.shell:Creating prefix chain script '/home/ubuntu/robot_ws_data/install/setup.zsh'
