-- The C compiler identification is GNU 13.3.0
-- The CXX compiler identification is GNU 13.3.0
-- Detecting C compiler ABI info
-- Detecting C compiler ABI info - done
-- Check for working C compiler: /usr/bin/cc - skipped
-- Detecting C compile features
-- Detecting C compile features - done
-- Detecting CXX compiler ABI info
-- Detecting CXX compiler ABI info - done
-- Check for working CXX compiler: /usr/bin/c++ - skipped
-- Detecting CXX compile features
-- Detecting CXX compile features - done
-- Found ament_cmake: 2.5.5 (/opt/ros/jazzy/share/ament_cmake/cmake)
-- Found Python3: /miniconda/bin/python3 (found version "3.13.11") found components: Interpreter 
-- Override CMake install command with custom implementation using symlinks instead of copying resources
-- Found rclcpp: 28.1.16 (/opt/ros/jazzy/share/rclcpp/cmake)
-- Found rosidl_generator_c: 4.6.7 (/opt/ros/jazzy/share/rosidl_generator_c/cmake)
-- Found rosidl_generator_cpp: 4.6.7 (/opt/ros/jazzy/share/rosidl_generator_cpp/cmake)
-- Using all available rosidl_typesupport_c: rosidl_typesupport_fastrtps_c;rosidl_typesupport_introspection_c
-- Using all available rosidl_typesupport_cpp: rosidl_typesupport_fastrtps_cpp;rosidl_typesupport_introspection_cpp
-- Found rmw_implementation_cmake: 7.3.3 (/opt/ros/jazzy/share/rmw_implementation_cmake/cmake)
-- Found rmw_fastrtps_cpp: 8.4.3 (/opt/ros/jazzy/share/rmw_fastrtps_cpp/cmake)
-- Found OpenSSL: /usr/lib/x86_64-linux-gnu/libcrypto.so (found version "3.0.13")  
-- Found FastRTPS: /opt/ros/jazzy/include (Required is at least version "2.13") 
-- Using RMW implementation 'rmw_fastrtps_cpp' as default
-- Found cv_bridge: 4.1.0 (/opt/ros/jazzy/share/cv_bridge/cmake)
-- Found tf2_eigen: 0.36.19 (/opt/ros/jazzy/share/tf2_eigen/cmake)
-- Found nav_msgs: 5.3.6 (/opt/ros/jazzy/share/nav_msgs/cmake)
-- Found visualization_msgs: 5.3.6 (/opt/ros/jazzy/share/visualization_msgs/cmake)
-- Found OpenGL: /usr/lib/x86_64-linux-gnu/libOpenGL.so   
-- Found OpenCV: /usr (found version "4.6.0") 
-- Found ament_lint_auto: 0.17.4 (/opt/ros/jazzy/share/ament_lint_auto/cmake)
-- Configuring done (2.9s)
-- Generating done (0.0s)
-- Build files have been written to: /home/ubuntu/robot_ws_data/build/ubicoders_svo
[ 11%] [32mBuilding CXX object CMakeFiles/sv_lib.dir/src/svo_node.cpp.o[0m
[ 22%] [32mBuilding CXX object CMakeFiles/sv_lib.dir/src/backend.cpp.o[0m
[ 33%] [32mBuilding CXX object CMakeFiles/sv_lib.dir/src/viewer.cpp.o[0m
[ 55%] [32mBuilding CXX object CMakeFiles/sv_lib.dir/src/stereo_geometry.cpp.o[0m
[ 55%] [32mBuilding CXX object CMakeFiles/sv_lib.dir/src/map.cpp.o[0m
[ 66%] [32mBuilding CXX object CMakeFiles/sv_lib.dir/src/frontend.cpp.o[0m
[ 77%] [32m[1mLinking CXX static library libsv_lib.a[0m
[ 77%] Built target sv_lib
[ 88%] [32mBuilding CXX object CMakeFiles/ubicoders_svo.dir/executables/svo_main.cpp.o[0m
[100%] [32m[1mLinking CXX executable ubicoders_svo[0m
[100%] Built target ubicoders_svo
-- Install configuration: ""
-- Execute custom install script
-- Symlinking: /home/ubuntu/robot_ws_data/install/ubicoders_svo/lib/ubicoders_svo/ubicoders_svo
-- Symlinking: /home/ubuntu/robot_ws_data/install/ubicoders_svo/share/ubicoders_svo/launch/slam.launch.py
-- Symlinking: /home/ubuntu/robot_ws_data/install/ubicoders_svo/share/ament_index/resource_index/package_run_dependencies/ubicoders_svo
-- Symlinking: /home/ubuntu/robot_ws_data/install/ubicoders_svo/share/ament_index/resource_index/parent_prefix_path/ubicoders_svo
-- Symlinking: /home/ubuntu/robot_ws_data/install/ubicoders_svo/share/ubicoders_svo/environment/ament_prefix_path.sh
-- Symlinking: /home/ubuntu/robot_ws_data/install/ubicoders_svo/share/ubicoders_svo/environment/ament_prefix_path.dsv
-- Symlinking: /home/ubuntu/robot_ws_data/install/ubicoders_svo/share/ubicoders_svo/environment/path.sh
-- Symlinking: /home/ubuntu/robot_ws_data/install/ubicoders_svo/share/ubicoders_svo/environment/path.dsv
-- Symlinking: /home/ubuntu/robot_ws_data/install/ubicoders_svo/share/ubicoders_svo/local_setup.bash
-- Symlinking: /home/ubuntu/robot_ws_data/install/ubicoders_svo/share/ubicoders_svo/local_setup.sh
-- Symlinking: /home/ubuntu/robot_ws_data/install/ubicoders_svo/share/ubicoders_svo/local_setup.zsh
-- Symlinking: /home/ubuntu/robot_ws_data/install/ubicoders_svo/share/ubicoders_svo/local_setup.dsv
-- Symlinking: /home/ubuntu/robot_ws_data/install/ubicoders_svo/share/ubicoders_svo/package.dsv
-- Symlinking: /home/ubuntu/robot_ws_data/install/ubicoders_svo/share/ament_index/resource_index/packages/ubicoders_svo
-- Symlinking: /home/ubuntu/robot_ws_data/install/ubicoders_svo/share/ubicoders_svo/cmake/ubicoders_svoConfig.cmake
-- Symlinking: /home/ubuntu/robot_ws_data/install/ubicoders_svo/share/ubicoders_svo/cmake/ubicoders_svoConfig-version.cmake
-- Symlinking: /home/ubuntu/robot_ws_data/install/ubicoders_svo/share/ubicoders_svo/package.xml
