[0.031s] Invoking command in '/home/ubuntu/robot_ws_data/build/euroc_image_publisher': CMAKE_PREFIX_PATH=${CMAKE_PREFIX_PATH}:/opt/ros/jazzy CONDA_PROMPT_MODIFIER=(base) DEBUGINFOD_URLS=https://debuginfod.ubuntu.com /usr/bin/cmake /home/ubuntu/robot_ws_data/src/euroc_image_publisher -DCMAKE_EXPORT_COMPILE_COMMANDS=ON -DAMENT_CMAKE_SYMLINK_INSTALL=1 -DCMAKE_INSTALL_PREFIX=/home/ubuntu/robot_ws_data/install/euroc_image_publisher
[0.137s] -- The C compiler identification is GNU 13.3.0
[0.232s] -- The CXX compiler identification is GNU 13.3.0
[0.276s] -- Detecting C compiler ABI info
[0.488s] -- Detecting C compiler ABI info - done
[0.522s] -- Check for working C compiler: /usr/bin/cc - skipped
[0.523s] -- Detecting C compile features
[0.523s] -- Detecting C compile features - done
[0.539s] -- Detecting CXX compiler ABI info
[0.716s] -- Detecting CXX compiler ABI info - done
[0.750s] -- Check for working CXX compiler: /usr/bin/c++ - skipped
[0.751s] -- Detecting CXX compile features
[0.752s] -- Detecting CXX compile features - done
[0.767s] -- Found ament_cmake: 2.5.5 (/opt/ros/jazzy/share/ament_cmake/cmake)
[0.961s] -- Found Python3: /miniconda/bin/python3 (found version "3.13.11") found components: Interpreter 
[1.077s] -- Override CMake install command with custom implementation using symlinks instead of copying resources
[1.236s] -- Found rclcpp: 28.1.16 (/opt/ros/jazzy/share/rclcpp/cmake)
[1.393s] -- Found rosidl_generator_c: 4.6.7 (/opt/ros/jazzy/share/rosidl_generator_c/cmake)
[1.446s] -- Found rosidl_generator_cpp: 4.6.7 (/opt/ros/jazzy/share/rosidl_generator_cpp/cmake)
[1.510s] -- Using all available rosidl_typesupport_c: rosidl_typesupport_fastrtps_c;rosidl_typesupport_introspection_c
[1.579s] -- Using all available rosidl_typesupport_cpp: rosidl_typesupport_fastrtps_cpp;rosidl_typesupport_introspection_cpp
[1.851s] -- Found rmw_implementation_cmake: 7.3.3 (/opt/ros/jazzy/share/rmw_implementation_cmake/cmake)
[1.864s] -- Found rmw_fastrtps_cpp: 8.4.3 (/opt/ros/jazzy/share/rmw_fastrtps_cpp/cmake)
[2.050s] -- Found OpenSSL: /usr/lib/x86_64-linux-gnu/libcrypto.so (found version "3.0.13")  
[2.087s] -- Found FastRTPS: /opt/ros/jazzy/include (Required is at least version "2.13") 
[2.132s] -- Using RMW implementation 'rmw_fastrtps_cpp' as default
[2.304s] -- Found sensor_msgs: 5.3.6 (/opt/ros/jazzy/share/sensor_msgs/cmake)
[2.418s] -- Found cv_bridge: 4.1.0 (/opt/ros/jazzy/share/cv_bridge/cmake)
[2.449s] -- Found image_transport: 5.1.7 (/opt/ros/jazzy/share/image_transport/cmake)
[2.527s] -- Found OpenCV: /usr (found version "4.6.0") 
[2.558s] -- Found ament_lint_auto: 0.17.4 (/opt/ros/jazzy/share/ament_lint_auto/cmake)
[2.831s] -- Added test 'copyright' to check source files copyright and LICENSE
[2.845s] -- Added test 'cppcheck' to perform static code analysis on C / C++ code
[2.845s] -- Configured cppcheck include dirs: $<BUILD_INTERFACE:/home/ubuntu/robot_ws_data/src/euroc_image_publisher/include>
[2.846s] -- Configured cppcheck exclude dirs and/or files: 
[2.851s] -- Added test 'cpplint' to check C / C++ code against the Google style
[2.851s] -- Configured cpplint exclude dirs and/or files: 
[2.855s] -- Added test 'lint_cmake' to check CMake code style
[2.862s] -- Added test 'uncrustify' to check C / C++ code style
[2.862s] -- Configured uncrustify additional arguments: 
[2.865s] -- Added test 'xmllint' to check XML markup files
[2.886s] -- Configuring done (2.8s)
[2.966s] -- Generating done (0.1s)
[2.990s] -- Build files have been written to: /home/ubuntu/robot_ws_data/build/euroc_image_publisher
[3.013s] Invoked command in '/home/ubuntu/robot_ws_data/build/euroc_image_publisher' returned '0': CMAKE_PREFIX_PATH=${CMAKE_PREFIX_PATH}:/opt/ros/jazzy CONDA_PROMPT_MODIFIER=(base) DEBUGINFOD_URLS=https://debuginfod.ubuntu.com /usr/bin/cmake /home/ubuntu/robot_ws_data/src/euroc_image_publisher -DCMAKE_EXPORT_COMPILE_COMMANDS=ON -DAMENT_CMAKE_SYMLINK_INSTALL=1 -DCMAKE_INSTALL_PREFIX=/home/ubuntu/robot_ws_data/install/euroc_image_publisher
[3.015s] Invoking command in '/home/ubuntu/robot_ws_data/build/euroc_image_publisher': CMAKE_PREFIX_PATH=${CMAKE_PREFIX_PATH}:/opt/ros/jazzy CONDA_PROMPT_MODIFIER=(base) DEBUGINFOD_URLS=https://debuginfod.ubuntu.com /usr/bin/cmake --build /home/ubuntu/robot_ws_data/build/euroc_image_publisher -- -j28 -l28
[3.123s] [ 50%] [32mBuilding CXX object CMakeFiles/euroc_image_publisher_node.dir/src/euroc_image_publisher_node.cpp.o[0m
[11.483s] [100%] [32m[1mLinking CXX executable euroc_image_publisher_node[0m
[12.420s] [100%] Built target euroc_image_publisher_node
[12.450s] Invoked command in '/home/ubuntu/robot_ws_data/build/euroc_image_publisher' returned '0': CMAKE_PREFIX_PATH=${CMAKE_PREFIX_PATH}:/opt/ros/jazzy CONDA_PROMPT_MODIFIER=(base) DEBUGINFOD_URLS=https://debuginfod.ubuntu.com /usr/bin/cmake --build /home/ubuntu/robot_ws_data/build/euroc_image_publisher -- -j28 -l28
[12.453s] Invoking command in '/home/ubuntu/robot_ws_data/build/euroc_image_publisher': CMAKE_PREFIX_PATH=${CMAKE_PREFIX_PATH}:/opt/ros/jazzy CONDA_PROMPT_MODIFIER=(base) DEBUGINFOD_URLS=https://debuginfod.ubuntu.com /usr/bin/cmake --install /home/ubuntu/robot_ws_data/build/euroc_image_publisher
[12.478s] -- Install configuration: ""
[12.480s] -- Execute custom install script
[12.484s] -- Symlinking: /home/ubuntu/robot_ws_data/install/euroc_image_publisher/lib/euroc_image_publisher/euroc_image_publisher_node
[12.503s] -- Symlinking: /home/ubuntu/robot_ws_data/install/euroc_image_publisher/share/ament_index/resource_index/package_run_dependencies/euroc_image_publisher
[12.532s] -- Symlinking: /home/ubuntu/robot_ws_data/install/euroc_image_publisher/share/ament_index/resource_index/parent_prefix_path/euroc_image_publisher
[12.548s] -- Symlinking: /home/ubuntu/robot_ws_data/install/euroc_image_publisher/share/euroc_image_publisher/environment/ament_prefix_path.sh
[12.575s] -- Symlinking: /home/ubuntu/robot_ws_data/install/euroc_image_publisher/share/euroc_image_publisher/environment/ament_prefix_path.dsv
[12.595s] -- Symlinking: /home/ubuntu/robot_ws_data/install/euroc_image_publisher/share/euroc_image_publisher/environment/path.sh
[12.608s] -- Symlinking: /home/ubuntu/robot_ws_data/install/euroc_image_publisher/share/euroc_image_publisher/environment/path.dsv
[12.621s] -- Symlinking: /home/ubuntu/robot_ws_data/install/euroc_image_publisher/share/euroc_image_publisher/local_setup.bash
[12.646s] -- Symlinking: /home/ubuntu/robot_ws_data/install/euroc_image_publisher/share/euroc_image_publisher/local_setup.sh
[12.661s] -- Symlinking: /home/ubuntu/robot_ws_data/install/euroc_image_publisher/share/euroc_image_publisher/local_setup.zsh
[12.674s] -- Symlinking: /home/ubuntu/robot_ws_data/install/euroc_image_publisher/share/euroc_image_publisher/local_setup.dsv
[12.691s] -- Symlinking: /home/ubuntu/robot_ws_data/install/euroc_image_publisher/share/euroc_image_publisher/package.dsv
[12.712s] -- Symlinking: /home/ubuntu/robot_ws_data/install/euroc_image_publisher/share/ament_index/resource_index/packages/euroc_image_publisher
[12.727s] -- Symlinking: /home/ubuntu/robot_ws_data/install/euroc_image_publisher/share/euroc_image_publisher/cmake/euroc_image_publisherConfig.cmake
[12.754s] -- Symlinking: /home/ubuntu/robot_ws_data/install/euroc_image_publisher/share/euroc_image_publisher/cmake/euroc_image_publisherConfig-version.cmake
[12.780s] -- Symlinking: /home/ubuntu/robot_ws_data/install/euroc_image_publisher/share/euroc_image_publisher/package.xml
[12.809s] Invoked command in '/home/ubuntu/robot_ws_data/build/euroc_image_publisher' returned '0': CMAKE_PREFIX_PATH=${CMAKE_PREFIX_PATH}:/opt/ros/jazzy CONDA_PROMPT_MODIFIER=(base) DEBUGINFOD_URLS=https://debuginfod.ubuntu.com /usr/bin/cmake --install /home/ubuntu/robot_ws_data/build/euroc_image_publisher
