[0.061s] Invoking command in '/home/ubuntu/robot_ws_data/build/customdata_publisher': CMAKE_PREFIX_PATH=${CMAKE_PREFIX_PATH}:/opt/ros/jazzy CONDA_PROMPT_MODIFIER=(base) DEBUGINFOD_URLS=https://debuginfod.ubuntu.com /usr/bin/cmake /home/ubuntu/robot_ws_data/src/customdata_publisher -DCMAKE_EXPORT_COMPILE_COMMANDS=ON -DCMAKE_INSTALL_PREFIX=/home/ubuntu/robot_ws_data/install/customdata_publisher
[0.179s] -- The C compiler identification is GNU 13.3.0
[0.297s] -- The CXX compiler identification is GNU 13.3.0
[0.346s] -- Detecting C compiler ABI info
[0.617s] -- Detecting C compiler ABI info - done
[0.658s] -- Check for working C compiler: /usr/bin/cc - skipped
[0.659s] -- Detecting C compile features
[0.660s] -- Detecting C compile features - done
[0.687s] -- Detecting CXX compiler ABI info
[0.954s] -- Detecting CXX compiler ABI info - done
[0.985s] -- Check for working CXX compiler: /usr/bin/c++ - skipped
[0.985s] -- Detecting CXX compile features
[0.991s] -- Detecting CXX compile features - done
[1.018s] -- Found ament_cmake: 2.5.5 (/opt/ros/jazzy/share/ament_cmake/cmake)
[1.210s] -- Found Python3: /miniconda/bin/python3 (found version "3.13.11") found components: Interpreter 
[1.448s] -- Found rclcpp: 28.1.16 (/opt/ros/jazzy/share/rclcpp/cmake)
[1.575s] -- Found rosidl_generator_c: 4.6.7 (/opt/ros/jazzy/share/rosidl_generator_c/cmake)
[1.610s] -- Found rosidl_generator_cpp: 4.6.7 (/opt/ros/jazzy/share/rosidl_generator_cpp/cmake)
[1.671s] -- Using all available rosidl_typesupport_c: rosidl_typesupport_fastrtps_c;rosidl_typesupport_introspection_c
[1.744s] -- Using all available rosidl_typesupport_cpp: rosidl_typesupport_fastrtps_cpp;rosidl_typesupport_introspection_cpp
[1.896s] -- Found rmw_implementation_cmake: 7.3.3 (/opt/ros/jazzy/share/rmw_implementation_cmake/cmake)
[1.904s] -- Found rmw_fastrtps_cpp: 8.4.3 (/opt/ros/jazzy/share/rmw_fastrtps_cpp/cmake)
[2.119s] -- Found OpenSSL: /usr/lib/x86_64-linux-gnu/libcrypto.so (found version "3.0.13")  
[2.174s] -- Found FastRTPS: /opt/ros/jazzy/include (Required is at least version "2.13") 
[2.206s] -- Using RMW implementation 'rmw_fastrtps_cpp' as default
[2.377s] -- Found sensor_msgs: 5.3.6 (/opt/ros/jazzy/share/sensor_msgs/cmake)
[2.479s] -- Found cv_bridge: 4.1.0 (/opt/ros/jazzy/share/cv_bridge/cmake)
[2.505s] -- Found OpenCV: /usr (found version "4.6.0") 
[2.515s] -- Found ament_lint_auto: 0.17.4 (/opt/ros/jazzy/share/ament_lint_auto/cmake)
[2.674s] -- Configuring done (2.6s)
[2.743s] -- Generating done (0.0s)
[2.771s] -- Build files have been written to: /home/ubuntu/robot_ws_data/build/customdata_publisher
[2.793s] Invoked command in '/home/ubuntu/robot_ws_data/build/customdata_publisher' returned '0': CMAKE_PREFIX_PATH=${CMAKE_PREFIX_PATH}:/opt/ros/jazzy CONDA_PROMPT_MODIFIER=(base) DEBUGINFOD_URLS=https://debuginfod.ubuntu.com /usr/bin/cmake /home/ubuntu/robot_ws_data/src/customdata_publisher -DCMAKE_EXPORT_COMPILE_COMMANDS=ON -DCMAKE_INSTALL_PREFIX=/home/ubuntu/robot_ws_data/install/customdata_publisher
[2.798s] Invoking command in '/home/ubuntu/robot_ws_data/build/customdata_publisher': CMAKE_PREFIX_PATH=${CMAKE_PREFIX_PATH}:/opt/ros/jazzy CONDA_PROMPT_MODIFIER=(base) DEBUGINFOD_URLS=https://debuginfod.ubuntu.com /usr/bin/cmake --build /home/ubuntu/robot_ws_data/build/customdata_publisher -- -j28 -l28
[2.921s] [ 50%] [32mBuilding CXX object CMakeFiles/customdata_publisher_node.dir/src/customdata_publisher_node.cpp.o[0m
[10.376s] [100%] [32m[1mLinking CXX executable customdata_publisher_node[0m
[11.254s] [100%] Built target customdata_publisher_node
[11.284s] Invoked command in '/home/ubuntu/robot_ws_data/build/customdata_publisher' returned '0': CMAKE_PREFIX_PATH=${CMAKE_PREFIX_PATH}:/opt/ros/jazzy CONDA_PROMPT_MODIFIER=(base) DEBUGINFOD_URLS=https://debuginfod.ubuntu.com /usr/bin/cmake --build /home/ubuntu/robot_ws_data/build/customdata_publisher -- -j28 -l28
[11.312s] Invoking command in '/home/ubuntu/robot_ws_data/build/customdata_publisher': CMAKE_PREFIX_PATH=${CMAKE_PREFIX_PATH}:/opt/ros/jazzy CONDA_PROMPT_MODIFIER=(base) DEBUGINFOD_URLS=https://debuginfod.ubuntu.com /usr/bin/cmake --install /home/ubuntu/robot_ws_data/build/customdata_publisher
[11.337s] -- Install configuration: ""
[11.338s] -- Up-to-date: /home/ubuntu/robot_ws_data/install/customdata_publisher/share/customdata_publisher/launch
[11.342s] -- Installing: /home/ubuntu/robot_ws_data/install/customdata_publisher/share/customdata_publisher/package.dsv
[11.348s] Invoked command in '/home/ubuntu/robot_ws_data/build/customdata_publisher' returned '0': CMAKE_PREFIX_PATH=${CMAKE_PREFIX_PATH}:/opt/ros/jazzy CONDA_PROMPT_MODIFIER=(base) DEBUGINFOD_URLS=https://debuginfod.ubuntu.com /usr/bin/cmake --install /home/ubuntu/robot_ws_data/build/customdata_publisher
