[0.045s] Invoking command in '/home/ubuntu/robot_ws_data/build/euroc_image_publisher': CMAKE_PREFIX_PATH=${CMAKE_PREFIX_PATH}:/opt/ros/jazzy CONDA_PROMPT_MODIFIER=(base) DEBUGINFOD_URLS=https://debuginfod.ubuntu.com /usr/bin/cmake /home/ubuntu/robot_ws_data/src/euroc_image_publisher -DCMAKE_INSTALL_PREFIX=/home/ubuntu/robot_ws_data/install/euroc_image_publisher
[0.077s] -- Found ament_cmake: 2.5.5 (/opt/ros/jazzy/share/ament_cmake/cmake)
[0.453s] -- Found rclcpp: 28.1.16 (/opt/ros/jazzy/share/rclcpp/cmake)
[0.491s] -- Found rosidl_generator_c: 4.6.7 (/opt/ros/jazzy/share/rosidl_generator_c/cmake)
[0.501s] -- Found rosidl_generator_cpp: 4.6.7 (/opt/ros/jazzy/share/rosidl_generator_cpp/cmake)
[0.515s] -- Using all available rosidl_typesupport_c: rosidl_typesupport_fastrtps_c;rosidl_typesupport_introspection_c
[0.534s] -- Using all available rosidl_typesupport_cpp: rosidl_typesupport_fastrtps_cpp;rosidl_typesupport_introspection_cpp
[0.614s] -- Found rmw_implementation_cmake: 7.3.3 (/opt/ros/jazzy/share/rmw_implementation_cmake/cmake)
[0.617s] -- Found rmw_fastrtps_cpp: 8.4.3 (/opt/ros/jazzy/share/rmw_fastrtps_cpp/cmake)
[0.713s] -- Using RMW implementation 'rmw_fastrtps_cpp' as default
[0.811s] -- Found sensor_msgs: 5.3.6 (/opt/ros/jazzy/share/sensor_msgs/cmake)
[0.881s] -- Found cv_bridge: 4.1.0 (/opt/ros/jazzy/share/cv_bridge/cmake)
[0.891s] -- Found image_transport: 5.1.7 (/opt/ros/jazzy/share/image_transport/cmake)
[0.913s] -- Found ament_lint_auto: 0.17.4 (/opt/ros/jazzy/share/ament_lint_auto/cmake)
[1.097s] -- Added test 'copyright' to check source files copyright and LICENSE
[1.107s] -- Added test 'cppcheck' to perform static code analysis on C / C++ code
[1.111s] -- Configured cppcheck include dirs: $<BUILD_INTERFACE:/home/ubuntu/robot_ws_data/src/euroc_image_publisher/include>
[1.111s] -- Configured cppcheck exclude dirs and/or files: 
[1.114s] -- Added test 'cpplint' to check C / C++ code against the Google style
[1.114s] -- Configured cpplint exclude dirs and/or files: 
[1.116s] -- Added test 'lint_cmake' to check CMake code style
[1.121s] -- Added test 'uncrustify' to check C / C++ code style
[1.121s] -- Configured uncrustify additional arguments: 
[1.123s] -- Added test 'xmllint' to check XML markup files
[1.128s] -- Configuring done (1.1s)
[1.180s] -- Generating done (0.0s)
[1.207s] -- Build files have been written to: /home/ubuntu/robot_ws_data/build/euroc_image_publisher
[1.224s] Invoked command in '/home/ubuntu/robot_ws_data/build/euroc_image_publisher' returned '0': CMAKE_PREFIX_PATH=${CMAKE_PREFIX_PATH}:/opt/ros/jazzy CONDA_PROMPT_MODIFIER=(base) DEBUGINFOD_URLS=https://debuginfod.ubuntu.com /usr/bin/cmake /home/ubuntu/robot_ws_data/src/euroc_image_publisher -DCMAKE_INSTALL_PREFIX=/home/ubuntu/robot_ws_data/install/euroc_image_publisher
[1.227s] Invoking command in '/home/ubuntu/robot_ws_data/build/euroc_image_publisher': CMAKE_PREFIX_PATH=${CMAKE_PREFIX_PATH}:/opt/ros/jazzy CONDA_PROMPT_MODIFIER=(base) DEBUGINFOD_URLS=https://debuginfod.ubuntu.com /usr/bin/cmake --build /home/ubuntu/robot_ws_data/build/euroc_image_publisher -- -j28 -l28
[1.552s] [100%] Built target euroc_image_publisher_node
[1.640s] Invoked command in '/home/ubuntu/robot_ws_data/build/euroc_image_publisher' returned '0': CMAKE_PREFIX_PATH=${CMAKE_PREFIX_PATH}:/opt/ros/jazzy CONDA_PROMPT_MODIFIER=(base) DEBUGINFOD_URLS=https://debuginfod.ubuntu.com /usr/bin/cmake --build /home/ubuntu/robot_ws_data/build/euroc_image_publisher -- -j28 -l28
[1.642s] Invoking command in '/home/ubuntu/robot_ws_data/build/euroc_image_publisher': CMAKE_PREFIX_PATH=${CMAKE_PREFIX_PATH}:/opt/ros/jazzy CONDA_PROMPT_MODIFIER=(base) DEBUGINFOD_URLS=https://debuginfod.ubuntu.com /usr/bin/cmake --install /home/ubuntu/robot_ws_data/build/euroc_image_publisher
[1.661s] -- Install configuration: ""
[1.666s] -- Installing: /home/ubuntu/robot_ws_data/install/euroc_image_publisher/share/euroc_image_publisher/package.dsv
[1.674s] Invoked command in '/home/ubuntu/robot_ws_data/build/euroc_image_publisher' returned '0': CMAKE_PREFIX_PATH=${CMAKE_PREFIX_PATH}:/opt/ros/jazzy CONDA_PROMPT_MODIFIER=(base) DEBUGINFOD_URLS=https://debuginfod.ubuntu.com /usr/bin/cmake --install /home/ubuntu/robot_ws_data/build/euroc_image_publisher
