-- The C compiler identification is GNU 13.3.0
-- The CXX compiler identification is GNU 13.3.0
-- Detecting C compiler ABI info
-- Detecting C compiler ABI info - done
-- Check for working C compiler: /usr/bin/cc - skipped
-- Detecting C compile features
-- Detecting C compile features - done
-- Detecting CXX compiler ABI info
-- Detecting CXX compiler ABI info - done
-- Check for working CXX compiler: /usr/bin/c++ - skipped
-- Detecting CXX compile features
-- Detecting CXX compile features - done
-- Found ament_cmake: 2.5.5 (/opt/ros/jazzy/share/ament_cmake/cmake)
-- Found Python3: /miniconda/bin/python3 (found version "3.13.11") found components: Interpreter 
-- Override CMake install command with custom implementation using symlinks instead of copying resources
-- Found rclcpp: 28.1.16 (/opt/ros/jazzy/share/rclcpp/cmake)
-- Found rosidl_generator_c: 4.6.7 (/opt/ros/jazzy/share/rosidl_generator_c/cmake)
-- Found rosidl_generator_cpp: 4.6.7 (/opt/ros/jazzy/share/rosidl_generator_cpp/cmake)
-- Using all available rosidl_typesupport_c: rosidl_typesupport_fastrtps_c;rosidl_typesupport_introspection_c
-- Using all available rosidl_typesupport_cpp: rosidl_typesupport_fastrtps_cpp;rosidl_typesupport_introspection_cpp
-- Found rmw_implementation_cmake: 7.3.3 (/opt/ros/jazzy/share/rmw_implementation_cmake/cmake)
-- Found rmw_fastrtps_cpp: 8.4.3 (/opt/ros/jazzy/share/rmw_fastrtps_cpp/cmake)
-- Found OpenSSL: /usr/lib/x86_64-linux-gnu/libcrypto.so (found version "3.0.13")  
-- Found FastRTPS: /opt/ros/jazzy/include (Required is at least version "2.13") 
-- Using RMW implementation 'rmw_fastrtps_cpp' as default
-- Found sensor_msgs: 5.3.6 (/opt/ros/jazzy/share/sensor_msgs/cmake)
-- Found cv_bridge: 4.1.0 (/opt/ros/jazzy/share/cv_bridge/cmake)
-- Found OpenCV: /usr (found version "4.6.0") 
-- Found ament_lint_auto: 0.17.4 (/opt/ros/jazzy/share/ament_lint_auto/cmake)
-- Configuring done (2.6s)
-- Generating done (0.1s)
-- Build files have been written to: /home/ubuntu/robot_ws_data/build/customdata_publisher
[ 50%] [32mBuilding CXX object CMakeFiles/customdata_publisher_node.dir/src/customdata_publisher_node.cpp.o[0m
[100%] [32m[1mLinking CXX executable customdata_publisher_node[0m
[100%] Built target customdata_publisher_node
-- Install configuration: ""
-- Execute custom install script
-- Symlinking: /home/ubuntu/robot_ws_data/install/customdata_publisher/lib/customdata_publisher/customdata_publisher_node
-- Symlinking: /home/ubuntu/robot_ws_data/install/customdata_publisher/share/customdata_publisher/launch/customdata_launch.py
-- Symlinking: /home/ubuntu/robot_ws_data/install/customdata_publisher/share/ament_index/resource_index/package_run_dependencies/customdata_publisher
-- Symlinking: /home/ubuntu/robot_ws_data/install/customdata_publisher/share/ament_index/resource_index/parent_prefix_path/customdata_publisher
-- Symlinking: /home/ubuntu/robot_ws_data/install/customdata_publisher/share/customdata_publisher/environment/ament_prefix_path.sh
-- Symlinking: /home/ubuntu/robot_ws_data/install/customdata_publisher/share/customdata_publisher/environment/ament_prefix_path.dsv
-- Symlinking: /home/ubuntu/robot_ws_data/install/customdata_publisher/share/customdata_publisher/environment/path.sh
-- Symlinking: /home/ubuntu/robot_ws_data/install/customdata_publisher/share/customdata_publisher/environment/path.dsv
-- Symlinking: /home/ubuntu/robot_ws_data/install/customdata_publisher/share/customdata_publisher/local_setup.bash
-- Symlinking: /home/ubuntu/robot_ws_data/install/customdata_publisher/share/customdata_publisher/local_setup.sh
-- Symlinking: /home/ubuntu/robot_ws_data/install/customdata_publisher/share/customdata_publisher/local_setup.zsh
-- Symlinking: /home/ubuntu/robot_ws_data/install/customdata_publisher/share/customdata_publisher/local_setup.dsv
-- Symlinking: /home/ubuntu/robot_ws_data/install/customdata_publisher/share/customdata_publisher/package.dsv
-- Symlinking: /home/ubuntu/robot_ws_data/install/customdata_publisher/share/ament_index/resource_index/packages/customdata_publisher
-- Symlinking: /home/ubuntu/robot_ws_data/install/customdata_publisher/share/customdata_publisher/cmake/customdata_publisherConfig.cmake
-- Symlinking: /home/ubuntu/robot_ws_data/install/customdata_publisher/share/customdata_publisher/cmake/customdata_publisherConfig-version.cmake
-- Symlinking: /home/ubuntu/robot_ws_data/install/customdata_publisher/share/customdata_publisher/package.xml
