[0.028s] Invoking command in '/home/ubuntu/robot_ws_data/build/customdata_publisher': CMAKE_PREFIX_PATH=${CMAKE_PREFIX_PATH}:/opt/ros/jazzy CONDA_PROMPT_MODIFIER=(base) DEBUGINFOD_URLS=https://debuginfod.ubuntu.com /usr/bin/cmake /home/ubuntu/robot_ws_data/src/customdata_publisher -DCMAKE_EXPORT_COMPILE_COMMANDS=ON -DAMENT_CMAKE_SYMLINK_INSTALL=1 -DCMAKE_INSTALL_PREFIX=/home/ubuntu/robot_ws_data/install/customdata_publisher
[0.163s] -- The C compiler identification is GNU 13.3.0
[0.266s] -- The CXX compiler identification is GNU 13.3.0
[0.303s] -- Detecting C compiler ABI info
[0.522s] -- Detecting C compiler ABI info - done
[0.543s] -- Check for working C compiler: /usr/bin/cc - skipped
[0.544s] -- Detecting C compile features
[0.544s] -- Detecting C compile features - done
[0.560s] -- Detecting CXX compiler ABI info
[0.746s] -- Detecting CXX compiler ABI info - done
[0.778s] -- Check for working CXX compiler: /usr/bin/c++ - skipped
[0.778s] -- Detecting CXX compile features
[0.779s] -- Detecting CXX compile features - done
[0.791s] -- Found ament_cmake: 2.5.5 (/opt/ros/jazzy/share/ament_cmake/cmake)
[0.980s] -- Found Python3: /miniconda/bin/python3 (found version "3.13.11") found components: Interpreter 
[1.083s] -- Override CMake install command with custom implementation using symlinks instead of copying resources
[1.250s] -- Found rclcpp: 28.1.16 (/opt/ros/jazzy/share/rclcpp/cmake)
[1.396s] -- Found rosidl_generator_c: 4.6.7 (/opt/ros/jazzy/share/rosidl_generator_c/cmake)
[1.453s] -- Found rosidl_generator_cpp: 4.6.7 (/opt/ros/jazzy/share/rosidl_generator_cpp/cmake)
[1.513s] -- Using all available rosidl_typesupport_c: rosidl_typesupport_fastrtps_c;rosidl_typesupport_introspection_c
[1.578s] -- Using all available rosidl_typesupport_cpp: rosidl_typesupport_fastrtps_cpp;rosidl_typesupport_introspection_cpp
[1.842s] -- Found rmw_implementation_cmake: 7.3.3 (/opt/ros/jazzy/share/rmw_implementation_cmake/cmake)
[1.858s] -- Found rmw_fastrtps_cpp: 8.4.3 (/opt/ros/jazzy/share/rmw_fastrtps_cpp/cmake)
[2.053s] -- Found OpenSSL: /usr/lib/x86_64-linux-gnu/libcrypto.so (found version "3.0.13")  
[2.089s] -- Found FastRTPS: /opt/ros/jazzy/include (Required is at least version "2.13") 
[2.133s] -- Using RMW implementation 'rmw_fastrtps_cpp' as default
[2.297s] -- Found sensor_msgs: 5.3.6 (/opt/ros/jazzy/share/sensor_msgs/cmake)
[2.437s] -- Found cv_bridge: 4.1.0 (/opt/ros/jazzy/share/cv_bridge/cmake)
[2.464s] -- Found OpenCV: /usr (found version "4.6.0") 
[2.474s] -- Found ament_lint_auto: 0.17.4 (/opt/ros/jazzy/share/ament_lint_auto/cmake)
[2.650s] -- Configuring done (2.6s)
[2.726s] -- Generating done (0.1s)
[2.749s] -- Build files have been written to: /home/ubuntu/robot_ws_data/build/customdata_publisher
[2.770s] Invoked command in '/home/ubuntu/robot_ws_data/build/customdata_publisher' returned '0': CMAKE_PREFIX_PATH=${CMAKE_PREFIX_PATH}:/opt/ros/jazzy CONDA_PROMPT_MODIFIER=(base) DEBUGINFOD_URLS=https://debuginfod.ubuntu.com /usr/bin/cmake /home/ubuntu/robot_ws_data/src/customdata_publisher -DCMAKE_EXPORT_COMPILE_COMMANDS=ON -DAMENT_CMAKE_SYMLINK_INSTALL=1 -DCMAKE_INSTALL_PREFIX=/home/ubuntu/robot_ws_data/install/customdata_publisher
[2.773s] Invoking command in '/home/ubuntu/robot_ws_data/build/customdata_publisher': CMAKE_PREFIX_PATH=${CMAKE_PREFIX_PATH}:/opt/ros/jazzy CONDA_PROMPT_MODIFIER=(base) DEBUGINFOD_URLS=https://debuginfod.ubuntu.com /usr/bin/cmake --build /home/ubuntu/robot_ws_data/build/customdata_publisher -- -j28 -l28
[2.915s] [ 50%] [32mBuilding CXX object CMakeFiles/customdata_publisher_node.dir/src/customdata_publisher_node.cpp.o[0m
[10.697s] [100%] [32m[1mLinking CXX executable customdata_publisher_node[0m
[11.599s] [100%] Built target customdata_publisher_node
[11.616s] Invoked command in '/home/ubuntu/robot_ws_data/build/customdata_publisher' returned '0': CMAKE_PREFIX_PATH=${CMAKE_PREFIX_PATH}:/opt/ros/jazzy CONDA_PROMPT_MODIFIER=(base) DEBUGINFOD_URLS=https://debuginfod.ubuntu.com /usr/bin/cmake --build /home/ubuntu/robot_ws_data/build/customdata_publisher -- -j28 -l28
[11.618s] Invoking command in '/home/ubuntu/robot_ws_data/build/customdata_publisher': CMAKE_PREFIX_PATH=${CMAKE_PREFIX_PATH}:/opt/ros/jazzy CONDA_PROMPT_MODIFIER=(base) DEBUGINFOD_URLS=https://debuginfod.ubuntu.com /usr/bin/cmake --install /home/ubuntu/robot_ws_data/build/customdata_publisher
[11.628s] -- Install configuration: ""
[11.629s] -- Execute custom install script
[11.630s] -- Symlinking: /home/ubuntu/robot_ws_data/install/customdata_publisher/lib/customdata_publisher/customdata_publisher_node
[11.644s] -- Symlinking: /home/ubuntu/robot_ws_data/install/customdata_publisher/share/customdata_publisher/launch/customdata_launch.py
[11.657s] -- Symlinking: /home/ubuntu/robot_ws_data/install/customdata_publisher/share/ament_index/resource_index/package_run_dependencies/customdata_publisher
[11.670s] -- Symlinking: /home/ubuntu/robot_ws_data/install/customdata_publisher/share/ament_index/resource_index/parent_prefix_path/customdata_publisher
[11.685s] -- Symlinking: /home/ubuntu/robot_ws_data/install/customdata_publisher/share/customdata_publisher/environment/ament_prefix_path.sh
[11.699s] -- Symlinking: /home/ubuntu/robot_ws_data/install/customdata_publisher/share/customdata_publisher/environment/ament_prefix_path.dsv
[11.713s] -- Symlinking: /home/ubuntu/robot_ws_data/install/customdata_publisher/share/customdata_publisher/environment/path.sh
[11.726s] -- Symlinking: /home/ubuntu/robot_ws_data/install/customdata_publisher/share/customdata_publisher/environment/path.dsv
[11.737s] -- Symlinking: /home/ubuntu/robot_ws_data/install/customdata_publisher/share/customdata_publisher/local_setup.bash
[11.749s] -- Symlinking: /home/ubuntu/robot_ws_data/install/customdata_publisher/share/customdata_publisher/local_setup.sh
[11.765s] -- Symlinking: /home/ubuntu/robot_ws_data/install/customdata_publisher/share/customdata_publisher/local_setup.zsh
[11.779s] -- Symlinking: /home/ubuntu/robot_ws_data/install/customdata_publisher/share/customdata_publisher/local_setup.dsv
[11.794s] -- Symlinking: /home/ubuntu/robot_ws_data/install/customdata_publisher/share/customdata_publisher/package.dsv
[11.809s] -- Symlinking: /home/ubuntu/robot_ws_data/install/customdata_publisher/share/ament_index/resource_index/packages/customdata_publisher
[11.821s] -- Symlinking: /home/ubuntu/robot_ws_data/install/customdata_publisher/share/customdata_publisher/cmake/customdata_publisherConfig.cmake
[11.836s] -- Symlinking: /home/ubuntu/robot_ws_data/install/customdata_publisher/share/customdata_publisher/cmake/customdata_publisherConfig-version.cmake
[11.848s] -- Symlinking: /home/ubuntu/robot_ws_data/install/customdata_publisher/share/customdata_publisher/package.xml
[11.865s] Invoked command in '/home/ubuntu/robot_ws_data/build/customdata_publisher' returned '0': CMAKE_PREFIX_PATH=${CMAKE_PREFIX_PATH}:/opt/ros/jazzy CONDA_PROMPT_MODIFIER=(base) DEBUGINFOD_URLS=https://debuginfod.ubuntu.com /usr/bin/cmake --install /home/ubuntu/robot_ws_data/build/customdata_publisher
