[0.036s] Invoking command in '/home/ubuntu/robot_ws_data/build/kitti_image_publisher': CMAKE_PREFIX_PATH=${CMAKE_PREFIX_PATH}:/opt/ros/jazzy CONDA_PROMPT_MODIFIER=(base) DEBUGINFOD_URLS=https://debuginfod.ubuntu.com /usr/bin/cmake /home/ubuntu/robot_ws_data/src/kitti_image_publisher -DCMAKE_EXPORT_COMPILE_COMMANDS=ON -DAMENT_CMAKE_SYMLINK_INSTALL=1 -DCMAKE_INSTALL_PREFIX=/home/ubuntu/robot_ws_data/install/kitti_image_publisher
[0.150s] -- The C compiler identification is GNU 13.3.0
[0.256s] -- The CXX compiler identification is GNU 13.3.0
[0.298s] -- Detecting C compiler ABI info
[0.511s] -- Detecting C compiler ABI info - done
[0.534s] -- Check for working C compiler: /usr/bin/cc - skipped
[0.534s] -- Detecting C compile features
[0.535s] -- Detecting C compile features - done
[0.553s] -- Detecting CXX compiler ABI info
[0.736s] -- Detecting CXX compiler ABI info - done
[0.767s] -- Check for working CXX compiler: /usr/bin/c++ - skipped
[0.767s] -- Detecting CXX compile features
[0.768s] -- Detecting CXX compile features - done
[0.785s] -- Found ament_cmake: 2.5.5 (/opt/ros/jazzy/share/ament_cmake/cmake)
[0.967s] -- Found Python3: /miniconda/bin/python3 (found version "3.13.11") found components: Interpreter 
[1.073s] -- Override CMake install command with custom implementation using symlinks instead of copying resources
[1.255s] -- Found rclcpp: 28.1.16 (/opt/ros/jazzy/share/rclcpp/cmake)
[1.403s] -- Found rosidl_generator_c: 4.6.7 (/opt/ros/jazzy/share/rosidl_generator_c/cmake)
[1.465s] -- Found rosidl_generator_cpp: 4.6.7 (/opt/ros/jazzy/share/rosidl_generator_cpp/cmake)
[1.527s] -- Using all available rosidl_typesupport_c: rosidl_typesupport_fastrtps_c;rosidl_typesupport_introspection_c
[1.594s] -- Using all available rosidl_typesupport_cpp: rosidl_typesupport_fastrtps_cpp;rosidl_typesupport_introspection_cpp
[1.849s] -- Found rmw_implementation_cmake: 7.3.3 (/opt/ros/jazzy/share/rmw_implementation_cmake/cmake)
[1.861s] -- Found rmw_fastrtps_cpp: 8.4.3 (/opt/ros/jazzy/share/rmw_fastrtps_cpp/cmake)
[2.047s] -- Found OpenSSL: /usr/lib/x86_64-linux-gnu/libcrypto.so (found version "3.0.13")  
[2.088s] -- Found FastRTPS: /opt/ros/jazzy/include (Required is at least version "2.13") 
[2.131s] -- Using RMW implementation 'rmw_fastrtps_cpp' as default
[2.329s] -- Found sensor_msgs: 5.3.6 (/opt/ros/jazzy/share/sensor_msgs/cmake)
[2.442s] -- Found cv_bridge: 4.1.0 (/opt/ros/jazzy/share/cv_bridge/cmake)
[2.466s] -- Found OpenCV: /usr (found version "4.6.0") 
[2.629s] -- Configuring done (2.6s)
[2.716s] -- Generating done (0.1s)
[2.738s] -- Build files have been written to: /home/ubuntu/robot_ws_data/build/kitti_image_publisher
[2.763s] Invoked command in '/home/ubuntu/robot_ws_data/build/kitti_image_publisher' returned '0': CMAKE_PREFIX_PATH=${CMAKE_PREFIX_PATH}:/opt/ros/jazzy CONDA_PROMPT_MODIFIER=(base) DEBUGINFOD_URLS=https://debuginfod.ubuntu.com /usr/bin/cmake /home/ubuntu/robot_ws_data/src/kitti_image_publisher -DCMAKE_EXPORT_COMPILE_COMMANDS=ON -DAMENT_CMAKE_SYMLINK_INSTALL=1 -DCMAKE_INSTALL_PREFIX=/home/ubuntu/robot_ws_data/install/kitti_image_publisher
[2.765s] Invoking command in '/home/ubuntu/robot_ws_data/build/kitti_image_publisher': CMAKE_PREFIX_PATH=${CMAKE_PREFIX_PATH}:/opt/ros/jazzy CONDA_PROMPT_MODIFIER=(base) DEBUGINFOD_URLS=https://debuginfod.ubuntu.com /usr/bin/cmake --build /home/ubuntu/robot_ws_data/build/kitti_image_publisher -- -j28 -l28
[2.891s] [ 50%] [32mBuilding CXX object CMakeFiles/kitti_image_publisher_node.dir/src/kitti_image_publisher_node.cpp.o[0m
[10.548s] [100%] [32m[1mLinking CXX executable kitti_image_publisher_node[0m
[11.482s] [100%] Built target kitti_image_publisher_node
[11.501s] Invoked command in '/home/ubuntu/robot_ws_data/build/kitti_image_publisher' returned '0': CMAKE_PREFIX_PATH=${CMAKE_PREFIX_PATH}:/opt/ros/jazzy CONDA_PROMPT_MODIFIER=(base) DEBUGINFOD_URLS=https://debuginfod.ubuntu.com /usr/bin/cmake --build /home/ubuntu/robot_ws_data/build/kitti_image_publisher -- -j28 -l28
[11.516s] Invoking command in '/home/ubuntu/robot_ws_data/build/kitti_image_publisher': CMAKE_PREFIX_PATH=${CMAKE_PREFIX_PATH}:/opt/ros/jazzy CONDA_PROMPT_MODIFIER=(base) DEBUGINFOD_URLS=https://debuginfod.ubuntu.com /usr/bin/cmake --install /home/ubuntu/robot_ws_data/build/kitti_image_publisher
[11.526s] -- Install configuration: ""
[11.527s] -- Execute custom install script
[11.528s] -- Symlinking: /home/ubuntu/robot_ws_data/install/kitti_image_publisher/lib/kitti_image_publisher/kitti_image_publisher_node
[11.547s] -- Symlinking: /home/ubuntu/robot_ws_data/install/kitti_image_publisher/share/ament_index/resource_index/package_run_dependencies/kitti_image_publisher
[11.567s] -- Symlinking: /home/ubuntu/robot_ws_data/install/kitti_image_publisher/share/ament_index/resource_index/parent_prefix_path/kitti_image_publisher
[11.582s] -- Symlinking: /home/ubuntu/robot_ws_data/install/kitti_image_publisher/share/kitti_image_publisher/environment/ament_prefix_path.sh
[11.596s] -- Symlinking: /home/ubuntu/robot_ws_data/install/kitti_image_publisher/share/kitti_image_publisher/environment/ament_prefix_path.dsv
[11.610s] -- Symlinking: /home/ubuntu/robot_ws_data/install/kitti_image_publisher/share/kitti_image_publisher/environment/path.sh
[11.622s] -- Symlinking: /home/ubuntu/robot_ws_data/install/kitti_image_publisher/share/kitti_image_publisher/environment/path.dsv
[11.636s] -- Symlinking: /home/ubuntu/robot_ws_data/install/kitti_image_publisher/share/kitti_image_publisher/local_setup.bash
[11.649s] -- Symlinking: /home/ubuntu/robot_ws_data/install/kitti_image_publisher/share/kitti_image_publisher/local_setup.sh
[11.662s] -- Symlinking: /home/ubuntu/robot_ws_data/install/kitti_image_publisher/share/kitti_image_publisher/local_setup.zsh
[11.674s] -- Symlinking: /home/ubuntu/robot_ws_data/install/kitti_image_publisher/share/kitti_image_publisher/local_setup.dsv
[11.687s] -- Symlinking: /home/ubuntu/robot_ws_data/install/kitti_image_publisher/share/kitti_image_publisher/package.dsv
[11.704s] -- Symlinking: /home/ubuntu/robot_ws_data/install/kitti_image_publisher/share/ament_index/resource_index/packages/kitti_image_publisher
[11.718s] -- Symlinking: /home/ubuntu/robot_ws_data/install/kitti_image_publisher/share/kitti_image_publisher/cmake/kitti_image_publisherConfig.cmake
[11.738s] -- Symlinking: /home/ubuntu/robot_ws_data/install/kitti_image_publisher/share/kitti_image_publisher/cmake/kitti_image_publisherConfig-version.cmake
[11.750s] -- Symlinking: /home/ubuntu/robot_ws_data/install/kitti_image_publisher/share/kitti_image_publisher/package.xml
[11.767s] Invoked command in '/home/ubuntu/robot_ws_data/build/kitti_image_publisher' returned '0': CMAKE_PREFIX_PATH=${CMAKE_PREFIX_PATH}:/opt/ros/jazzy CONDA_PROMPT_MODIFIER=(base) DEBUGINFOD_URLS=https://debuginfod.ubuntu.com /usr/bin/cmake --install /home/ubuntu/robot_ws_data/build/kitti_image_publisher
