-- Found ament_cmake: 2.5.5 (/opt/ros/jazzy/share/ament_cmake/cmake)
-- Override CMake install command with custom implementation using symlinks instead of copying resources
-- Found rclcpp: 28.1.16 (/opt/ros/jazzy/share/rclcpp/cmake)
-- Found rosidl_generator_c: 4.6.7 (/opt/ros/jazzy/share/rosidl_generator_c/cmake)
-- Found rosidl_generator_cpp: 4.6.7 (/opt/ros/jazzy/share/rosidl_generator_cpp/cmake)
-- Using all available rosidl_typesupport_c: rosidl_typesupport_fastrtps_c;rosidl_typesupport_introspection_c
-- Using all available rosidl_typesupport_cpp: rosidl_typesupport_fastrtps_cpp;rosidl_typesupport_introspection_cpp
-- Found rmw_implementation_cmake: 7.3.3 (/opt/ros/jazzy/share/rmw_implementation_cmake/cmake)
-- Found rmw_fastrtps_cpp: 8.4.3 (/opt/ros/jazzy/share/rmw_fastrtps_cpp/cmake)
-- Using RMW implementation 'rmw_fastrtps_cpp' as default
-- Found sensor_msgs: 5.3.6 (/opt/ros/jazzy/share/sensor_msgs/cmake)
-- Found cv_bridge: 4.1.0 (/opt/ros/jazzy/share/cv_bridge/cmake)
-- Found ament_lint_auto: 0.17.4 (/opt/ros/jazzy/share/ament_lint_auto/cmake)
-- Configuring done (1.1s)
-- Generating done (0.0s)
-- Build files have been written to: /home/ubuntu/robot_ws_data/build/customdata_publisher
[100%] Built target customdata_publisher_node
-- Install configuration: ""
-- Execute custom install script
-- Up-to-date symlink: /home/ubuntu/robot_ws_data/install/customdata_publisher/lib/customdata_publisher/customdata_publisher_node
-- Up-to-date symlink: /home/ubuntu/robot_ws_data/install/customdata_publisher/share/customdata_publisher/launch/customdata_launch.py
-- Up-to-date symlink: /home/ubuntu/robot_ws_data/install/customdata_publisher/share/ament_index/resource_index/package_run_dependencies/customdata_publisher
-- Up-to-date symlink: /home/ubuntu/robot_ws_data/install/customdata_publisher/share/ament_index/resource_index/parent_prefix_path/customdata_publisher
-- Up-to-date symlink: /home/ubuntu/robot_ws_data/install/customdata_publisher/share/customdata_publisher/environment/ament_prefix_path.sh
-- Up-to-date symlink: /home/ubuntu/robot_ws_data/install/customdata_publisher/share/customdata_publisher/environment/ament_prefix_path.dsv
-- Up-to-date symlink: /home/ubuntu/robot_ws_data/install/customdata_publisher/share/customdata_publisher/environment/path.sh
-- Up-to-date symlink: /home/ubuntu/robot_ws_data/install/customdata_publisher/share/customdata_publisher/environment/path.dsv
-- Up-to-date symlink: /home/ubuntu/robot_ws_data/install/customdata_publisher/share/customdata_publisher/local_setup.bash
-- Up-to-date symlink: /home/ubuntu/robot_ws_data/install/customdata_publisher/share/customdata_publisher/local_setup.sh
-- Up-to-date symlink: /home/ubuntu/robot_ws_data/install/customdata_publisher/share/customdata_publisher/local_setup.zsh
-- Up-to-date symlink: /home/ubuntu/robot_ws_data/install/customdata_publisher/share/customdata_publisher/local_setup.dsv
-- Symlinking: /home/ubuntu/robot_ws_data/install/customdata_publisher/share/customdata_publisher/package.dsv
-- Up-to-date symlink: /home/ubuntu/robot_ws_data/install/customdata_publisher/share/ament_index/resource_index/packages/customdata_publisher
-- Up-to-date symlink: /home/ubuntu/robot_ws_data/install/customdata_publisher/share/customdata_publisher/cmake/customdata_publisherConfig.cmake
-- Up-to-date symlink: /home/ubuntu/robot_ws_data/install/customdata_publisher/share/customdata_publisher/cmake/customdata_publisherConfig-version.cmake
-- Up-to-date symlink: /home/ubuntu/robot_ws_data/install/customdata_publisher/share/customdata_publisher/package.xml
