[0.058s] Invoking command in '/home/ubuntu/robot_ws_data/build/customdata_publisher': CMAKE_PREFIX_PATH=${CMAKE_PREFIX_PATH}:/opt/ros/jazzy CONDA_PROMPT_MODIFIER=(base) DEBUGINFOD_URLS=https://debuginfod.ubuntu.com /usr/bin/cmake /home/ubuntu/robot_ws_data/src/customdata_publisher -DCMAKE_EXPORT_COMPILE_COMMANDS=ON -DCMAKE_INSTALL_PREFIX=/home/ubuntu/robot_ws_data/install/customdata_publisher
[0.106s] -- Found ament_cmake: 2.5.5 (/opt/ros/jazzy/share/ament_cmake/cmake)
[0.435s] -- Override CMake install command with custom implementation using symlinks instead of copying resources
[0.469s] -- Found rclcpp: 28.1.16 (/opt/ros/jazzy/share/rclcpp/cmake)
[0.527s] -- Found rosidl_generator_c: 4.6.7 (/opt/ros/jazzy/share/rosidl_generator_c/cmake)
[0.538s] -- Found rosidl_generator_cpp: 4.6.7 (/opt/ros/jazzy/share/rosidl_generator_cpp/cmake)
[0.550s] -- Using all available rosidl_typesupport_c: rosidl_typesupport_fastrtps_c;rosidl_typesupport_introspection_c
[0.568s] -- Using all available rosidl_typesupport_cpp: rosidl_typesupport_fastrtps_cpp;rosidl_typesupport_introspection_cpp
[0.645s] -- Found rmw_implementation_cmake: 7.3.3 (/opt/ros/jazzy/share/rmw_implementation_cmake/cmake)
[0.646s] -- Found rmw_fastrtps_cpp: 8.4.3 (/opt/ros/jazzy/share/rmw_fastrtps_cpp/cmake)
[0.762s] -- Using RMW implementation 'rmw_fastrtps_cpp' as default
[0.881s] -- Found sensor_msgs: 5.3.6 (/opt/ros/jazzy/share/sensor_msgs/cmake)
[0.961s] -- Found cv_bridge: 4.1.0 (/opt/ros/jazzy/share/cv_bridge/cmake)
[0.979s] -- Found ament_lint_auto: 0.17.4 (/opt/ros/jazzy/share/ament_lint_auto/cmake)
[1.146s] -- Configuring done (1.1s)
[1.205s] -- Generating done (0.0s)
[1.229s] -- Build files have been written to: /home/ubuntu/robot_ws_data/build/customdata_publisher
[1.251s] Invoked command in '/home/ubuntu/robot_ws_data/build/customdata_publisher' returned '0': CMAKE_PREFIX_PATH=${CMAKE_PREFIX_PATH}:/opt/ros/jazzy CONDA_PROMPT_MODIFIER=(base) DEBUGINFOD_URLS=https://debuginfod.ubuntu.com /usr/bin/cmake /home/ubuntu/robot_ws_data/src/customdata_publisher -DCMAKE_EXPORT_COMPILE_COMMANDS=ON -DCMAKE_INSTALL_PREFIX=/home/ubuntu/robot_ws_data/install/customdata_publisher
[1.256s] Invoking command in '/home/ubuntu/robot_ws_data/build/customdata_publisher': CMAKE_PREFIX_PATH=${CMAKE_PREFIX_PATH}:/opt/ros/jazzy CONDA_PROMPT_MODIFIER=(base) DEBUGINFOD_URLS=https://debuginfod.ubuntu.com /usr/bin/cmake --build /home/ubuntu/robot_ws_data/build/customdata_publisher -- -j28 -l28
[1.579s] [100%] Built target customdata_publisher_node
[1.612s] Invoked command in '/home/ubuntu/robot_ws_data/build/customdata_publisher' returned '0': CMAKE_PREFIX_PATH=${CMAKE_PREFIX_PATH}:/opt/ros/jazzy CONDA_PROMPT_MODIFIER=(base) DEBUGINFOD_URLS=https://debuginfod.ubuntu.com /usr/bin/cmake --build /home/ubuntu/robot_ws_data/build/customdata_publisher -- -j28 -l28
[1.639s] Invoking command in '/home/ubuntu/robot_ws_data/build/customdata_publisher': CMAKE_PREFIX_PATH=${CMAKE_PREFIX_PATH}:/opt/ros/jazzy CONDA_PROMPT_MODIFIER=(base) DEBUGINFOD_URLS=https://debuginfod.ubuntu.com /usr/bin/cmake --install /home/ubuntu/robot_ws_data/build/customdata_publisher
[1.660s] -- Install configuration: ""
[1.660s] -- Execute custom install script
[1.661s] -- Up-to-date symlink: /home/ubuntu/robot_ws_data/install/customdata_publisher/lib/customdata_publisher/customdata_publisher_node
[1.663s] -- Up-to-date symlink: /home/ubuntu/robot_ws_data/install/customdata_publisher/share/customdata_publisher/launch/customdata_launch.py
[1.664s] -- Up-to-date symlink: /home/ubuntu/robot_ws_data/install/customdata_publisher/share/ament_index/resource_index/package_run_dependencies/customdata_publisher
[1.665s] -- Up-to-date symlink: /home/ubuntu/robot_ws_data/install/customdata_publisher/share/ament_index/resource_index/parent_prefix_path/customdata_publisher
[1.665s] -- Up-to-date symlink: /home/ubuntu/robot_ws_data/install/customdata_publisher/share/customdata_publisher/environment/ament_prefix_path.sh
[1.666s] -- Up-to-date symlink: /home/ubuntu/robot_ws_data/install/customdata_publisher/share/customdata_publisher/environment/ament_prefix_path.dsv
[1.667s] -- Up-to-date symlink: /home/ubuntu/robot_ws_data/install/customdata_publisher/share/customdata_publisher/environment/path.sh
[1.668s] -- Up-to-date symlink: /home/ubuntu/robot_ws_data/install/customdata_publisher/share/customdata_publisher/environment/path.dsv
[1.669s] -- Up-to-date symlink: /home/ubuntu/robot_ws_data/install/customdata_publisher/share/customdata_publisher/local_setup.bash
[1.670s] -- Up-to-date symlink: /home/ubuntu/robot_ws_data/install/customdata_publisher/share/customdata_publisher/local_setup.sh
[1.670s] -- Up-to-date symlink: /home/ubuntu/robot_ws_data/install/customdata_publisher/share/customdata_publisher/local_setup.zsh
[1.671s] -- Up-to-date symlink: /home/ubuntu/robot_ws_data/install/customdata_publisher/share/customdata_publisher/local_setup.dsv
[1.671s] -- Symlinking: /home/ubuntu/robot_ws_data/install/customdata_publisher/share/customdata_publisher/package.dsv
[1.688s] -- Up-to-date symlink: /home/ubuntu/robot_ws_data/install/customdata_publisher/share/ament_index/resource_index/packages/customdata_publisher
[1.689s] -- Up-to-date symlink: /home/ubuntu/robot_ws_data/install/customdata_publisher/share/customdata_publisher/cmake/customdata_publisherConfig.cmake
[1.690s] -- Up-to-date symlink: /home/ubuntu/robot_ws_data/install/customdata_publisher/share/customdata_publisher/cmake/customdata_publisherConfig-version.cmake
[1.690s] -- Up-to-date symlink: /home/ubuntu/robot_ws_data/install/customdata_publisher/share/customdata_publisher/package.xml
[1.696s] Invoked command in '/home/ubuntu/robot_ws_data/build/customdata_publisher' returned '0': CMAKE_PREFIX_PATH=${CMAKE_PREFIX_PATH}:/opt/ros/jazzy CONDA_PROMPT_MODIFIER=(base) DEBUGINFOD_URLS=https://debuginfod.ubuntu.com /usr/bin/cmake --install /home/ubuntu/robot_ws_data/build/customdata_publisher
