[0.047s] Invoking command in '/home/ubuntu/robot_ws_data/build/euroc_image_publisher': CMAKE_PREFIX_PATH=${CMAKE_PREFIX_PATH}:/opt/ros/jazzy CONDA_PROMPT_MODIFIER=(base) DEBUGINFOD_URLS=https://debuginfod.ubuntu.com /usr/bin/cmake /home/ubuntu/robot_ws_data/src/euroc_image_publisher -DCMAKE_EXPORT_COMPILE_COMMANDS=ON -DCMAKE_INSTALL_PREFIX=/home/ubuntu/robot_ws_data/install/euroc_image_publisher
[0.206s] -- The C compiler identification is GNU 13.3.0
[0.362s] -- The CXX compiler identification is GNU 13.3.0
[0.416s] -- Detecting C compiler ABI info
[0.680s] -- Detecting C compiler ABI info - done
[0.718s] -- Check for working C compiler: /usr/bin/cc - skipped
[0.719s] -- Detecting C compile features
[0.720s] -- Detecting C compile features - done
[0.748s] -- Detecting CXX compiler ABI info
[1.002s] -- Detecting CXX compiler ABI info - done
[1.046s] -- Check for working CXX compiler: /usr/bin/c++ - skipped
[1.047s] -- Detecting CXX compile features
[1.049s] -- Detecting CXX compile features - done
[1.074s] -- Found ament_cmake: 2.5.5 (/opt/ros/jazzy/share/ament_cmake/cmake)
[1.278s] -- Found Python3: /miniconda/bin/python3 (found version "3.13.11") found components: Interpreter 
[1.494s] -- Found rclcpp: 28.1.16 (/opt/ros/jazzy/share/rclcpp/cmake)
[1.603s] -- Found rosidl_generator_c: 4.6.7 (/opt/ros/jazzy/share/rosidl_generator_c/cmake)
[1.642s] -- Found rosidl_generator_cpp: 4.6.7 (/opt/ros/jazzy/share/rosidl_generator_cpp/cmake)
[1.700s] -- Using all available rosidl_typesupport_c: rosidl_typesupport_fastrtps_c;rosidl_typesupport_introspection_c
[1.744s] -- Using all available rosidl_typesupport_cpp: rosidl_typesupport_fastrtps_cpp;rosidl_typesupport_introspection_cpp
[2.037s] -- Found rmw_implementation_cmake: 7.3.3 (/opt/ros/jazzy/share/rmw_implementation_cmake/cmake)
[2.046s] -- Found rmw_fastrtps_cpp: 8.4.3 (/opt/ros/jazzy/share/rmw_fastrtps_cpp/cmake)
[2.316s] -- Found OpenSSL: /usr/lib/x86_64-linux-gnu/libcrypto.so (found version "3.0.13")  
[2.372s] -- Found FastRTPS: /opt/ros/jazzy/include (Required is at least version "2.13") 
[2.414s] -- Using RMW implementation 'rmw_fastrtps_cpp' as default
[2.584s] -- Found sensor_msgs: 5.3.6 (/opt/ros/jazzy/share/sensor_msgs/cmake)
[2.716s] -- Found cv_bridge: 4.1.0 (/opt/ros/jazzy/share/cv_bridge/cmake)
[2.746s] -- Found image_transport: 5.1.7 (/opt/ros/jazzy/share/image_transport/cmake)
[2.851s] -- Found OpenCV: /usr (found version "4.6.0") 
[2.872s] -- Found ament_lint_auto: 0.17.4 (/opt/ros/jazzy/share/ament_lint_auto/cmake)
[3.157s] -- Added test 'copyright' to check source files copyright and LICENSE
[3.161s] -- Added test 'cppcheck' to perform static code analysis on C / C++ code
[3.161s] -- Configured cppcheck include dirs: $<BUILD_INTERFACE:/home/ubuntu/robot_ws_data/src/euroc_image_publisher/include>
[3.162s] -- Configured cppcheck exclude dirs and/or files: 
[3.166s] -- Added test 'cpplint' to check C / C++ code against the Google style
[3.166s] -- Configured cpplint exclude dirs and/or files: 
[3.168s] -- Added test 'lint_cmake' to check CMake code style
[3.171s] -- Added test 'uncrustify' to check C / C++ code style
[3.172s] -- Configured uncrustify additional arguments: 
[3.173s] -- Added test 'xmllint' to check XML markup files
[3.179s] -- Configuring done (3.1s)
[3.224s] -- Generating done (0.0s)
[3.239s] -- Build files have been written to: /home/ubuntu/robot_ws_data/build/euroc_image_publisher
[3.256s] Invoked command in '/home/ubuntu/robot_ws_data/build/euroc_image_publisher' returned '0': CMAKE_PREFIX_PATH=${CMAKE_PREFIX_PATH}:/opt/ros/jazzy CONDA_PROMPT_MODIFIER=(base) DEBUGINFOD_URLS=https://debuginfod.ubuntu.com /usr/bin/cmake /home/ubuntu/robot_ws_data/src/euroc_image_publisher -DCMAKE_EXPORT_COMPILE_COMMANDS=ON -DCMAKE_INSTALL_PREFIX=/home/ubuntu/robot_ws_data/install/euroc_image_publisher
[3.258s] Invoking command in '/home/ubuntu/robot_ws_data/build/euroc_image_publisher': CMAKE_PREFIX_PATH=${CMAKE_PREFIX_PATH}:/opt/ros/jazzy CONDA_PROMPT_MODIFIER=(base) DEBUGINFOD_URLS=https://debuginfod.ubuntu.com /usr/bin/cmake --build /home/ubuntu/robot_ws_data/build/euroc_image_publisher -- -j28 -l28
[3.400s] [ 50%] [32mBuilding CXX object CMakeFiles/euroc_image_publisher_node.dir/src/euroc_image_publisher_node.cpp.o[0m
[11.943s] [100%] [32m[1mLinking CXX executable euroc_image_publisher_node[0m
[12.899s] [100%] Built target euroc_image_publisher_node
[12.931s] Invoked command in '/home/ubuntu/robot_ws_data/build/euroc_image_publisher' returned '0': CMAKE_PREFIX_PATH=${CMAKE_PREFIX_PATH}:/opt/ros/jazzy CONDA_PROMPT_MODIFIER=(base) DEBUGINFOD_URLS=https://debuginfod.ubuntu.com /usr/bin/cmake --build /home/ubuntu/robot_ws_data/build/euroc_image_publisher -- -j28 -l28
[12.934s] Invoking command in '/home/ubuntu/robot_ws_data/build/euroc_image_publisher': CMAKE_PREFIX_PATH=${CMAKE_PREFIX_PATH}:/opt/ros/jazzy CONDA_PROMPT_MODIFIER=(base) DEBUGINFOD_URLS=https://debuginfod.ubuntu.com /usr/bin/cmake --install /home/ubuntu/robot_ws_data/build/euroc_image_publisher
[12.952s] -- Install configuration: ""
[12.956s] -- Installing: /home/ubuntu/robot_ws_data/install/euroc_image_publisher/share/euroc_image_publisher/package.dsv
[12.961s] Invoked command in '/home/ubuntu/robot_ws_data/build/euroc_image_publisher' returned '0': CMAKE_PREFIX_PATH=${CMAKE_PREFIX_PATH}:/opt/ros/jazzy CONDA_PROMPT_MODIFIER=(base) DEBUGINFOD_URLS=https://debuginfod.ubuntu.com /usr/bin/cmake --install /home/ubuntu/robot_ws_data/build/euroc_image_publisher
