-- Found ament_cmake: 2.5.5 (/opt/ros/jazzy/share/ament_cmake/cmake)
-- Override CMake install command with custom implementation using symlinks instead of copying resources
-- Found rclcpp: 28.1.16 (/opt/ros/jazzy/share/rclcpp/cmake)
-- Found rosidl_generator_c: 4.6.7 (/opt/ros/jazzy/share/rosidl_generator_c/cmake)
-- Found rosidl_generator_cpp: 4.6.7 (/opt/ros/jazzy/share/rosidl_generator_cpp/cmake)
-- Using all available rosidl_typesupport_c: rosidl_typesupport_fastrtps_c;rosidl_typesupport_introspection_c
-- Using all available rosidl_typesupport_cpp: rosidl_typesupport_fastrtps_cpp;rosidl_typesupport_introspection_cpp
-- Found rmw_implementation_cmake: 7.3.3 (/opt/ros/jazzy/share/rmw_implementation_cmake/cmake)
-- Found rmw_fastrtps_cpp: 8.4.3 (/opt/ros/jazzy/share/rmw_fastrtps_cpp/cmake)
-- Using RMW implementation 'rmw_fastrtps_cpp' as default
-- Found cv_bridge: 4.1.0 (/opt/ros/jazzy/share/cv_bridge/cmake)
-- Found tf2_eigen: 0.36.19 (/opt/ros/jazzy/share/tf2_eigen/cmake)
-- Found nav_msgs: 5.3.6 (/opt/ros/jazzy/share/nav_msgs/cmake)
-- Found visualization_msgs: 5.3.6 (/opt/ros/jazzy/share/visualization_msgs/cmake)
-- Found ament_lint_auto: 0.17.4 (/opt/ros/jazzy/share/ament_lint_auto/cmake)
-- Configuring done (1.3s)
-- Generating done (0.1s)
-- Build files have been written to: /home/ubuntu/robot_ws_data/build/ubicoders_svo
[ 11%] Building CXX object CMakeFiles/sv_lib.dir/src/stereo_geometry.cpp.o
[ 22%] Building CXX object CMakeFiles/sv_lib.dir/src/svo_node.cpp.o
[ 33%] Building CXX object CMakeFiles/sv_lib.dir/src/backend.cpp.o
[ 44%] Building CXX object CMakeFiles/sv_lib.dir/src/frontend.cpp.o
[ 55%] Building CXX object CMakeFiles/sv_lib.dir/src/viewer.cpp.o
[ 66%] Linking CXX static library libsv_lib.a
[ 77%] Built target sv_lib
[ 88%] Building CXX object CMakeFiles/ubicoders_svo.dir/executables/svo_main.cpp.o
[100%] Linking CXX executable ubicoders_svo
[100%] Built target ubicoders_svo
-- Install configuration: ""
-- Execute custom install script
-- Up-to-date symlink: /home/ubuntu/robot_ws_data/install/ubicoders_svo/lib/ubicoders_svo/ubicoders_svo
-- Up-to-date symlink: /home/ubuntu/robot_ws_data/install/ubicoders_svo/share/ubicoders_svo/launch/slam.launch.py
-- Up-to-date symlink: /home/ubuntu/robot_ws_data/install/ubicoders_svo/share/ament_index/resource_index/package_run_dependencies/ubicoders_svo
-- Up-to-date symlink: /home/ubuntu/robot_ws_data/install/ubicoders_svo/share/ament_index/resource_index/parent_prefix_path/ubicoders_svo
-- Up-to-date symlink: /home/ubuntu/robot_ws_data/install/ubicoders_svo/share/ubicoders_svo/environment/ament_prefix_path.sh
-- Up-to-date symlink: /home/ubuntu/robot_ws_data/install/ubicoders_svo/share/ubicoders_svo/environment/ament_prefix_path.dsv
-- Up-to-date symlink: /home/ubuntu/robot_ws_data/install/ubicoders_svo/share/ubicoders_svo/environment/path.sh
-- Up-to-date symlink: /home/ubuntu/robot_ws_data/install/ubicoders_svo/share/ubicoders_svo/environment/path.dsv
-- Up-to-date symlink: /home/ubuntu/robot_ws_data/install/ubicoders_svo/share/ubicoders_svo/local_setup.bash
-- Up-to-date symlink: /home/ubuntu/robot_ws_data/install/ubicoders_svo/share/ubicoders_svo/local_setup.sh
-- Up-to-date symlink: /home/ubuntu/robot_ws_data/install/ubicoders_svo/share/ubicoders_svo/local_setup.zsh
-- Up-to-date symlink: /home/ubuntu/robot_ws_data/install/ubicoders_svo/share/ubicoders_svo/local_setup.dsv
-- Symlinking: /home/ubuntu/robot_ws_data/install/ubicoders_svo/share/ubicoders_svo/package.dsv
-- Up-to-date symlink: /home/ubuntu/robot_ws_data/install/ubicoders_svo/share/ament_index/resource_index/packages/ubicoders_svo
-- Up-to-date symlink: /home/ubuntu/robot_ws_data/install/ubicoders_svo/share/ubicoders_svo/cmake/ubicoders_svoConfig.cmake
-- Up-to-date symlink: /home/ubuntu/robot_ws_data/install/ubicoders_svo/share/ubicoders_svo/cmake/ubicoders_svoConfig-version.cmake
-- Up-to-date symlink: /home/ubuntu/robot_ws_data/install/ubicoders_svo/share/ubicoders_svo/package.xml
