[0.022s] Invoking command in '/home/ubuntu/robot_ws_data/build/ubicoders_svo': CMAKE_PREFIX_PATH=${CMAKE_PREFIX_PATH}:/opt/ros/jazzy CONDA_PROMPT_MODIFIER=(base) DEBUGINFOD_URLS=https://debuginfod.ubuntu.com /usr/bin/cmake /home/ubuntu/robot_ws_data/src/ubicoders_svo -DAMENT_CMAKE_SYMLINK_INSTALL=1 -DCMAKE_INSTALL_PREFIX=/home/ubuntu/robot_ws_data/install/ubicoders_svo
[0.066s] -- Found ament_cmake: 2.5.5 (/opt/ros/jazzy/share/ament_cmake/cmake)
[0.455s] -- Override CMake install command with custom implementation using symlinks instead of copying resources
[0.489s] -- Found rclcpp: 28.1.16 (/opt/ros/jazzy/share/rclcpp/cmake)
[0.544s] -- Found rosidl_generator_c: 4.6.7 (/opt/ros/jazzy/share/rosidl_generator_c/cmake)
[0.554s] -- Found rosidl_generator_cpp: 4.6.7 (/opt/ros/jazzy/share/rosidl_generator_cpp/cmake)
[0.568s] -- Using all available rosidl_typesupport_c: rosidl_typesupport_fastrtps_c;rosidl_typesupport_introspection_c
[0.584s] -- Using all available rosidl_typesupport_cpp: rosidl_typesupport_fastrtps_cpp;rosidl_typesupport_introspection_cpp
[0.652s] -- Found rmw_implementation_cmake: 7.3.3 (/opt/ros/jazzy/share/rmw_implementation_cmake/cmake)
[0.654s] -- Found rmw_fastrtps_cpp: 8.4.3 (/opt/ros/jazzy/share/rmw_fastrtps_cpp/cmake)
[0.734s] -- Using RMW implementation 'rmw_fastrtps_cpp' as default
[0.813s] -- Found cv_bridge: 4.1.0 (/opt/ros/jazzy/share/cv_bridge/cmake)
[0.888s] -- Found tf2_eigen: 0.36.19 (/opt/ros/jazzy/share/tf2_eigen/cmake)
[1.085s] -- Found nav_msgs: 5.3.6 (/opt/ros/jazzy/share/nav_msgs/cmake)
[1.115s] -- Found visualization_msgs: 5.3.6 (/opt/ros/jazzy/share/visualization_msgs/cmake)
[1.165s] -- Found ament_lint_auto: 0.17.4 (/opt/ros/jazzy/share/ament_lint_auto/cmake)
[1.323s] -- Configuring done (1.3s)
[1.438s] -- Generating done (0.1s)
[1.475s] -- Build files have been written to: /home/ubuntu/robot_ws_data/build/ubicoders_svo
[1.498s] Invoked command in '/home/ubuntu/robot_ws_data/build/ubicoders_svo' returned '0': CMAKE_PREFIX_PATH=${CMAKE_PREFIX_PATH}:/opt/ros/jazzy CONDA_PROMPT_MODIFIER=(base) DEBUGINFOD_URLS=https://debuginfod.ubuntu.com /usr/bin/cmake /home/ubuntu/robot_ws_data/src/ubicoders_svo -DAMENT_CMAKE_SYMLINK_INSTALL=1 -DCMAKE_INSTALL_PREFIX=/home/ubuntu/robot_ws_data/install/ubicoders_svo
[1.502s] Invoking command in '/home/ubuntu/robot_ws_data/build/ubicoders_svo': CMAKE_PREFIX_PATH=${CMAKE_PREFIX_PATH}:/opt/ros/jazzy CONDA_PROMPT_MODIFIER=(base) DEBUGINFOD_URLS=https://debuginfod.ubuntu.com /usr/bin/cmake --build /home/ubuntu/robot_ws_data/build/ubicoders_svo -- -j28 -l28
[2.040s] [ 11%] Building CXX object CMakeFiles/sv_lib.dir/src/stereo_geometry.cpp.o
[2.046s] [ 22%] Building CXX object CMakeFiles/sv_lib.dir/src/svo_node.cpp.o
[2.047s] [ 33%] Building CXX object CMakeFiles/sv_lib.dir/src/backend.cpp.o
[2.049s] [ 44%] Building CXX object CMakeFiles/sv_lib.dir/src/frontend.cpp.o
[2.052s] [ 55%] Building CXX object CMakeFiles/sv_lib.dir/src/viewer.cpp.o
[22.933s] [ 66%] Linking CXX static library libsv_lib.a
[24.285s] [ 77%] Built target sv_lib
[24.552s] [ 88%] Building CXX object CMakeFiles/ubicoders_svo.dir/executables/svo_main.cpp.o
[35.555s] [100%] Linking CXX executable ubicoders_svo
[37.563s] [100%] Built target ubicoders_svo
[37.596s] Invoked command in '/home/ubuntu/robot_ws_data/build/ubicoders_svo' returned '0': CMAKE_PREFIX_PATH=${CMAKE_PREFIX_PATH}:/opt/ros/jazzy CONDA_PROMPT_MODIFIER=(base) DEBUGINFOD_URLS=https://debuginfod.ubuntu.com /usr/bin/cmake --build /home/ubuntu/robot_ws_data/build/ubicoders_svo -- -j28 -l28
[37.625s] Invoking command in '/home/ubuntu/robot_ws_data/build/ubicoders_svo': CMAKE_PREFIX_PATH=${CMAKE_PREFIX_PATH}:/opt/ros/jazzy CONDA_PROMPT_MODIFIER=(base) DEBUGINFOD_URLS=https://debuginfod.ubuntu.com /usr/bin/cmake --install /home/ubuntu/robot_ws_data/build/ubicoders_svo
[37.641s] -- Install configuration: ""
[37.642s] -- Execute custom install script
[37.643s] -- Up-to-date symlink: /home/ubuntu/robot_ws_data/install/ubicoders_svo/lib/ubicoders_svo/ubicoders_svo
[37.644s] -- Up-to-date symlink: /home/ubuntu/robot_ws_data/install/ubicoders_svo/share/ubicoders_svo/launch/slam.launch.py
[37.645s] -- Up-to-date symlink: /home/ubuntu/robot_ws_data/install/ubicoders_svo/share/ament_index/resource_index/package_run_dependencies/ubicoders_svo
[37.646s] -- Up-to-date symlink: /home/ubuntu/robot_ws_data/install/ubicoders_svo/share/ament_index/resource_index/parent_prefix_path/ubicoders_svo
[37.647s] -- Up-to-date symlink: /home/ubuntu/robot_ws_data/install/ubicoders_svo/share/ubicoders_svo/environment/ament_prefix_path.sh
[37.647s] -- Up-to-date symlink: /home/ubuntu/robot_ws_data/install/ubicoders_svo/share/ubicoders_svo/environment/ament_prefix_path.dsv
[37.648s] -- Up-to-date symlink: /home/ubuntu/robot_ws_data/install/ubicoders_svo/share/ubicoders_svo/environment/path.sh
[37.649s] -- Up-to-date symlink: /home/ubuntu/robot_ws_data/install/ubicoders_svo/share/ubicoders_svo/environment/path.dsv
[37.649s] -- Up-to-date symlink: /home/ubuntu/robot_ws_data/install/ubicoders_svo/share/ubicoders_svo/local_setup.bash
[37.650s] -- Up-to-date symlink: /home/ubuntu/robot_ws_data/install/ubicoders_svo/share/ubicoders_svo/local_setup.sh
[37.651s] -- Up-to-date symlink: /home/ubuntu/robot_ws_data/install/ubicoders_svo/share/ubicoders_svo/local_setup.zsh
[37.651s] -- Up-to-date symlink: /home/ubuntu/robot_ws_data/install/ubicoders_svo/share/ubicoders_svo/local_setup.dsv
[37.652s] -- Symlinking: /home/ubuntu/robot_ws_data/install/ubicoders_svo/share/ubicoders_svo/package.dsv
[37.680s] -- Up-to-date symlink: /home/ubuntu/robot_ws_data/install/ubicoders_svo/share/ament_index/resource_index/packages/ubicoders_svo
[37.681s] -- Up-to-date symlink: /home/ubuntu/robot_ws_data/install/ubicoders_svo/share/ubicoders_svo/cmake/ubicoders_svoConfig.cmake
[37.681s] -- Up-to-date symlink: /home/ubuntu/robot_ws_data/install/ubicoders_svo/share/ubicoders_svo/cmake/ubicoders_svoConfig-version.cmake
[37.682s] -- Up-to-date symlink: /home/ubuntu/robot_ws_data/install/ubicoders_svo/share/ubicoders_svo/package.xml
[37.687s] Invoked command in '/home/ubuntu/robot_ws_data/build/ubicoders_svo' returned '0': CMAKE_PREFIX_PATH=${CMAKE_PREFIX_PATH}:/opt/ros/jazzy CONDA_PROMPT_MODIFIER=(base) DEBUGINFOD_URLS=https://debuginfod.ubuntu.com /usr/bin/cmake --install /home/ubuntu/robot_ws_data/build/ubicoders_svo
