[0.027s] Invoking command in '/home/ubuntu/robot_ws_vrobots/build/ubicoders_svo': CMAKE_PREFIX_PATH=${CMAKE_PREFIX_PATH}:/opt/ros/jazzy CONDA_PROMPT_MODIFIER=(base) DEBUGINFOD_URLS=https://debuginfod.ubuntu.com /usr/bin/cmake /home/ubuntu/robot_ws_vrobots/src/ubicoders_svo -DCMAKE_EXPORT_COMPILE_COMMANDS=ON -DAMENT_CMAKE_SYMLINK_INSTALL=1 -DCMAKE_INSTALL_PREFIX=/home/ubuntu/robot_ws_vrobots/install/ubicoders_svo
[0.192s] -- The C compiler identification is GNU 13.3.0
[0.328s] -- The CXX compiler identification is GNU 13.3.0
[0.374s] -- Detecting C compiler ABI info
[0.633s] -- Detecting C compiler ABI info - done
[0.683s] -- Check for working C compiler: /usr/bin/cc - skipped
[0.684s] -- Detecting C compile features
[0.687s] -- Detecting C compile features - done
[0.717s] -- Detecting CXX compiler ABI info
[1.040s] -- Detecting CXX compiler ABI info - done
[1.079s] -- Check for working CXX compiler: /usr/bin/c++ - skipped
[1.080s] -- Detecting CXX compile features
[1.081s] -- Detecting CXX compile features - done
[1.100s] -- Found ament_cmake: 2.5.5 (/opt/ros/jazzy/share/ament_cmake/cmake)
[1.277s] -- Found Python3: /miniconda/bin/python3 (found version "3.13.11") found components: Interpreter 
[1.362s] -- Override CMake install command with custom implementation using symlinks instead of copying resources
[1.475s] -- Found rclcpp: 28.1.16 (/opt/ros/jazzy/share/rclcpp/cmake)
[1.566s] -- Found rosidl_generator_c: 4.6.7 (/opt/ros/jazzy/share/rosidl_generator_c/cmake)
[1.595s] -- Found rosidl_generator_cpp: 4.6.7 (/opt/ros/jazzy/share/rosidl_generator_cpp/cmake)
[1.627s] -- Using all available rosidl_typesupport_c: rosidl_typesupport_fastrtps_c;rosidl_typesupport_introspection_c
[1.661s] -- Using all available rosidl_typesupport_cpp: rosidl_typesupport_fastrtps_cpp;rosidl_typesupport_introspection_cpp
[1.800s] -- Found rmw_implementation_cmake: 7.3.3 (/opt/ros/jazzy/share/rmw_implementation_cmake/cmake)
[1.808s] -- Found rmw_fastrtps_cpp: 8.4.3 (/opt/ros/jazzy/share/rmw_fastrtps_cpp/cmake)
[1.989s] -- Found OpenSSL: /usr/lib/x86_64-linux-gnu/libcrypto.so (found version "3.0.13")  
[2.026s] -- Found FastRTPS: /opt/ros/jazzy/include (Required is at least version "2.13") 
[2.062s] -- Using RMW implementation 'rmw_fastrtps_cpp' as default
[2.228s] -- Found cv_bridge: 4.1.0 (/opt/ros/jazzy/share/cv_bridge/cmake)
[2.337s] -- Found tf2_eigen: 0.36.19 (/opt/ros/jazzy/share/tf2_eigen/cmake)
[2.570s] -- Found nav_msgs: 5.3.6 (/opt/ros/jazzy/share/nav_msgs/cmake)
[2.604s] -- Found visualization_msgs: 5.3.6 (/opt/ros/jazzy/share/visualization_msgs/cmake)
[2.662s] -- Found OpenGL: /usr/lib/x86_64-linux-gnu/libOpenGL.so   
[2.668s] -- Found OpenCV: /usr (found version "4.6.0") 
[2.700s] -- Found ament_lint_auto: 0.17.4 (/opt/ros/jazzy/share/ament_lint_auto/cmake)
[2.853s] -- Configuring done (2.8s)
[2.957s] -- Generating done (0.1s)
[2.990s] -- Build files have been written to: /home/ubuntu/robot_ws_vrobots/build/ubicoders_svo
[3.017s] Invoked command in '/home/ubuntu/robot_ws_vrobots/build/ubicoders_svo' returned '0': CMAKE_PREFIX_PATH=${CMAKE_PREFIX_PATH}:/opt/ros/jazzy CONDA_PROMPT_MODIFIER=(base) DEBUGINFOD_URLS=https://debuginfod.ubuntu.com /usr/bin/cmake /home/ubuntu/robot_ws_vrobots/src/ubicoders_svo -DCMAKE_EXPORT_COMPILE_COMMANDS=ON -DAMENT_CMAKE_SYMLINK_INSTALL=1 -DCMAKE_INSTALL_PREFIX=/home/ubuntu/robot_ws_vrobots/install/ubicoders_svo
[3.020s] Invoking command in '/home/ubuntu/robot_ws_vrobots/build/ubicoders_svo': CMAKE_PREFIX_PATH=${CMAKE_PREFIX_PATH}:/opt/ros/jazzy CONDA_PROMPT_MODIFIER=(base) DEBUGINFOD_URLS=https://debuginfod.ubuntu.com /usr/bin/cmake --build /home/ubuntu/robot_ws_vrobots/build/ubicoders_svo -- -j28 -l28
[3.161s] [ 11%] [32mBuilding CXX object CMakeFiles/sv_lib.dir/src/stereo_geometry.cpp.o[0m
[3.165s] [ 22%] [32mBuilding CXX object CMakeFiles/sv_lib.dir/src/svo_node.cpp.o[0m
[3.166s] [ 33%] [32mBuilding CXX object CMakeFiles/sv_lib.dir/src/frontend.cpp.o[0m
[3.167s] [ 44%] [32mBuilding CXX object CMakeFiles/sv_lib.dir/src/backend.cpp.o[0m
[3.168s] [ 55%] [32mBuilding CXX object CMakeFiles/sv_lib.dir/src/viewer.cpp.o[0m
[3.169s] [ 66%] [32mBuilding CXX object CMakeFiles/sv_lib.dir/src/map.cpp.o[0m
[28.338s] [ 77%] [32m[1mLinking CXX static library libsv_lib.a[0m
[31.303s] [ 77%] Built target sv_lib
[31.358s] [ 88%] [32mBuilding CXX object CMakeFiles/ubicoders_svo.dir/executables/svo_main.cpp.o[0m
[43.077s] [100%] [32m[1mLinking CXX executable ubicoders_svo[0m
[45.601s] [100%] Built target ubicoders_svo
[45.632s] Invoked command in '/home/ubuntu/robot_ws_vrobots/build/ubicoders_svo' returned '0': CMAKE_PREFIX_PATH=${CMAKE_PREFIX_PATH}:/opt/ros/jazzy CONDA_PROMPT_MODIFIER=(base) DEBUGINFOD_URLS=https://debuginfod.ubuntu.com /usr/bin/cmake --build /home/ubuntu/robot_ws_vrobots/build/ubicoders_svo -- -j28 -l28
[45.637s] Invoking command in '/home/ubuntu/robot_ws_vrobots/build/ubicoders_svo': CMAKE_PREFIX_PATH=${CMAKE_PREFIX_PATH}:/opt/ros/jazzy CONDA_PROMPT_MODIFIER=(base) DEBUGINFOD_URLS=https://debuginfod.ubuntu.com /usr/bin/cmake --install /home/ubuntu/robot_ws_vrobots/build/ubicoders_svo
[45.661s] -- Install configuration: ""
[45.663s] -- Execute custom install script
[45.667s] -- Symlinking: /home/ubuntu/robot_ws_vrobots/install/ubicoders_svo/lib/ubicoders_svo/ubicoders_svo
[45.698s] -- Symlinking: /home/ubuntu/robot_ws_vrobots/install/ubicoders_svo/share/ubicoders_svo/launch/slam.launch.py
[45.718s] -- Symlinking: /home/ubuntu/robot_ws_vrobots/install/ubicoders_svo/share/ament_index/resource_index/package_run_dependencies/ubicoders_svo
[45.733s] -- Symlinking: /home/ubuntu/robot_ws_vrobots/install/ubicoders_svo/share/ament_index/resource_index/parent_prefix_path/ubicoders_svo
[45.756s] -- Symlinking: /home/ubuntu/robot_ws_vrobots/install/ubicoders_svo/share/ubicoders_svo/environment/ament_prefix_path.sh
[45.771s] -- Symlinking: /home/ubuntu/robot_ws_vrobots/install/ubicoders_svo/share/ubicoders_svo/environment/ament_prefix_path.dsv
[45.796s] -- Symlinking: /home/ubuntu/robot_ws_vrobots/install/ubicoders_svo/share/ubicoders_svo/environment/path.sh
[45.826s] -- Symlinking: /home/ubuntu/robot_ws_vrobots/install/ubicoders_svo/share/ubicoders_svo/environment/path.dsv
[45.852s] -- Symlinking: /home/ubuntu/robot_ws_vrobots/install/ubicoders_svo/share/ubicoders_svo/local_setup.bash
[45.868s] -- Symlinking: /home/ubuntu/robot_ws_vrobots/install/ubicoders_svo/share/ubicoders_svo/local_setup.sh
[45.880s] -- Symlinking: /home/ubuntu/robot_ws_vrobots/install/ubicoders_svo/share/ubicoders_svo/local_setup.zsh
[45.892s] -- Symlinking: /home/ubuntu/robot_ws_vrobots/install/ubicoders_svo/share/ubicoders_svo/local_setup.dsv
[45.922s] -- Symlinking: /home/ubuntu/robot_ws_vrobots/install/ubicoders_svo/share/ubicoders_svo/package.dsv
[45.948s] -- Symlinking: /home/ubuntu/robot_ws_vrobots/install/ubicoders_svo/share/ament_index/resource_index/packages/ubicoders_svo
[45.965s] -- Symlinking: /home/ubuntu/robot_ws_vrobots/install/ubicoders_svo/share/ubicoders_svo/cmake/ubicoders_svoConfig.cmake
[45.991s] -- Symlinking: /home/ubuntu/robot_ws_vrobots/install/ubicoders_svo/share/ubicoders_svo/cmake/ubicoders_svoConfig-version.cmake
[46.022s] -- Symlinking: /home/ubuntu/robot_ws_vrobots/install/ubicoders_svo/share/ubicoders_svo/package.xml
[46.057s] Invoked command in '/home/ubuntu/robot_ws_vrobots/build/ubicoders_svo' returned '0': CMAKE_PREFIX_PATH=${CMAKE_PREFIX_PATH}:/opt/ros/jazzy CONDA_PROMPT_MODIFIER=(base) DEBUGINFOD_URLS=https://debuginfod.ubuntu.com /usr/bin/cmake --install /home/ubuntu/robot_ws_vrobots/build/ubicoders_svo
